Analysis & Synthesis report for UART
Mon Oct 11 10:24:12 2021
Quartus II 64-Bit Version 13.0.1 Build 232 06/12/2013 Service Pack 1 SJ Full Version


---------------------
; Table of Contents ;
---------------------
  1. Legal Notice
  2. Analysis & Synthesis Summary
  3. Analysis & Synthesis Settings
  4. Parallel Compilation
  5. Analysis & Synthesis Source Files Read
  6. Analysis & Synthesis Resource Usage Summary
  7. Analysis & Synthesis Resource Utilization by Entity
  8. Analysis & Synthesis IP Cores Summary
  9. General Register Statistics
 10. Parameter Settings for User Entity Instance: lpm_constant0:inst4|lpm_constant:LPM_CONSTANT_component
 11. Parameter Settings for User Entity Instance: lpm_counter0:inst|lpm_counter:LPM_COUNTER_component
 12. Parameter Settings for User Entity Instance: lpm_counter2:inst8|lpm_counter:LPM_COUNTER_component
 13. Parameter Settings for User Entity Instance: lpm_mux0:inst7|LPM_MUX:LPM_MUX_component
 14. Parameter Settings for User Entity Instance: lpm_constant1:inst3|lpm_constant:LPM_CONSTANT_component
 15. Parameter Settings for User Entity Instance: lpm_counter1:inst5|lpm_counter:LPM_COUNTER_component
 16. Parameter Settings for User Entity Instance: lpm_counter2:inst12|lpm_counter:LPM_COUNTER_component
 17. Parameter Settings for User Entity Instance: lpm_shiftreg1:inst1|lpm_shiftreg:LPM_SHIFTREG_component
 18. Parameter Settings for User Entity Instance: lpm_shiftreg0:inst20|lpm_shiftreg:LPM_SHIFTREG_component
 19. lpm_shiftreg Parameter Settings by Entity Instance
 20. Elapsed Time Per Partition
 21. Analysis & Synthesis Messages



----------------
; Legal Notice ;
----------------
Copyright (C) 1991-2013 Altera Corporation
Your use of Altera Corporation's design tools, logic functions 
and other software and tools, and its AMPP partner logic 
functions, and any output files from any of the foregoing 
(including device programming or simulation files), and any 
associated documentation or information are expressly subject 
to the terms and conditions of the Altera Program License 
Subscription Agreement, Altera MegaCore Function License 
Agreement, or other applicable license agreement, including, 
without limitation, that your use is for the sole purpose of 
programming logic devices manufactured by Altera and sold by 
Altera or its authorized distributors.  Please refer to the 
applicable agreement for further details.



+---------------------------------------------------------------------------------------+
; Analysis & Synthesis Summary                                                          ;
+------------------------------------+--------------------------------------------------+
; Analysis & Synthesis Status        ; Successful - Mon Oct 11 10:24:12 2021            ;
; Quartus II 64-Bit Version          ; 13.0.1 Build 232 06/12/2013 SP 1 SJ Full Version ;
; Revision Name                      ; UART                                             ;
; Top-level Entity Name              ; UART                                             ;
; Family                             ; Cyclone II                                       ;
; Total logic elements               ; 94                                               ;
;     Total combinational functions  ; 75                                               ;
;     Dedicated logic registers      ; 60                                               ;
; Total registers                    ; 60                                               ;
; Total pins                         ; 37                                               ;
; Total virtual pins                 ; 0                                                ;
; Total memory bits                  ; 0                                                ;
; Embedded Multiplier 9-bit elements ; 0                                                ;
; Total PLLs                         ; 0                                                ;
+------------------------------------+--------------------------------------------------+


+----------------------------------------------------------------------------------------------------------------------+
; Analysis & Synthesis Settings                                                                                        ;
+----------------------------------------------------------------------------+--------------------+--------------------+
; Option                                                                     ; Setting            ; Default Value      ;
+----------------------------------------------------------------------------+--------------------+--------------------+
; Device                                                                     ; EP2C5Q208C8        ;                    ;
; Top-level entity name                                                      ; UART               ; UART               ;
; Family name                                                                ; Cyclone II         ; Cyclone IV GX      ;
; Use smart compilation                                                      ; Off                ; Off                ;
; Enable parallel Assembler and TimeQuest Timing Analyzer during compilation ; On                 ; On                 ;
; Enable compact report table                                                ; Off                ; Off                ;
; Restructure Multiplexers                                                   ; Auto               ; Auto               ;
; Create Debugging Nodes for IP Cores                                        ; Off                ; Off                ;
; Preserve fewer node names                                                  ; On                 ; On                 ;
; Disable OpenCore Plus hardware evaluation                                  ; Off                ; Off                ;
; Verilog Version                                                            ; Verilog_2001       ; Verilog_2001       ;
; VHDL Version                                                               ; VHDL_1993          ; VHDL_1993          ;
; State Machine Processing                                                   ; Auto               ; Auto               ;
; Safe State Machine                                                         ; Off                ; Off                ;
; Extract Verilog State Machines                                             ; On                 ; On                 ;
; Extract VHDL State Machines                                                ; On                 ; On                 ;
; Ignore Verilog initial constructs                                          ; Off                ; Off                ;
; Iteration limit for constant Verilog loops                                 ; 5000               ; 5000               ;
; Iteration limit for non-constant Verilog loops                             ; 250                ; 250                ;
; Add Pass-Through Logic to Inferred RAMs                                    ; On                 ; On                 ;
; Infer RAMs from Raw Logic                                                  ; On                 ; On                 ;
; Parallel Synthesis                                                         ; On                 ; On                 ;
; DSP Block Balancing                                                        ; Auto               ; Auto               ;
; NOT Gate Push-Back                                                         ; On                 ; On                 ;
; Power-Up Don't Care                                                        ; On                 ; On                 ;
; Remove Redundant Logic Cells                                               ; Off                ; Off                ;
; Remove Duplicate Registers                                                 ; On                 ; On                 ;
; Ignore CARRY Buffers                                                       ; Off                ; Off                ;
; Ignore CASCADE Buffers                                                     ; Off                ; Off                ;
; Ignore GLOBAL Buffers                                                      ; Off                ; Off                ;
; Ignore ROW GLOBAL Buffers                                                  ; Off                ; Off                ;
; Ignore LCELL Buffers                                                       ; Off                ; Off                ;
; Ignore SOFT Buffers                                                        ; On                 ; On                 ;
; Limit AHDL Integers to 32 Bits                                             ; Off                ; Off                ;
; Optimization Technique                                                     ; Balanced           ; Balanced           ;
; Carry Chain Length                                                         ; 70                 ; 70                 ;
; Auto Carry Chains                                                          ; On                 ; On                 ;
; Auto Open-Drain Pins                                                       ; On                 ; On                 ;
; Perform WYSIWYG Primitive Resynthesis                                      ; Off                ; Off                ;
; Auto ROM Replacement                                                       ; On                 ; On                 ;
; Auto RAM Replacement                                                       ; On                 ; On                 ;
; Auto Shift Register Replacement                                            ; Auto               ; Auto               ;
; Allow Shift Register Merging across Hierarchies                            ; Auto               ; Auto               ;
; Auto Clock Enable Replacement                                              ; On                 ; On                 ;
; Strict RAM Replacement                                                     ; Off                ; Off                ;
; Allow Synchronous Control Signals                                          ; On                 ; On                 ;
; Force Use of Synchronous Clear Signals                                     ; Off                ; Off                ;
; Auto RAM to Logic Cell Conversion                                          ; Off                ; Off                ;
; Auto Resource Sharing                                                      ; Off                ; Off                ;
; Allow Any RAM Size For Recognition                                         ; Off                ; Off                ;
; Allow Any ROM Size For Recognition                                         ; Off                ; Off                ;
; Allow Any Shift Register Size For Recognition                              ; Off                ; Off                ;
; Use LogicLock Constraints during Resource Balancing                        ; On                 ; On                 ;
; Ignore translate_off and synthesis_off directives                          ; Off                ; Off                ;
; Timing-Driven Synthesis                                                    ; Off                ; Off                ;
; Report Parameter Settings                                                  ; On                 ; On                 ;
; Report Source Assignments                                                  ; On                 ; On                 ;
; Report Connectivity Checks                                                 ; On                 ; On                 ;
; Ignore Maximum Fan-Out Assignments                                         ; Off                ; Off                ;
; Synchronization Register Chain Length                                      ; 2                  ; 2                  ;
; PowerPlay Power Optimization                                               ; Normal compilation ; Normal compilation ;
; HDL message level                                                          ; Level2             ; Level2             ;
; Suppress Register Optimization Related Messages                            ; Off                ; Off                ;
; Number of Removed Registers Reported in Synthesis Report                   ; 5000               ; 5000               ;
; Number of Swept Nodes Reported in Synthesis Report                         ; 5000               ; 5000               ;
; Number of Inverted Registers Reported in Synthesis Report                  ; 100                ; 100                ;
; Clock MUX Protection                                                       ; On                 ; On                 ;
; Auto Gated Clock Conversion                                                ; Off                ; Off                ;
; Block Design Naming                                                        ; Auto               ; Auto               ;
; SDC constraint protection                                                  ; Off                ; Off                ;
; Synthesis Effort                                                           ; Auto               ; Auto               ;
; Shift Register Replacement - Allow Asynchronous Clear Signal               ; On                 ; On                 ;
; Pre-Mapping Resynthesis Optimization                                       ; Off                ; Off                ;
; Analysis & Synthesis Message Level                                         ; Medium             ; Medium             ;
; Disable Register Merging Across Hierarchies                                ; Auto               ; Auto               ;
; Resource Aware Inference For Block RAM                                     ; On                 ; On                 ;
; Synthesis Seed                                                             ; 1                  ; 1                  ;
+----------------------------------------------------------------------------+--------------------+--------------------+


+------------------------------------------+
; Parallel Compilation                     ;
+----------------------------+-------------+
; Processors                 ; Number      ;
+----------------------------+-------------+
; Number detected on machine ; 2           ;
; Maximum allowed            ; 2           ;
;                            ;             ;
; Average used               ; 1.00        ;
; Maximum used               ; 1           ;
;                            ;             ;
; Usage by Processor         ; % Time Used ;
;     Processor 1            ; 100.0%      ;
;     Processor 2            ;   0.0%      ;
+----------------------------+-------------+


+-----------------------------------------------------------------------------------------------------------------------------------------------------------------------------------+
; Analysis & Synthesis Source Files Read                                                                                                                                            ;
+----------------------------------+-----------------+------------------------------------+-------------------------------------------------------------------------------+---------+
; File Name with User-Entered Path ; Used in Netlist ; File Type                          ; File Name with Absolute Path                                                  ; Library ;
+----------------------------------+-----------------+------------------------------------+-------------------------------------------------------------------------------+---------+
; XOOR.bdf                         ; yes             ; User Block Diagram/Schematic File  ; G:/uart/XOOR.bdf                                                              ;         ;
; lpm_counter0.vhd                 ; yes             ; User Wizard-Generated File         ; G:/uart/lpm_counter0.vhd                                                      ;         ;
; lpm_constant0.vhd                ; yes             ; User Wizard-Generated File         ; G:/uart/lpm_constant0.vhd                                                     ;         ;
; UART.bdf                         ; yes             ; User Block Diagram/Schematic File  ; G:/uart/UART.bdf                                                              ;         ;
; lpm_counter1.vhd                 ; yes             ; User Wizard-Generated File         ; G:/uart/lpm_counter1.vhd                                                      ;         ;
; lpm_mux0.vhd                     ; yes             ; User Wizard-Generated File         ; G:/uart/lpm_mux0.vhd                                                          ;         ;
; lpm_counter2.vhd                 ; yes             ; User Wizard-Generated File         ; G:/uart/lpm_counter2.vhd                                                      ;         ;
; lpm_constant1.vhd                ; yes             ; User Wizard-Generated File         ; G:/uart/lpm_constant1.vhd                                                     ;         ;
; lpm_shiftreg0.vhd                ; yes             ; User Wizard-Generated File         ; G:/uart/lpm_shiftreg0.vhd                                                     ;         ;
; lpm_shiftreg1.vhd                ; yes             ; User Wizard-Generated File         ; G:/uart/lpm_shiftreg1.vhd                                                     ;         ;
; lpm_constant.tdf                 ; yes             ; Megafunction                       ; e:/cad/altera/13.0sp1/quartus/libraries/megafunctions/lpm_constant.tdf        ;         ;
; lpm_counter.tdf                  ; yes             ; Megafunction                       ; e:/cad/altera/13.0sp1/quartus/libraries/megafunctions/lpm_counter.tdf         ;         ;
; lpm_constant.inc                 ; yes             ; Megafunction                       ; e:/cad/altera/13.0sp1/quartus/libraries/megafunctions/lpm_constant.inc        ;         ;
; lpm_decode.inc                   ; yes             ; Megafunction                       ; e:/cad/altera/13.0sp1/quartus/libraries/megafunctions/lpm_decode.inc          ;         ;
; lpm_add_sub.inc                  ; yes             ; Megafunction                       ; e:/cad/altera/13.0sp1/quartus/libraries/megafunctions/lpm_add_sub.inc         ;         ;
; cmpconst.inc                     ; yes             ; Megafunction                       ; e:/cad/altera/13.0sp1/quartus/libraries/megafunctions/cmpconst.inc            ;         ;
; lpm_compare.inc                  ; yes             ; Megafunction                       ; e:/cad/altera/13.0sp1/quartus/libraries/megafunctions/lpm_compare.inc         ;         ;
; lpm_counter.inc                  ; yes             ; Megafunction                       ; e:/cad/altera/13.0sp1/quartus/libraries/megafunctions/lpm_counter.inc         ;         ;
; dffeea.inc                       ; yes             ; Megafunction                       ; e:/cad/altera/13.0sp1/quartus/libraries/megafunctions/dffeea.inc              ;         ;
; alt_counter_stratix.inc          ; yes             ; Megafunction                       ; e:/cad/altera/13.0sp1/quartus/libraries/megafunctions/alt_counter_stratix.inc ;         ;
; aglobal130.inc                   ; yes             ; Megafunction                       ; e:/cad/altera/13.0sp1/quartus/libraries/megafunctions/aglobal130.inc          ;         ;
; db/cntr_rjj.tdf                  ; yes             ; Auto-Generated Megafunction        ; G:/uart/db/cntr_rjj.tdf                                                       ;         ;
; db/cmpr_odc.tdf                  ; yes             ; Auto-Generated Megafunction        ; G:/uart/db/cmpr_odc.tdf                                                       ;         ;
; db/cntr_ggj.tdf                  ; yes             ; Auto-Generated Megafunction        ; G:/uart/db/cntr_ggj.tdf                                                       ;         ;
; db/cmpr_ldc.tdf                  ; yes             ; Auto-Generated Megafunction        ; G:/uart/db/cmpr_ldc.tdf                                                       ;         ;
; lpm_mux.tdf                      ; yes             ; Megafunction                       ; e:/cad/altera/13.0sp1/quartus/libraries/megafunctions/lpm_mux.tdf             ;         ;
; muxlut.inc                       ; yes             ; Megafunction                       ; e:/cad/altera/13.0sp1/quartus/libraries/megafunctions/muxlut.inc              ;         ;
; bypassff.inc                     ; yes             ; Megafunction                       ; e:/cad/altera/13.0sp1/quartus/libraries/megafunctions/bypassff.inc            ;         ;
; altshift.inc                     ; yes             ; Megafunction                       ; e:/cad/altera/13.0sp1/quartus/libraries/megafunctions/altshift.inc            ;         ;
; db/mux_j4e.tdf                   ; yes             ; Auto-Generated Megafunction        ; G:/uart/db/mux_j4e.tdf                                                        ;         ;
; db/cntr_hhk.tdf                  ; yes             ; Auto-Generated Megafunction        ; G:/uart/db/cntr_hhk.tdf                                                       ;         ;
; db/cmpr_8cc.tdf                  ; yes             ; Auto-Generated Megafunction        ; G:/uart/db/cmpr_8cc.tdf                                                       ;         ;
; lpm_shiftreg.tdf                 ; yes             ; Megafunction                       ; e:/cad/altera/13.0sp1/quartus/libraries/megafunctions/lpm_shiftreg.tdf        ;         ;
+----------------------------------+-----------------+------------------------------------+-------------------------------------------------------------------------------+---------+


+-----------------------------------------------------+
; Analysis & Synthesis Resource Usage Summary         ;
+---------------------------------------------+-------+
; Resource                                    ; Usage ;
+---------------------------------------------+-------+
; Estimated Total logic elements              ; 94    ;
;                                             ;       ;
; Total combinational functions               ; 75    ;
; Logic element usage by number of LUT inputs ;       ;
;     -- 4 input functions                    ; 23    ;
;     -- 3 input functions                    ; 3     ;
;     -- <=2 input functions                  ; 49    ;
;                                             ;       ;
; Logic elements by mode                      ;       ;
;     -- normal mode                          ; 38    ;
;     -- arithmetic mode                      ; 37    ;
;                                             ;       ;
; Total registers                             ; 60    ;
;     -- Dedicated logic registers            ; 60    ;
;     -- I/O registers                        ; 0     ;
;                                             ;       ;
; I/O pins                                    ; 37    ;
; Embedded Multiplier 9-bit elements          ; 0     ;
; Maximum fan-out node                        ; inst2 ;
; Maximum fan-out                             ; 37    ;
; Total fan-out                               ; 438   ;
; Average fan-out                             ; 2.55  ;
+---------------------------------------------+-------+


+-----------------------------------------------------------------------------------------------------------------------------------------------------------------------------------------------------------------------------------------------------------------------------+
; Analysis & Synthesis Resource Utilization by Entity                                                                                                                                                                                                                         ;
+---------------------------------------------+-------------------+--------------+-------------+--------------+---------+-----------+------+--------------+----------------------------------------------------------------------------------------------------+--------------+
; Compilation Hierarchy Node                  ; LC Combinationals ; LC Registers ; Memory Bits ; DSP Elements ; DSP 9x9 ; DSP 18x18 ; Pins ; Virtual Pins ; Full Hierarchy Name                                                                                ; Library Name ;
+---------------------------------------------+-------------------+--------------+-------------+--------------+---------+-----------+------+--------------+----------------------------------------------------------------------------------------------------+--------------+
; |UART                                       ; 75 (16)           ; 60 (4)       ; 0           ; 0            ; 0       ; 0         ; 37   ; 0            ; |UART                                                                                              ; work         ;
;    |XOOR:inst24|                            ; 2 (2)             ; 0 (0)        ; 0           ; 0            ; 0       ; 0         ; 0    ; 0            ; |UART|XOOR:inst24                                                                                  ; work         ;
;    |lpm_counter0:inst|                      ; 19 (0)            ; 13 (0)       ; 0           ; 0            ; 0       ; 0         ; 0    ; 0            ; |UART|lpm_counter0:inst                                                                            ; work         ;
;       |lpm_counter:LPM_COUNTER_component|   ; 19 (0)            ; 13 (0)       ; 0           ; 0            ; 0       ; 0         ; 0    ; 0            ; |UART|lpm_counter0:inst|lpm_counter:LPM_COUNTER_component                                          ; work         ;
;          |cntr_rjj:auto_generated|          ; 19 (15)           ; 13 (13)      ; 0           ; 0            ; 0       ; 0         ; 0    ; 0            ; |UART|lpm_counter0:inst|lpm_counter:LPM_COUNTER_component|cntr_rjj:auto_generated                  ; work         ;
;             |cmpr_odc:cmpr2|                ; 4 (4)             ; 0 (0)        ; 0           ; 0            ; 0       ; 0         ; 0    ; 0            ; |UART|lpm_counter0:inst|lpm_counter:LPM_COUNTER_component|cntr_rjj:auto_generated|cmpr_odc:cmpr2   ; work         ;
;    |lpm_counter1:inst5|                     ; 7 (0)             ; 4 (0)        ; 0           ; 0            ; 0       ; 0         ; 0    ; 0            ; |UART|lpm_counter1:inst5                                                                           ; work         ;
;       |lpm_counter:LPM_COUNTER_component|   ; 7 (0)             ; 4 (0)        ; 0           ; 0            ; 0       ; 0         ; 0    ; 0            ; |UART|lpm_counter1:inst5|lpm_counter:LPM_COUNTER_component                                         ; work         ;
;          |cntr_hhk:auto_generated|          ; 7 (6)             ; 4 (4)        ; 0           ; 0            ; 0       ; 0         ; 0    ; 0            ; |UART|lpm_counter1:inst5|lpm_counter:LPM_COUNTER_component|cntr_hhk:auto_generated                 ; work         ;
;             |cmpr_8cc:cmpr2|                ; 1 (1)             ; 0 (0)        ; 0           ; 0            ; 0       ; 0         ; 0    ; 0            ; |UART|lpm_counter1:inst5|lpm_counter:LPM_COUNTER_component|cntr_hhk:auto_generated|cmpr_8cc:cmpr2  ; work         ;
;    |lpm_counter2:inst12|                    ; 13 (0)            ; 10 (0)       ; 0           ; 0            ; 0       ; 0         ; 0    ; 0            ; |UART|lpm_counter2:inst12                                                                          ; work         ;
;       |lpm_counter:LPM_COUNTER_component|   ; 13 (0)            ; 10 (0)       ; 0           ; 0            ; 0       ; 0         ; 0    ; 0            ; |UART|lpm_counter2:inst12|lpm_counter:LPM_COUNTER_component                                        ; work         ;
;          |cntr_ggj:auto_generated|          ; 13 (12)           ; 10 (10)      ; 0           ; 0            ; 0       ; 0         ; 0    ; 0            ; |UART|lpm_counter2:inst12|lpm_counter:LPM_COUNTER_component|cntr_ggj:auto_generated                ; work         ;
;             |cmpr_ldc:cmpr2|                ; 1 (1)             ; 0 (0)        ; 0           ; 0            ; 0       ; 0         ; 0    ; 0            ; |UART|lpm_counter2:inst12|lpm_counter:LPM_COUNTER_component|cntr_ggj:auto_generated|cmpr_ldc:cmpr2 ; work         ;
;    |lpm_counter2:inst8|                     ; 15 (0)            ; 10 (0)       ; 0           ; 0            ; 0       ; 0         ; 0    ; 0            ; |UART|lpm_counter2:inst8                                                                           ; work         ;
;       |lpm_counter:LPM_COUNTER_component|   ; 15 (0)            ; 10 (0)       ; 0           ; 0            ; 0       ; 0         ; 0    ; 0            ; |UART|lpm_counter2:inst8|lpm_counter:LPM_COUNTER_component                                         ; work         ;
;          |cntr_ggj:auto_generated|          ; 15 (12)           ; 10 (10)      ; 0           ; 0            ; 0       ; 0         ; 0    ; 0            ; |UART|lpm_counter2:inst8|lpm_counter:LPM_COUNTER_component|cntr_ggj:auto_generated                 ; work         ;
;             |cmpr_ldc:cmpr2|                ; 3 (3)             ; 0 (0)        ; 0           ; 0            ; 0       ; 0         ; 0    ; 0            ; |UART|lpm_counter2:inst8|lpm_counter:LPM_COUNTER_component|cntr_ggj:auto_generated|cmpr_ldc:cmpr2  ; work         ;
;    |lpm_mux0:inst7|                         ; 3 (0)             ; 0 (0)        ; 0           ; 0            ; 0       ; 0         ; 0    ; 0            ; |UART|lpm_mux0:inst7                                                                               ; work         ;
;       |lpm_mux:LPM_MUX_component|           ; 3 (0)             ; 0 (0)        ; 0           ; 0            ; 0       ; 0         ; 0    ; 0            ; |UART|lpm_mux0:inst7|lpm_mux:LPM_MUX_component                                                     ; work         ;
;          |mux_j4e:auto_generated|           ; 3 (3)             ; 0 (0)        ; 0           ; 0            ; 0       ; 0         ; 0    ; 0            ; |UART|lpm_mux0:inst7|lpm_mux:LPM_MUX_component|mux_j4e:auto_generated                              ; work         ;
;    |lpm_shiftreg0:inst20|                   ; 0 (0)             ; 11 (0)       ; 0           ; 0            ; 0       ; 0         ; 0    ; 0            ; |UART|lpm_shiftreg0:inst20                                                                         ; work         ;
;       |lpm_shiftreg:LPM_SHIFTREG_component| ; 0 (0)             ; 11 (11)      ; 0           ; 0            ; 0       ; 0         ; 0    ; 0            ; |UART|lpm_shiftreg0:inst20|lpm_shiftreg:LPM_SHIFTREG_component                                     ; work         ;
;    |lpm_shiftreg1:inst1|                    ; 0 (0)             ; 8 (0)        ; 0           ; 0            ; 0       ; 0         ; 0    ; 0            ; |UART|lpm_shiftreg1:inst1                                                                          ; work         ;
;       |lpm_shiftreg:LPM_SHIFTREG_component| ; 0 (0)             ; 8 (8)        ; 0           ; 0            ; 0       ; 0         ; 0    ; 0            ; |UART|lpm_shiftreg1:inst1|lpm_shiftreg:LPM_SHIFTREG_component                                      ; work         ;
+---------------------------------------------+-------------------+--------------+-------------+--------------+---------+-----------+------+--------------+----------------------------------------------------------------------------------------------------+--------------+
Note: For table entries with two numbers listed, the numbers in parentheses indicate the number of resources of the given type used by the specific entity alone. The numbers listed outside of parentheses indicate the total resources of the given type used by the specific entity and all of its sub-entities in the hierarchy.


+------------------------------------------------------------------------------------------------------------------------+
; Analysis & Synthesis IP Cores Summary                                                                                  ;
+--------+--------------+---------+--------------+--------------+----------------------------+---------------------------+
; Vendor ; IP Core Name ; Version ; Release Date ; License Type ; Entity Instance            ; IP Include File           ;
+--------+--------------+---------+--------------+--------------+----------------------------+---------------------------+
; Altera ; LPM_COUNTER  ; 13.0    ; N/A          ; N/A          ; |UART|lpm_counter0:inst    ; G:/uart/lpm_counter0.vhd  ;
; Altera ; LPM_SHIFTREG ; 13.0    ; N/A          ; N/A          ; |UART|lpm_shiftreg1:inst1  ; G:/uart/lpm_shiftreg1.vhd ;
; Altera ; LPM_CONSTANT ; 13.0    ; N/A          ; N/A          ; |UART|lpm_constant1:inst3  ; G:/uart/lpm_constant1.vhd ;
; Altera ; LPM_CONSTANT ; 13.0    ; N/A          ; N/A          ; |UART|lpm_constant0:inst4  ; G:/uart/lpm_constant0.vhd ;
; Altera ; LPM_COUNTER  ; 13.0    ; N/A          ; N/A          ; |UART|lpm_counter1:inst5   ; G:/uart/lpm_counter1.vhd  ;
; Altera ; LPM_MUX      ; 13.0    ; N/A          ; N/A          ; |UART|lpm_mux0:inst7       ; G:/uart/lpm_mux0.vhd      ;
; Altera ; LPM_COUNTER  ; 13.0    ; N/A          ; N/A          ; |UART|lpm_counter2:inst8   ; G:/uart/lpm_counter2.vhd  ;
; Altera ; LPM_COUNTER  ; 13.0    ; N/A          ; N/A          ; |UART|lpm_counter2:inst12  ; G:/uart/lpm_counter2.vhd  ;
; Altera ; LPM_SHIFTREG ; 13.0    ; N/A          ; N/A          ; |UART|lpm_shiftreg0:inst20 ; G:/uart/lpm_shiftreg0.vhd ;
+--------+--------------+---------+--------------+--------------+----------------------------+---------------------------+


+------------------------------------------------------+
; General Register Statistics                          ;
+----------------------------------------------+-------+
; Statistic                                    ; Value ;
+----------------------------------------------+-------+
; Total registers                              ; 60    ;
; Number of registers using Synchronous Clear  ; 0     ;
; Number of registers using Synchronous Load   ; 37    ;
; Number of registers using Asynchronous Clear ; 9     ;
; Number of registers using Asynchronous Load  ; 0     ;
; Number of registers using Clock Enable       ; 23    ;
; Number of registers using Preset             ; 0     ;
+----------------------------------------------+-------+


+------------------------------------------------------------------------------------------------------+
; Parameter Settings for User Entity Instance: lpm_constant0:inst4|lpm_constant:LPM_CONSTANT_component ;
+--------------------+------------------+--------------------------------------------------------------+
; Parameter Name     ; Value            ; Type                                                         ;
+--------------------+------------------+--------------------------------------------------------------+
; LPM_WIDTH          ; 1                ; Signed Integer                                               ;
; LPM_CVALUE         ; 1                ; Signed Integer                                               ;
; ENABLE_RUNTIME_MOD ; NO               ; Untyped                                                      ;
; CBXI_PARAMETER     ; lpm_constant_4e6 ; Untyped                                                      ;
+--------------------+------------------+--------------------------------------------------------------+
Note: In order to hide this table in the UI and the text report file, please set the "Show Parameter Settings in Synthesis Report" option in "Analysis and Synthesis Settings -> More Settings" to "Off".


+--------------------------------------------------------------------------------------------------+
; Parameter Settings for User Entity Instance: lpm_counter0:inst|lpm_counter:LPM_COUNTER_component ;
+------------------------+-------------+-----------------------------------------------------------+
; Parameter Name         ; Value       ; Type                                                      ;
+------------------------+-------------+-----------------------------------------------------------+
; AUTO_CARRY_CHAINS      ; ON          ; AUTO_CARRY                                                ;
; IGNORE_CARRY_BUFFERS   ; OFF         ; IGNORE_CARRY                                              ;
; AUTO_CASCADE_CHAINS    ; ON          ; AUTO_CASCADE                                              ;
; IGNORE_CASCADE_BUFFERS ; OFF         ; IGNORE_CASCADE                                            ;
; LPM_WIDTH              ; 13          ; Signed Integer                                            ;
; LPM_DIRECTION          ; UP          ; Untyped                                                   ;
; LPM_MODULUS            ; 2080        ; Signed Integer                                            ;
; LPM_AVALUE             ; UNUSED      ; Untyped                                                   ;
; LPM_SVALUE             ; UNUSED      ; Untyped                                                   ;
; LPM_PORT_UPDOWN        ; PORT_UNUSED ; Untyped                                                   ;
; DEVICE_FAMILY          ; Cyclone II  ; Untyped                                                   ;
; CARRY_CHAIN            ; MANUAL      ; Untyped                                                   ;
; CARRY_CHAIN_LENGTH     ; 48          ; CARRY_CHAIN_LENGTH                                        ;
; NOT_GATE_PUSH_BACK     ; ON          ; NOT_GATE_PUSH_BACK                                        ;
; CARRY_CNT_EN           ; SMART       ; Untyped                                                   ;
; LABWIDE_SCLR           ; ON          ; Untyped                                                   ;
; USE_NEW_VERSION        ; TRUE        ; Untyped                                                   ;
; CBXI_PARAMETER         ; cntr_rjj    ; Untyped                                                   ;
+------------------------+-------------+-----------------------------------------------------------+
Note: In order to hide this table in the UI and the text report file, please set the "Show Parameter Settings in Synthesis Report" option in "Analysis and Synthesis Settings -> More Settings" to "Off".


+---------------------------------------------------------------------------------------------------+
; Parameter Settings for User Entity Instance: lpm_counter2:inst8|lpm_counter:LPM_COUNTER_component ;
+------------------------+-------------+------------------------------------------------------------+
; Parameter Name         ; Value       ; Type                                                       ;
+------------------------+-------------+------------------------------------------------------------+
; AUTO_CARRY_CHAINS      ; ON          ; AUTO_CARRY                                                 ;
; IGNORE_CARRY_BUFFERS   ; OFF         ; IGNORE_CARRY                                               ;
; AUTO_CASCADE_CHAINS    ; ON          ; AUTO_CASCADE                                               ;
; IGNORE_CASCADE_BUFFERS ; OFF         ; IGNORE_CASCADE                                             ;
; LPM_WIDTH              ; 10          ; Signed Integer                                             ;
; LPM_DIRECTION          ; UP          ; Untyped                                                    ;
; LPM_MODULUS            ; 11          ; Signed Integer                                             ;
; LPM_AVALUE             ; UNUSED      ; Untyped                                                    ;
; LPM_SVALUE             ; UNUSED      ; Untyped                                                    ;
; LPM_PORT_UPDOWN        ; PORT_UNUSED ; Untyped                                                    ;
; DEVICE_FAMILY          ; Cyclone II  ; Untyped                                                    ;
; CARRY_CHAIN            ; MANUAL      ; Untyped                                                    ;
; CARRY_CHAIN_LENGTH     ; 48          ; CARRY_CHAIN_LENGTH                                         ;
; NOT_GATE_PUSH_BACK     ; ON          ; NOT_GATE_PUSH_BACK                                         ;
; CARRY_CNT_EN           ; SMART       ; Untyped                                                    ;
; LABWIDE_SCLR           ; ON          ; Untyped                                                    ;
; USE_NEW_VERSION        ; TRUE        ; Untyped                                                    ;
; CBXI_PARAMETER         ; cntr_ggj    ; Untyped                                                    ;
+------------------------+-------------+------------------------------------------------------------+
Note: In order to hide this table in the UI and the text report file, please set the "Show Parameter Settings in Synthesis Report" option in "Analysis and Synthesis Settings -> More Settings" to "Off".


+---------------------------------------------------------------------------------------+
; Parameter Settings for User Entity Instance: lpm_mux0:inst7|LPM_MUX:LPM_MUX_component ;
+------------------------+------------+-------------------------------------------------+
; Parameter Name         ; Value      ; Type                                            ;
+------------------------+------------+-------------------------------------------------+
; AUTO_CARRY_CHAINS      ; ON         ; AUTO_CARRY                                      ;
; IGNORE_CARRY_BUFFERS   ; OFF        ; IGNORE_CARRY                                    ;
; AUTO_CASCADE_CHAINS    ; ON         ; AUTO_CASCADE                                    ;
; IGNORE_CASCADE_BUFFERS ; OFF        ; IGNORE_CASCADE                                  ;
; LPM_WIDTH              ; 1          ; Signed Integer                                  ;
; LPM_SIZE               ; 11         ; Signed Integer                                  ;
; LPM_WIDTHS             ; 4          ; Signed Integer                                  ;
; LPM_PIPELINE           ; 0          ; Signed Integer                                  ;
; CBXI_PARAMETER         ; mux_j4e    ; Untyped                                         ;
; DEVICE_FAMILY          ; Cyclone II ; Untyped                                         ;
+------------------------+------------+-------------------------------------------------+
Note: In order to hide this table in the UI and the text report file, please set the "Show Parameter Settings in Synthesis Report" option in "Analysis and Synthesis Settings -> More Settings" to "Off".


+------------------------------------------------------------------------------------------------------+
; Parameter Settings for User Entity Instance: lpm_constant1:inst3|lpm_constant:LPM_CONSTANT_component ;
+--------------------+------------------+--------------------------------------------------------------+
; Parameter Name     ; Value            ; Type                                                         ;
+--------------------+------------------+--------------------------------------------------------------+
; LPM_WIDTH          ; 1                ; Signed Integer                                               ;
; LPM_CVALUE         ; 0                ; Signed Integer                                               ;
; ENABLE_RUNTIME_MOD ; NO               ; Untyped                                                      ;
; CBXI_PARAMETER     ; lpm_constant_3e6 ; Untyped                                                      ;
+--------------------+------------------+--------------------------------------------------------------+
Note: In order to hide this table in the UI and the text report file, please set the "Show Parameter Settings in Synthesis Report" option in "Analysis and Synthesis Settings -> More Settings" to "Off".


+---------------------------------------------------------------------------------------------------+
; Parameter Settings for User Entity Instance: lpm_counter1:inst5|lpm_counter:LPM_COUNTER_component ;
+------------------------+-------------+------------------------------------------------------------+
; Parameter Name         ; Value       ; Type                                                       ;
+------------------------+-------------+------------------------------------------------------------+
; AUTO_CARRY_CHAINS      ; ON          ; AUTO_CARRY                                                 ;
; IGNORE_CARRY_BUFFERS   ; OFF         ; IGNORE_CARRY                                               ;
; AUTO_CASCADE_CHAINS    ; ON          ; AUTO_CASCADE                                               ;
; IGNORE_CASCADE_BUFFERS ; OFF         ; IGNORE_CASCADE                                             ;
; LPM_WIDTH              ; 4           ; Signed Integer                                             ;
; LPM_DIRECTION          ; UP          ; Untyped                                                    ;
; LPM_MODULUS            ; 11          ; Signed Integer                                             ;
; LPM_AVALUE             ; UNUSED      ; Untyped                                                    ;
; LPM_SVALUE             ; UNUSED      ; Untyped                                                    ;
; LPM_PORT_UPDOWN        ; PORT_UNUSED ; Untyped                                                    ;
; DEVICE_FAMILY          ; Cyclone II  ; Untyped                                                    ;
; CARRY_CHAIN            ; MANUAL      ; Untyped                                                    ;
; CARRY_CHAIN_LENGTH     ; 48          ; CARRY_CHAIN_LENGTH                                         ;
; NOT_GATE_PUSH_BACK     ; ON          ; NOT_GATE_PUSH_BACK                                         ;
; CARRY_CNT_EN           ; SMART       ; Untyped                                                    ;
; LABWIDE_SCLR           ; ON          ; Untyped                                                    ;
; USE_NEW_VERSION        ; TRUE        ; Untyped                                                    ;
; CBXI_PARAMETER         ; cntr_hhk    ; Untyped                                                    ;
+------------------------+-------------+------------------------------------------------------------+
Note: In order to hide this table in the UI and the text report file, please set the "Show Parameter Settings in Synthesis Report" option in "Analysis and Synthesis Settings -> More Settings" to "Off".


+----------------------------------------------------------------------------------------------------+
; Parameter Settings for User Entity Instance: lpm_counter2:inst12|lpm_counter:LPM_COUNTER_component ;
+------------------------+-------------+-------------------------------------------------------------+
; Parameter Name         ; Value       ; Type                                                        ;
+------------------------+-------------+-------------------------------------------------------------+
; AUTO_CARRY_CHAINS      ; ON          ; AUTO_CARRY                                                  ;
; IGNORE_CARRY_BUFFERS   ; OFF         ; IGNORE_CARRY                                                ;
; AUTO_CASCADE_CHAINS    ; ON          ; AUTO_CASCADE                                                ;
; IGNORE_CASCADE_BUFFERS ; OFF         ; IGNORE_CASCADE                                              ;
; LPM_WIDTH              ; 10          ; Signed Integer                                              ;
; LPM_DIRECTION          ; UP          ; Untyped                                                     ;
; LPM_MODULUS            ; 11          ; Signed Integer                                              ;
; LPM_AVALUE             ; UNUSED      ; Untyped                                                     ;
; LPM_SVALUE             ; UNUSED      ; Untyped                                                     ;
; LPM_PORT_UPDOWN        ; PORT_UNUSED ; Untyped                                                     ;
; DEVICE_FAMILY          ; Cyclone II  ; Untyped                                                     ;
; CARRY_CHAIN            ; MANUAL      ; Untyped                                                     ;
; CARRY_CHAIN_LENGTH     ; 48          ; CARRY_CHAIN_LENGTH                                          ;
; NOT_GATE_PUSH_BACK     ; ON          ; NOT_GATE_PUSH_BACK                                          ;
; CARRY_CNT_EN           ; SMART       ; Untyped                                                     ;
; LABWIDE_SCLR           ; ON          ; Untyped                                                     ;
; USE_NEW_VERSION        ; TRUE        ; Untyped                                                     ;
; CBXI_PARAMETER         ; cntr_ggj    ; Untyped                                                     ;
+------------------------+-------------+-------------------------------------------------------------+
Note: In order to hide this table in the UI and the text report file, please set the "Show Parameter Settings in Synthesis Report" option in "Analysis and Synthesis Settings -> More Settings" to "Off".


+------------------------------------------------------------------------------------------------------+
; Parameter Settings for User Entity Instance: lpm_shiftreg1:inst1|lpm_shiftreg:LPM_SHIFTREG_component ;
+------------------------+------------+----------------------------------------------------------------+
; Parameter Name         ; Value      ; Type                                                           ;
+------------------------+------------+----------------------------------------------------------------+
; LPM_WIDTH              ; 8          ; Signed Integer                                                 ;
; LPM_DIRECTION          ; LEFT       ; Untyped                                                        ;
; LPM_AVALUE             ; UNUSED     ; Untyped                                                        ;
; LPM_SVALUE             ; UNUSED     ; Untyped                                                        ;
; DEVICE_FAMILY          ; Cyclone II ; Untyped                                                        ;
; AUTO_CARRY_CHAINS      ; ON         ; AUTO_CARRY                                                     ;
; IGNORE_CARRY_BUFFERS   ; OFF        ; IGNORE_CARRY                                                   ;
; AUTO_CASCADE_CHAINS    ; ON         ; AUTO_CASCADE                                                   ;
; IGNORE_CASCADE_BUFFERS ; OFF        ; IGNORE_CASCADE                                                 ;
+------------------------+------------+----------------------------------------------------------------+
Note: In order to hide this table in the UI and the text report file, please set the "Show Parameter Settings in Synthesis Report" option in "Analysis and Synthesis Settings -> More Settings" to "Off".


+-------------------------------------------------------------------------------------------------------+
; Parameter Settings for User Entity Instance: lpm_shiftreg0:inst20|lpm_shiftreg:LPM_SHIFTREG_component ;
+------------------------+------------+-----------------------------------------------------------------+
; Parameter Name         ; Value      ; Type                                                            ;
+------------------------+------------+-----------------------------------------------------------------+
; LPM_WIDTH              ; 11         ; Signed Integer                                                  ;
; LPM_DIRECTION          ; LEFT       ; Untyped                                                         ;
; LPM_AVALUE             ; UNUSED     ; Untyped                                                         ;
; LPM_SVALUE             ; UNUSED     ; Untyped                                                         ;
; DEVICE_FAMILY          ; Cyclone II ; Untyped                                                         ;
; AUTO_CARRY_CHAINS      ; ON         ; AUTO_CARRY                                                      ;
; IGNORE_CARRY_BUFFERS   ; OFF        ; IGNORE_CARRY                                                    ;
; AUTO_CASCADE_CHAINS    ; ON         ; AUTO_CASCADE                                                    ;
; IGNORE_CASCADE_BUFFERS ; OFF        ; IGNORE_CASCADE                                                  ;
+------------------------+------------+-----------------------------------------------------------------+
Note: In order to hide this table in the UI and the text report file, please set the "Show Parameter Settings in Synthesis Report" option in "Analysis and Synthesis Settings -> More Settings" to "Off".


+---------------------------------------------------------------------------------------+
; lpm_shiftreg Parameter Settings by Entity Instance                                    ;
+----------------------------+----------------------------------------------------------+
; Name                       ; Value                                                    ;
+----------------------------+----------------------------------------------------------+
; Number of entity instances ; 2                                                        ;
; Entity Instance            ; lpm_shiftreg1:inst1|lpm_shiftreg:LPM_SHIFTREG_component  ;
;     -- LPM_WIDTH           ; 8                                                        ;
;     -- LPM_DIRECTION       ; LEFT                                                     ;
; Entity Instance            ; lpm_shiftreg0:inst20|lpm_shiftreg:LPM_SHIFTREG_component ;
;     -- LPM_WIDTH           ; 11                                                       ;
;     -- LPM_DIRECTION       ; LEFT                                                     ;
+----------------------------+----------------------------------------------------------+


+-------------------------------+
; Elapsed Time Per Partition    ;
+----------------+--------------+
; Partition Name ; Elapsed Time ;
+----------------+--------------+
; Top            ; 00:00:01     ;
+----------------+--------------+


+-------------------------------+
; Analysis & Synthesis Messages ;
+-------------------------------+
Info: *******************************************************************
Info: Running Quartus II 64-Bit Analysis & Synthesis
    Info: Version 13.0.1 Build 232 06/12/2013 Service Pack 1 SJ Full Version
    Info: Processing started: Mon Oct 11 10:24:05 2021
Info: Command: quartus_map --read_settings_files=on --write_settings_files=off UART -c UART
Info (20030): Parallel compilation is enabled and will use 2 of the 2 processors detected
Info (12021): Found 1 design units, including 1 entities, in source file xoor.bdf
    Info (12023): Found entity 1: XOOR
Info (12021): Found 2 design units, including 1 entities, in source file lpm_counter0.vhd
    Info (12022): Found design unit 1: lpm_counter0-SYN
    Info (12023): Found entity 1: lpm_counter0
Info (12021): Found 2 design units, including 1 entities, in source file lpm_constant0.vhd
    Info (12022): Found design unit 1: lpm_constant0-SYN
    Info (12023): Found entity 1: lpm_constant0
Info (12021): Found 1 design units, including 1 entities, in source file uart.bdf
    Info (12023): Found entity 1: UART
Info (12021): Found 2 design units, including 1 entities, in source file lpm_counter1.vhd
    Info (12022): Found design unit 1: lpm_counter1-SYN
    Info (12023): Found entity 1: lpm_counter1
Info (12021): Found 2 design units, including 1 entities, in source file lpm_mux0.vhd
    Info (12022): Found design unit 1: lpm_mux0-SYN
    Info (12023): Found entity 1: lpm_mux0
Info (12021): Found 2 design units, including 1 entities, in source file lpm_counter2.vhd
    Info (12022): Found design unit 1: lpm_counter2-SYN
    Info (12023): Found entity 1: lpm_counter2
Info (12021): Found 2 design units, including 1 entities, in source file lpm_constant1.vhd
    Info (12022): Found design unit 1: lpm_constant1-SYN
    Info (12023): Found entity 1: lpm_constant1
Info (12021): Found 2 design units, including 1 entities, in source file lpm_shiftreg0.vhd
    Info (12022): Found design unit 1: lpm_shiftreg0-SYN
    Info (12023): Found entity 1: lpm_shiftreg0
Info (12021): Found 2 design units, including 1 entities, in source file lpm_counter3.vhd
    Info (12022): Found design unit 1: lpm_counter3-SYN
    Info (12023): Found entity 1: lpm_counter3
Info (12021): Found 2 design units, including 1 entities, in source file lpm_shiftreg1.vhd
    Info (12022): Found design unit 1: lpm_shiftreg1-SYN
    Info (12023): Found entity 1: lpm_shiftreg1
Info (12127): Elaborating entity "UART" for the top level hierarchy
Warning (275011): Block or symbol "NOT" of instance "inst44" overlaps another block or symbol
Warning (275011): Block or symbol "NOT" of instance "inst46" overlaps another block or symbol
Warning (275011): Block or symbol "NOT" of instance "inst48" overlaps another block or symbol
Warning (275011): Block or symbol "NOT" of instance "inst50" overlaps another block or symbol
Warning (275011): Block or symbol "NOT" of instance "inst52" overlaps another block or symbol
Info (12128): Elaborating entity "lpm_constant0" for hierarchy "lpm_constant0:inst4"
Info (12128): Elaborating entity "lpm_constant" for hierarchy "lpm_constant0:inst4|lpm_constant:LPM_CONSTANT_component"
Info (12130): Elaborated megafunction instantiation "lpm_constant0:inst4|lpm_constant:LPM_CONSTANT_component"
Info (12133): Instantiated megafunction "lpm_constant0:inst4|lpm_constant:LPM_CONSTANT_component" with the following parameter:
    Info (12134): Parameter "lpm_cvalue" = "1"
    Info (12134): Parameter "lpm_hint" = "ENABLE_RUNTIME_MOD=NO"
    Info (12134): Parameter "lpm_type" = "LPM_CONSTANT"
    Info (12134): Parameter "lpm_width" = "1"
Info (12128): Elaborating entity "lpm_counter0" for hierarchy "lpm_counter0:inst"
Info (12128): Elaborating entity "lpm_counter" for hierarchy "lpm_counter0:inst|lpm_counter:LPM_COUNTER_component"
Info (12130): Elaborated megafunction instantiation "lpm_counter0:inst|lpm_counter:LPM_COUNTER_component"
Info (12133): Instantiated megafunction "lpm_counter0:inst|lpm_counter:LPM_COUNTER_component" with the following parameter:
    Info (12134): Parameter "lpm_direction" = "UP"
    Info (12134): Parameter "lpm_modulus" = "2080"
    Info (12134): Parameter "lpm_port_updown" = "PORT_UNUSED"
    Info (12134): Parameter "lpm_type" = "LPM_COUNTER"
    Info (12134): Parameter "lpm_width" = "13"
Info (12021): Found 1 design units, including 1 entities, in source file db/cntr_rjj.tdf
    Info (12023): Found entity 1: cntr_rjj
Info (12128): Elaborating entity "cntr_rjj" for hierarchy "lpm_counter0:inst|lpm_counter:LPM_COUNTER_component|cntr_rjj:auto_generated"
Info (12021): Found 1 design units, including 1 entities, in source file db/cmpr_odc.tdf
    Info (12023): Found entity 1: cmpr_odc
Info (12128): Elaborating entity "cmpr_odc" for hierarchy "lpm_counter0:inst|lpm_counter:LPM_COUNTER_component|cntr_rjj:auto_generated|cmpr_odc:cmpr2"
Info (12128): Elaborating entity "lpm_counter2" for hierarchy "lpm_counter2:inst8"
Info (12128): Elaborating entity "lpm_counter" for hierarchy "lpm_counter2:inst8|lpm_counter:LPM_COUNTER_component"
Info (12130): Elaborated megafunction instantiation "lpm_counter2:inst8|lpm_counter:LPM_COUNTER_component"
Info (12133): Instantiated megafunction "lpm_counter2:inst8|lpm_counter:LPM_COUNTER_component" with the following parameter:
    Info (12134): Parameter "lpm_direction" = "UP"
    Info (12134): Parameter "lpm_modulus" = "11"
    Info (12134): Parameter "lpm_port_updown" = "PORT_UNUSED"
    Info (12134): Parameter "lpm_type" = "LPM_COUNTER"
    Info (12134): Parameter "lpm_width" = "10"
Info (12021): Found 1 design units, including 1 entities, in source file db/cntr_ggj.tdf
    Info (12023): Found entity 1: cntr_ggj
Info (12128): Elaborating entity "cntr_ggj" for hierarchy "lpm_counter2:inst8|lpm_counter:LPM_COUNTER_component|cntr_ggj:auto_generated"
Info (12021): Found 1 design units, including 1 entities, in source file db/cmpr_ldc.tdf
    Info (12023): Found entity 1: cmpr_ldc
Info (12128): Elaborating entity "cmpr_ldc" for hierarchy "lpm_counter2:inst8|lpm_counter:LPM_COUNTER_component|cntr_ggj:auto_generated|cmpr_ldc:cmpr2"
Info (12128): Elaborating entity "lpm_mux0" for hierarchy "lpm_mux0:inst7"
Info (12128): Elaborating entity "LPM_MUX" for hierarchy "lpm_mux0:inst7|LPM_MUX:LPM_MUX_component"
Info (12130): Elaborated megafunction instantiation "lpm_mux0:inst7|LPM_MUX:LPM_MUX_component"
Info (12133): Instantiated megafunction "lpm_mux0:inst7|LPM_MUX:LPM_MUX_component" with the following parameter:
    Info (12134): Parameter "LPM_WIDTH" = "1"
    Info (12134): Parameter "LPM_SIZE" = "11"
    Info (12134): Parameter "LPM_WIDTHS" = "4"
    Info (12134): Parameter "LPM_PIPELINE" = "0"
    Info (12134): Parameter "LPM_TYPE" = "LPM_MUX"
    Info (12134): Parameter "LPM_HINT" = "UNUSED"
Info (12021): Found 1 design units, including 1 entities, in source file db/mux_j4e.tdf
    Info (12023): Found entity 1: mux_j4e
Info (12128): Elaborating entity "mux_j4e" for hierarchy "lpm_mux0:inst7|LPM_MUX:LPM_MUX_component|mux_j4e:auto_generated"
Info (12128): Elaborating entity "XOOR" for hierarchy "XOOR:inst24"
Info (12128): Elaborating entity "lpm_constant1" for hierarchy "lpm_constant1:inst3"
Info (12128): Elaborating entity "lpm_constant" for hierarchy "lpm_constant1:inst3|lpm_constant:LPM_CONSTANT_component"
Info (12130): Elaborated megafunction instantiation "lpm_constant1:inst3|lpm_constant:LPM_CONSTANT_component"
Info (12133): Instantiated megafunction "lpm_constant1:inst3|lpm_constant:LPM_CONSTANT_component" with the following parameter:
    Info (12134): Parameter "lpm_cvalue" = "0"
    Info (12134): Parameter "lpm_hint" = "ENABLE_RUNTIME_MOD=NO"
    Info (12134): Parameter "lpm_type" = "LPM_CONSTANT"
    Info (12134): Parameter "lpm_width" = "1"
Info (12128): Elaborating entity "lpm_counter1" for hierarchy "lpm_counter1:inst5"
Info (12128): Elaborating entity "lpm_counter" for hierarchy "lpm_counter1:inst5|lpm_counter:LPM_COUNTER_component"
Info (12130): Elaborated megafunction instantiation "lpm_counter1:inst5|lpm_counter:LPM_COUNTER_component"
Info (12133): Instantiated megafunction "lpm_counter1:inst5|lpm_counter:LPM_COUNTER_component" with the following parameter:
    Info (12134): Parameter "lpm_direction" = "UP"
    Info (12134): Parameter "lpm_modulus" = "11"
    Info (12134): Parameter "lpm_port_updown" = "PORT_UNUSED"
    Info (12134): Parameter "lpm_type" = "LPM_COUNTER"
    Info (12134): Parameter "lpm_width" = "4"
Info (12021): Found 1 design units, including 1 entities, in source file db/cntr_hhk.tdf
    Info (12023): Found entity 1: cntr_hhk
Info (12128): Elaborating entity "cntr_hhk" for hierarchy "lpm_counter1:inst5|lpm_counter:LPM_COUNTER_component|cntr_hhk:auto_generated"
Info (12021): Found 1 design units, including 1 entities, in source file db/cmpr_8cc.tdf
    Info (12023): Found entity 1: cmpr_8cc
Info (12128): Elaborating entity "cmpr_8cc" for hierarchy "lpm_counter1:inst5|lpm_counter:LPM_COUNTER_component|cntr_hhk:auto_generated|cmpr_8cc:cmpr2"
Info (12128): Elaborating entity "lpm_shiftreg1" for hierarchy "lpm_shiftreg1:inst1"
Info (12128): Elaborating entity "lpm_shiftreg" for hierarchy "lpm_shiftreg1:inst1|lpm_shiftreg:LPM_SHIFTREG_component"
Info (12130): Elaborated megafunction instantiation "lpm_shiftreg1:inst1|lpm_shiftreg:LPM_SHIFTREG_component"
Info (12133): Instantiated megafunction "lpm_shiftreg1:inst1|lpm_shiftreg:LPM_SHIFTREG_component" with the following parameter:
    Info (12134): Parameter "lpm_direction" = "LEFT"
    Info (12134): Parameter "lpm_type" = "LPM_SHIFTREG"
    Info (12134): Parameter "lpm_width" = "8"
Info (12128): Elaborating entity "lpm_shiftreg0" for hierarchy "lpm_shiftreg0:inst20"
Info (12128): Elaborating entity "lpm_shiftreg" for hierarchy "lpm_shiftreg0:inst20|lpm_shiftreg:LPM_SHIFTREG_component"
Info (12130): Elaborated megafunction instantiation "lpm_shiftreg0:inst20|lpm_shiftreg:LPM_SHIFTREG_component"
Info (12133): Instantiated megafunction "lpm_shiftreg0:inst20|lpm_shiftreg:LPM_SHIFTREG_component" with the following parameter:
    Info (12134): Parameter "lpm_direction" = "LEFT"
    Info (12134): Parameter "lpm_type" = "LPM_SHIFTREG"
    Info (12134): Parameter "lpm_width" = "11"
Info (16010): Generating hard_block partition "hard_block:auto_generated_inst"
    Info (16011): Adding 0 node(s), including 0 DDIO, 0 PLL, 0 transceiver and 0 LCELL
Info (21057): Implemented 132 device resources after synthesis - the final resource count might be different
    Info (21058): Implemented 10 input pins
    Info (21059): Implemented 27 output pins
    Info (21061): Implemented 95 logic cells
Info: Quartus II 64-Bit Analysis & Synthesis was successful. 0 errors, 5 warnings
    Info: Peak virtual memory: 4677 megabytes
    Info: Processing ended: Mon Oct 11 10:24:12 2021
    Info: Elapsed time: 00:00:07
    Info: Total CPU time (on all processors): 00:00:03


