Analysis & Synthesis report for sinus
Sat Nov 13 12:03:01 2021
Quartus II 64-Bit Version 13.0.1 Build 232 06/12/2013 Service Pack 1 SJ Web Edition


---------------------
; Table of Contents ;
---------------------
  1. Legal Notice
  2. Analysis & Synthesis Summary
  3. Analysis & Synthesis Settings
  4. Parallel Compilation
  5. Analysis & Synthesis Source Files Read
  6. Analysis & Synthesis Resource Usage Summary
  7. Analysis & Synthesis Resource Utilization by Entity
  8. Analysis & Synthesis RAM Summary
  9. Analysis & Synthesis IP Cores Summary
 10. General Register Statistics
 11. Source assignments for my_lpm_rom:inst4|altsyncram:altsyncram_component|altsyncram_f971:auto_generated
 12. Parameter Settings for User Entity Instance: lab1:inst|lpm_constant0:instt|lpm_constant:LPM_CONSTANT_component
 13. Parameter Settings for User Entity Instance: lab1:inst|lpm_counter0:inst|lpm_counter:LPM_COUNTER_component
 14. Parameter Settings for User Entity Instance: lab1:inst|lpm_counter2:inst13|lpm_counter:LPM_COUNTER_component
 15. Parameter Settings for User Entity Instance: lab1:inst|lpm_mux0:inst8|LPM_MUX:LPM_MUX_component
 16. Parameter Settings for User Entity Instance: lab1:inst|lpm_constant1:inst1f|lpm_constant:LPM_CONSTANT_component
 17. Parameter Settings for User Entity Instance: lab1:inst|lpm_counter1:inst9|lpm_counter:LPM_COUNTER_component
 18. Parameter Settings for User Entity Instance: lab1:inst|lpm_counter3:inst1|lpm_counter:LPM_COUNTER_component
 19. Parameter Settings for User Entity Instance: lab1:inst|lpm_counter4:inst7|lpm_counter:LPM_COUNTER_component
 20. Parameter Settings for User Entity Instance: my_lpm_rom:inst4|altsyncram:altsyncram_component
 21. Parameter Settings for User Entity Instance: lpm_constant0:inst10|lpm_constant:LPM_CONSTANT_component
 22. Parameter Settings for User Entity Instance: lpm_counter7:inst8|lpm_counter:LPM_COUNTER_component
 23. Parameter Settings for User Entity Instance: lpm_counter5:inst6|lpm_counter:LPM_COUNTER_component
 24. Parameter Settings for User Entity Instance: lpm_constant1:inst11|lpm_constant:LPM_CONSTANT_component
 25. altsyncram Parameter Settings by Entity Instance
 26. Elapsed Time Per Partition
 27. Analysis & Synthesis Messages



----------------
; Legal Notice ;
----------------
Copyright (C) 1991-2013 Altera Corporation
Your use of Altera Corporation's design tools, logic functions 
and other software and tools, and its AMPP partner logic 
functions, and any output files from any of the foregoing 
(including device programming or simulation files), and any 
associated documentation or information are expressly subject 
to the terms and conditions of the Altera Program License 
Subscription Agreement, Altera MegaCore Function License 
Agreement, or other applicable license agreement, including, 
without limitation, that your use is for the sole purpose of 
programming logic devices manufactured by Altera and sold by 
Altera or its authorized distributors.  Please refer to the 
applicable agreement for further details.



+--------------------------------------------------------------------------------------+
; Analysis & Synthesis Summary                                                         ;
+------------------------------------+-------------------------------------------------+
; Analysis & Synthesis Status        ; Successful - Sat Nov 13 12:03:01 2021           ;
; Quartus II 64-Bit Version          ; 13.0.1 Build 232 06/12/2013 SP 1 SJ Web Edition ;
; Revision Name                      ; sinus                                           ;
; Top-level Entity Name              ; sinus                                           ;
; Family                             ; Cyclone II                                      ;
; Total logic elements               ; 78                                              ;
;     Total combinational functions  ; 77                                              ;
;     Dedicated logic registers      ; 53                                              ;
; Total registers                    ; 53                                              ;
; Total pins                         ; 17                                              ;
; Total virtual pins                 ; 0                                               ;
; Total memory bits                  ; 10,240                                          ;
; Embedded Multiplier 9-bit elements ; 0                                               ;
; Total PLLs                         ; 0                                               ;
+------------------------------------+-------------------------------------------------+


+----------------------------------------------------------------------------------------------------------------------+
; Analysis & Synthesis Settings                                                                                        ;
+----------------------------------------------------------------------------+--------------------+--------------------+
; Option                                                                     ; Setting            ; Default Value      ;
+----------------------------------------------------------------------------+--------------------+--------------------+
; Device                                                                     ; EP2C5Q208C8        ;                    ;
; Top-level entity name                                                      ; sinus              ; sinus              ;
; Family name                                                                ; Cyclone II         ; Cyclone IV GX      ;
; Use smart compilation                                                      ; Off                ; Off                ;
; Enable parallel Assembler and TimeQuest Timing Analyzer during compilation ; On                 ; On                 ;
; Enable compact report table                                                ; Off                ; Off                ;
; Restructure Multiplexers                                                   ; Auto               ; Auto               ;
; Create Debugging Nodes for IP Cores                                        ; Off                ; Off                ;
; Preserve fewer node names                                                  ; On                 ; On                 ;
; Disable OpenCore Plus hardware evaluation                                  ; Off                ; Off                ;
; Verilog Version                                                            ; Verilog_2001       ; Verilog_2001       ;
; VHDL Version                                                               ; VHDL_1993          ; VHDL_1993          ;
; State Machine Processing                                                   ; Auto               ; Auto               ;
; Safe State Machine                                                         ; Off                ; Off                ;
; Extract Verilog State Machines                                             ; On                 ; On                 ;
; Extract VHDL State Machines                                                ; On                 ; On                 ;
; Ignore Verilog initial constructs                                          ; Off                ; Off                ;
; Iteration limit for constant Verilog loops                                 ; 5000               ; 5000               ;
; Iteration limit for non-constant Verilog loops                             ; 250                ; 250                ;
; Add Pass-Through Logic to Inferred RAMs                                    ; On                 ; On                 ;
; Infer RAMs from Raw Logic                                                  ; On                 ; On                 ;
; Parallel Synthesis                                                         ; On                 ; On                 ;
; DSP Block Balancing                                                        ; Auto               ; Auto               ;
; NOT Gate Push-Back                                                         ; On                 ; On                 ;
; Power-Up Don't Care                                                        ; On                 ; On                 ;
; Remove Redundant Logic Cells                                               ; Off                ; Off                ;
; Remove Duplicate Registers                                                 ; On                 ; On                 ;
; Ignore CARRY Buffers                                                       ; Off                ; Off                ;
; Ignore CASCADE Buffers                                                     ; Off                ; Off                ;
; Ignore GLOBAL Buffers                                                      ; Off                ; Off                ;
; Ignore ROW GLOBAL Buffers                                                  ; Off                ; Off                ;
; Ignore LCELL Buffers                                                       ; Off                ; Off                ;
; Ignore SOFT Buffers                                                        ; On                 ; On                 ;
; Limit AHDL Integers to 32 Bits                                             ; Off                ; Off                ;
; Optimization Technique                                                     ; Balanced           ; Balanced           ;
; Carry Chain Length                                                         ; 70                 ; 70                 ;
; Auto Carry Chains                                                          ; On                 ; On                 ;
; Auto Open-Drain Pins                                                       ; On                 ; On                 ;
; Perform WYSIWYG Primitive Resynthesis                                      ; Off                ; Off                ;
; Auto ROM Replacement                                                       ; On                 ; On                 ;
; Auto RAM Replacement                                                       ; On                 ; On                 ;
; Auto Shift Register Replacement                                            ; Auto               ; Auto               ;
; Allow Shift Register Merging across Hierarchies                            ; Auto               ; Auto               ;
; Auto Clock Enable Replacement                                              ; On                 ; On                 ;
; Strict RAM Replacement                                                     ; Off                ; Off                ;
; Allow Synchronous Control Signals                                          ; On                 ; On                 ;
; Force Use of Synchronous Clear Signals                                     ; Off                ; Off                ;
; Auto RAM to Logic Cell Conversion                                          ; Off                ; Off                ;
; Auto Resource Sharing                                                      ; Off                ; Off                ;
; Allow Any RAM Size For Recognition                                         ; Off                ; Off                ;
; Allow Any ROM Size For Recognition                                         ; Off                ; Off                ;
; Allow Any Shift Register Size For Recognition                              ; Off                ; Off                ;
; Use LogicLock Constraints during Resource Balancing                        ; On                 ; On                 ;
; Ignore translate_off and synthesis_off directives                          ; Off                ; Off                ;
; Timing-Driven Synthesis                                                    ; Off                ; Off                ;
; Report Parameter Settings                                                  ; On                 ; On                 ;
; Report Source Assignments                                                  ; On                 ; On                 ;
; Report Connectivity Checks                                                 ; On                 ; On                 ;
; Ignore Maximum Fan-Out Assignments                                         ; Off                ; Off                ;
; Synchronization Register Chain Length                                      ; 2                  ; 2                  ;
; PowerPlay Power Optimization                                               ; Normal compilation ; Normal compilation ;
; HDL message level                                                          ; Level2             ; Level2             ;
; Suppress Register Optimization Related Messages                            ; Off                ; Off                ;
; Number of Removed Registers Reported in Synthesis Report                   ; 5000               ; 5000               ;
; Number of Swept Nodes Reported in Synthesis Report                         ; 5000               ; 5000               ;
; Number of Inverted Registers Reported in Synthesis Report                  ; 100                ; 100                ;
; Clock MUX Protection                                                       ; On                 ; On                 ;
; Auto Gated Clock Conversion                                                ; Off                ; Off                ;
; Block Design Naming                                                        ; Auto               ; Auto               ;
; SDC constraint protection                                                  ; Off                ; Off                ;
; Synthesis Effort                                                           ; Auto               ; Auto               ;
; Shift Register Replacement - Allow Asynchronous Clear Signal               ; On                 ; On                 ;
; Pre-Mapping Resynthesis Optimization                                       ; Off                ; Off                ;
; Analysis & Synthesis Message Level                                         ; Medium             ; Medium             ;
; Disable Register Merging Across Hierarchies                                ; Auto               ; Auto               ;
; Resource Aware Inference For Block RAM                                     ; On                 ; On                 ;
; Synthesis Seed                                                             ; 1                  ; 1                  ;
+----------------------------------------------------------------------------+--------------------+--------------------+


Parallel compilation was disabled, but you have multiple processors available. Enable parallel compilation to reduce compilation time.
+-------------------------------------+
; Parallel Compilation                ;
+----------------------------+--------+
; Processors                 ; Number ;
+----------------------------+--------+
; Number detected on machine ; 12     ;
; Maximum allowed            ; 1      ;
+----------------------------+--------+


+---------------------------------------------------------------------------------------------------------------------------------------------------------------------------------------------+
; Analysis & Synthesis Source Files Read                                                                                                                                                      ;
+-------------------------------------+-----------------+------------------------------------+--------------------------------------------------------------------------------------+---------+
; File Name with User-Entered Path    ; Used in Netlist ; File Type                          ; File Name with Absolute Path                                                         ; Library ;
+-------------------------------------+-----------------+------------------------------------+--------------------------------------------------------------------------------------+---------+
; spi_2_DAC_APPROVED/lab1.bdf         ; yes             ; User Block Diagram/Schematic File  ; C:/Users/79616/Documents/GitHub/Interfaces/sinus/spi_2_DAC_APPROVED/lab1.bdf         ;         ;
; sinus.bdf                           ; yes             ; User Block Diagram/Schematic File  ; C:/Users/79616/Documents/GitHub/Interfaces/sinus/sinus.bdf                           ;         ;
; sinus.mif                           ; yes             ; User Memory Initialization File    ; C:/Users/79616/Documents/GitHub/Interfaces/sinus/sinus.mif                           ;         ;
; lpm_counter0.vhd                    ; yes             ; User Wizard-Generated File         ; C:/Users/79616/Documents/GitHub/Interfaces/sinus/lpm_counter0.vhd                    ;         ;
; my_lpm_rom.vhd                      ; yes             ; User Wizard-Generated File         ; C:/Users/79616/Documents/GitHub/Interfaces/sinus/my_lpm_rom.vhd                      ;         ;
; spi_2_DAC_APPROVED/lpm_counter5.vhd ; yes             ; User Wizard-Generated File         ; C:/Users/79616/Documents/GitHub/Interfaces/sinus/spi_2_DAC_APPROVED/lpm_counter5.vhd ;         ;
; spi_2_DAC_APPROVED/lpm_counter7.vhd ; yes             ; User Wizard-Generated File         ; C:/Users/79616/Documents/GitHub/Interfaces/sinus/spi_2_DAC_APPROVED/lpm_counter7.vhd ;         ;
; lpm_constant0.vhd                   ; yes             ; Auto-Found Wizard-Generated File   ; C:/Users/79616/Documents/GitHub/Interfaces/sinus/lpm_constant0.vhd                   ;         ;
; lpm_constant.tdf                    ; yes             ; Megafunction                       ; c:/altera/13.0sp1/quartus/libraries/megafunctions/lpm_constant.tdf                   ;         ;
; lpm_counter.tdf                     ; yes             ; Megafunction                       ; c:/altera/13.0sp1/quartus/libraries/megafunctions/lpm_counter.tdf                    ;         ;
; lpm_constant.inc                    ; yes             ; Megafunction                       ; c:/altera/13.0sp1/quartus/libraries/megafunctions/lpm_constant.inc                   ;         ;
; lpm_decode.inc                      ; yes             ; Megafunction                       ; c:/altera/13.0sp1/quartus/libraries/megafunctions/lpm_decode.inc                     ;         ;
; lpm_add_sub.inc                     ; yes             ; Megafunction                       ; c:/altera/13.0sp1/quartus/libraries/megafunctions/lpm_add_sub.inc                    ;         ;
; cmpconst.inc                        ; yes             ; Megafunction                       ; c:/altera/13.0sp1/quartus/libraries/megafunctions/cmpconst.inc                       ;         ;
; lpm_compare.inc                     ; yes             ; Megafunction                       ; c:/altera/13.0sp1/quartus/libraries/megafunctions/lpm_compare.inc                    ;         ;
; lpm_counter.inc                     ; yes             ; Megafunction                       ; c:/altera/13.0sp1/quartus/libraries/megafunctions/lpm_counter.inc                    ;         ;
; dffeea.inc                          ; yes             ; Megafunction                       ; c:/altera/13.0sp1/quartus/libraries/megafunctions/dffeea.inc                         ;         ;
; alt_counter_stratix.inc             ; yes             ; Megafunction                       ; c:/altera/13.0sp1/quartus/libraries/megafunctions/alt_counter_stratix.inc            ;         ;
; aglobal130.inc                      ; yes             ; Megafunction                       ; c:/altera/13.0sp1/quartus/libraries/megafunctions/aglobal130.inc                     ;         ;
; db/cntr_32k.tdf                     ; yes             ; Auto-Generated Megafunction        ; C:/Users/79616/Documents/GitHub/Interfaces/sinus/db/cntr_32k.tdf                     ;         ;
; db/cmpr_ccc.tdf                     ; yes             ; Auto-Generated Megafunction        ; C:/Users/79616/Documents/GitHub/Interfaces/sinus/db/cmpr_ccc.tdf                     ;         ;
; lpm_counter2.vhd                    ; yes             ; Auto-Found Wizard-Generated File   ; C:/Users/79616/Documents/GitHub/Interfaces/sinus/lpm_counter2.vhd                    ;         ;
; db/cntr_qgj.tdf                     ; yes             ; Auto-Generated Megafunction        ; C:/Users/79616/Documents/GitHub/Interfaces/sinus/db/cntr_qgj.tdf                     ;         ;
; db/cmpr_ndc.tdf                     ; yes             ; Auto-Generated Megafunction        ; C:/Users/79616/Documents/GitHub/Interfaces/sinus/db/cmpr_ndc.tdf                     ;         ;
; lpm_mux0.vhd                        ; yes             ; Auto-Found Wizard-Generated File   ; C:/Users/79616/Documents/GitHub/Interfaces/sinus/lpm_mux0.vhd                        ;         ;
; lpm_mux.tdf                         ; yes             ; Megafunction                       ; c:/altera/13.0sp1/quartus/libraries/megafunctions/lpm_mux.tdf                        ;         ;
; muxlut.inc                          ; yes             ; Megafunction                       ; c:/altera/13.0sp1/quartus/libraries/megafunctions/muxlut.inc                         ;         ;
; bypassff.inc                        ; yes             ; Megafunction                       ; c:/altera/13.0sp1/quartus/libraries/megafunctions/bypassff.inc                       ;         ;
; altshift.inc                        ; yes             ; Megafunction                       ; c:/altera/13.0sp1/quartus/libraries/megafunctions/altshift.inc                       ;         ;
; db/mux_o4e.tdf                      ; yes             ; Auto-Generated Megafunction        ; C:/Users/79616/Documents/GitHub/Interfaces/sinus/db/mux_o4e.tdf                      ;         ;
; lpm_constant1.vhd                   ; yes             ; Auto-Found Wizard-Generated File   ; C:/Users/79616/Documents/GitHub/Interfaces/sinus/lpm_constant1.vhd                   ;         ;
; lpm_counter1.vhd                    ; yes             ; Auto-Found Wizard-Generated File   ; C:/Users/79616/Documents/GitHub/Interfaces/sinus/lpm_counter1.vhd                    ;         ;
; db/cntr_okh.tdf                     ; yes             ; Auto-Generated Megafunction        ; C:/Users/79616/Documents/GitHub/Interfaces/sinus/db/cntr_okh.tdf                     ;         ;
; lpm_counter3.vhd                    ; yes             ; Auto-Found Wizard-Generated File   ; C:/Users/79616/Documents/GitHub/Interfaces/sinus/lpm_counter3.vhd                    ;         ;
; db/cntr_nrj.tdf                     ; yes             ; Auto-Generated Megafunction        ; C:/Users/79616/Documents/GitHub/Interfaces/sinus/db/cntr_nrj.tdf                     ;         ;
; db/cmpr_7cc.tdf                     ; yes             ; Auto-Generated Megafunction        ; C:/Users/79616/Documents/GitHub/Interfaces/sinus/db/cmpr_7cc.tdf                     ;         ;
; lpm_counter4.vhd                    ; yes             ; Auto-Found Wizard-Generated File   ; C:/Users/79616/Documents/GitHub/Interfaces/sinus/lpm_counter4.vhd                    ;         ;
; db/cntr_i3i.tdf                     ; yes             ; Auto-Generated Megafunction        ; C:/Users/79616/Documents/GitHub/Interfaces/sinus/db/cntr_i3i.tdf                     ;         ;
; altsyncram.tdf                      ; yes             ; Megafunction                       ; c:/altera/13.0sp1/quartus/libraries/megafunctions/altsyncram.tdf                     ;         ;
; stratix_ram_block.inc               ; yes             ; Megafunction                       ; c:/altera/13.0sp1/quartus/libraries/megafunctions/stratix_ram_block.inc              ;         ;
; lpm_mux.inc                         ; yes             ; Megafunction                       ; c:/altera/13.0sp1/quartus/libraries/megafunctions/lpm_mux.inc                        ;         ;
; a_rdenreg.inc                       ; yes             ; Megafunction                       ; c:/altera/13.0sp1/quartus/libraries/megafunctions/a_rdenreg.inc                      ;         ;
; altrom.inc                          ; yes             ; Megafunction                       ; c:/altera/13.0sp1/quartus/libraries/megafunctions/altrom.inc                         ;         ;
; altram.inc                          ; yes             ; Megafunction                       ; c:/altera/13.0sp1/quartus/libraries/megafunctions/altram.inc                         ;         ;
; altdpram.inc                        ; yes             ; Megafunction                       ; c:/altera/13.0sp1/quartus/libraries/megafunctions/altdpram.inc                       ;         ;
; db/altsyncram_f971.tdf              ; yes             ; Auto-Generated Megafunction        ; C:/Users/79616/Documents/GitHub/Interfaces/sinus/db/altsyncram_f971.tdf              ;         ;
; db/cntr_efj.tdf                     ; yes             ; Auto-Generated Megafunction        ; C:/Users/79616/Documents/GitHub/Interfaces/sinus/db/cntr_efj.tdf                     ;         ;
; db/cntr_5mh.tdf                     ; yes             ; Auto-Generated Megafunction        ; C:/Users/79616/Documents/GitHub/Interfaces/sinus/db/cntr_5mh.tdf                     ;         ;
+-------------------------------------+-----------------+------------------------------------+--------------------------------------------------------------------------------------+---------+


+-----------------------------------------------------+
; Analysis & Synthesis Resource Usage Summary         ;
+---------------------------------------------+-------+
; Resource                                    ; Usage ;
+---------------------------------------------+-------+
; Estimated Total logic elements              ; 78    ;
;                                             ;       ;
; Total combinational functions               ; 77    ;
; Logic element usage by number of LUT inputs ;       ;
;     -- 4 input functions                    ; 13    ;
;     -- 3 input functions                    ; 8     ;
;     -- <=2 input functions                  ; 56    ;
;                                             ;       ;
; Logic elements by mode                      ;       ;
;     -- normal mode                          ; 34    ;
;     -- arithmetic mode                      ; 43    ;
;                                             ;       ;
; Total registers                             ; 53    ;
;     -- Dedicated logic registers            ; 53    ;
;     -- I/O registers                        ; 0     ;
;                                             ;       ;
; I/O pins                                    ; 17    ;
; Total memory bits                           ; 10240 ;
; Embedded Multiplier 9-bit elements          ; 0     ;
; Maximum fan-out node                        ; QUARZ ;
; Maximum fan-out                             ; 31    ;
; Total fan-out                               ; 472   ;
; Average fan-out                             ; 3.01  ;
+---------------------------------------------+-------+


+-----------------------------------------------------------------------------------------------------------------------------------------------------------------------------------------------------------------------------------------------------------------------------------------+
; Analysis & Synthesis Resource Utilization by Entity                                                                                                                                                                                                                                     ;
+----------------------------------------------+-------------------+--------------+-------------+--------------+---------+-----------+------+--------------+---------------------------------------------------------------------------------------------------------------+--------------+
; Compilation Hierarchy Node                   ; LC Combinationals ; LC Registers ; Memory Bits ; DSP Elements ; DSP 9x9 ; DSP 18x18 ; Pins ; Virtual Pins ; Full Hierarchy Name                                                                                           ; Library Name ;
+----------------------------------------------+-------------------+--------------+-------------+--------------+---------+-----------+------+--------------+---------------------------------------------------------------------------------------------------------------+--------------+
; |sinus                                       ; 77 (2)            ; 53 (1)       ; 10240       ; 0            ; 0       ; 0         ; 17   ; 0            ; |sinus                                                                                                        ; work         ;
;    |lab1:inst|                               ; 53 (4)            ; 34 (4)       ; 0           ; 0            ; 0       ; 0         ; 0    ; 0            ; |sinus|lab1:inst                                                                                              ; work         ;
;       |lpm_counter0:inst|                    ; 12 (0)            ; 8 (0)        ; 0           ; 0            ; 0       ; 0         ; 0    ; 0            ; |sinus|lab1:inst|lpm_counter0:inst                                                                            ; work         ;
;          |lpm_counter:LPM_COUNTER_component| ; 12 (0)            ; 8 (0)        ; 0           ; 0            ; 0       ; 0         ; 0    ; 0            ; |sinus|lab1:inst|lpm_counter0:inst|lpm_counter:LPM_COUNTER_component                                          ; work         ;
;             |cntr_32k:auto_generated|        ; 12 (10)           ; 8 (8)        ; 0           ; 0            ; 0       ; 0         ; 0    ; 0            ; |sinus|lab1:inst|lpm_counter0:inst|lpm_counter:LPM_COUNTER_component|cntr_32k:auto_generated                  ; work         ;
;                |cmpr_ccc:cmpr2|              ; 2 (2)             ; 0 (0)        ; 0           ; 0            ; 0       ; 0         ; 0    ; 0            ; |sinus|lab1:inst|lpm_counter0:inst|lpm_counter:LPM_COUNTER_component|cntr_32k:auto_generated|cmpr_ccc:cmpr2   ; work         ;
;       |lpm_counter1:inst9|                   ; 4 (0)             ; 4 (0)        ; 0           ; 0            ; 0       ; 0         ; 0    ; 0            ; |sinus|lab1:inst|lpm_counter1:inst9                                                                           ; work         ;
;          |lpm_counter:LPM_COUNTER_component| ; 4 (0)             ; 4 (0)        ; 0           ; 0            ; 0       ; 0         ; 0    ; 0            ; |sinus|lab1:inst|lpm_counter1:inst9|lpm_counter:LPM_COUNTER_component                                         ; work         ;
;             |cntr_okh:auto_generated|        ; 4 (4)             ; 4 (4)        ; 0           ; 0            ; 0       ; 0         ; 0    ; 0            ; |sinus|lab1:inst|lpm_counter1:inst9|lpm_counter:LPM_COUNTER_component|cntr_okh:auto_generated                 ; work         ;
;       |lpm_counter2:inst13|                  ; 17 (0)            ; 12 (0)       ; 0           ; 0            ; 0       ; 0         ; 0    ; 0            ; |sinus|lab1:inst|lpm_counter2:inst13                                                                          ; work         ;
;          |lpm_counter:LPM_COUNTER_component| ; 17 (0)            ; 12 (0)       ; 0           ; 0            ; 0       ; 0         ; 0    ; 0            ; |sinus|lab1:inst|lpm_counter2:inst13|lpm_counter:LPM_COUNTER_component                                        ; work         ;
;             |cntr_qgj:auto_generated|        ; 17 (14)           ; 12 (12)      ; 0           ; 0            ; 0       ; 0         ; 0    ; 0            ; |sinus|lab1:inst|lpm_counter2:inst13|lpm_counter:LPM_COUNTER_component|cntr_qgj:auto_generated                ; work         ;
;                |cmpr_ndc:cmpr2|              ; 3 (3)             ; 0 (0)        ; 0           ; 0            ; 0       ; 0         ; 0    ; 0            ; |sinus|lab1:inst|lpm_counter2:inst13|lpm_counter:LPM_COUNTER_component|cntr_qgj:auto_generated|cmpr_ndc:cmpr2 ; work         ;
;       |lpm_counter3:inst1|                   ; 4 (0)             ; 3 (0)        ; 0           ; 0            ; 0       ; 0         ; 0    ; 0            ; |sinus|lab1:inst|lpm_counter3:inst1                                                                           ; work         ;
;          |lpm_counter:LPM_COUNTER_component| ; 4 (0)             ; 3 (0)        ; 0           ; 0            ; 0       ; 0         ; 0    ; 0            ; |sinus|lab1:inst|lpm_counter3:inst1|lpm_counter:LPM_COUNTER_component                                         ; work         ;
;             |cntr_nrj:auto_generated|        ; 4 (4)             ; 3 (3)        ; 0           ; 0            ; 0       ; 0         ; 0    ; 0            ; |sinus|lab1:inst|lpm_counter3:inst1|lpm_counter:LPM_COUNTER_component|cntr_nrj:auto_generated                 ; work         ;
;       |lpm_counter4:inst7|                   ; 4 (0)             ; 3 (0)        ; 0           ; 0            ; 0       ; 0         ; 0    ; 0            ; |sinus|lab1:inst|lpm_counter4:inst7                                                                           ; work         ;
;          |lpm_counter:LPM_COUNTER_component| ; 4 (0)             ; 3 (0)        ; 0           ; 0            ; 0       ; 0         ; 0    ; 0            ; |sinus|lab1:inst|lpm_counter4:inst7|lpm_counter:LPM_COUNTER_component                                         ; work         ;
;             |cntr_i3i:auto_generated|        ; 4 (4)             ; 3 (3)        ; 0           ; 0            ; 0       ; 0         ; 0    ; 0            ; |sinus|lab1:inst|lpm_counter4:inst7|lpm_counter:LPM_COUNTER_component|cntr_i3i:auto_generated                 ; work         ;
;       |lpm_mux0:inst8|                       ; 8 (0)             ; 0 (0)        ; 0           ; 0            ; 0       ; 0         ; 0    ; 0            ; |sinus|lab1:inst|lpm_mux0:inst8                                                                               ; work         ;
;          |lpm_mux:LPM_MUX_component|         ; 8 (0)             ; 0 (0)        ; 0           ; 0            ; 0       ; 0         ; 0    ; 0            ; |sinus|lab1:inst|lpm_mux0:inst8|lpm_mux:LPM_MUX_component                                                     ; work         ;
;             |mux_o4e:auto_generated|         ; 8 (8)             ; 0 (0)        ; 0           ; 0            ; 0       ; 0         ; 0    ; 0            ; |sinus|lab1:inst|lpm_mux0:inst8|lpm_mux:LPM_MUX_component|mux_o4e:auto_generated                              ; work         ;
;    |lpm_counter5:inst6|                      ; 10 (0)            ; 10 (0)       ; 0           ; 0            ; 0       ; 0         ; 0    ; 0            ; |sinus|lpm_counter5:inst6                                                                                     ; work         ;
;       |lpm_counter:LPM_COUNTER_component|    ; 10 (0)            ; 10 (0)       ; 0           ; 0            ; 0       ; 0         ; 0    ; 0            ; |sinus|lpm_counter5:inst6|lpm_counter:LPM_COUNTER_component                                                   ; work         ;
;          |cntr_5mh:auto_generated|           ; 10 (10)           ; 10 (10)      ; 0           ; 0            ; 0       ; 0         ; 0    ; 0            ; |sinus|lpm_counter5:inst6|lpm_counter:LPM_COUNTER_component|cntr_5mh:auto_generated                           ; work         ;
;    |lpm_counter7:inst8|                      ; 12 (0)            ; 8 (0)        ; 0           ; 0            ; 0       ; 0         ; 0    ; 0            ; |sinus|lpm_counter7:inst8                                                                                     ; work         ;
;       |lpm_counter:LPM_COUNTER_component|    ; 12 (0)            ; 8 (0)        ; 0           ; 0            ; 0       ; 0         ; 0    ; 0            ; |sinus|lpm_counter7:inst8|lpm_counter:LPM_COUNTER_component                                                   ; work         ;
;          |cntr_efj:auto_generated|           ; 12 (10)           ; 8 (8)        ; 0           ; 0            ; 0       ; 0         ; 0    ; 0            ; |sinus|lpm_counter7:inst8|lpm_counter:LPM_COUNTER_component|cntr_efj:auto_generated                           ; work         ;
;             |cmpr_ccc:cmpr2|                 ; 2 (2)             ; 0 (0)        ; 0           ; 0            ; 0       ; 0         ; 0    ; 0            ; |sinus|lpm_counter7:inst8|lpm_counter:LPM_COUNTER_component|cntr_efj:auto_generated|cmpr_ccc:cmpr2            ; work         ;
;    |my_lpm_rom:inst4|                        ; 0 (0)             ; 0 (0)        ; 10240       ; 0            ; 0       ; 0         ; 0    ; 0            ; |sinus|my_lpm_rom:inst4                                                                                       ; work         ;
;       |altsyncram:altsyncram_component|      ; 0 (0)             ; 0 (0)        ; 10240       ; 0            ; 0       ; 0         ; 0    ; 0            ; |sinus|my_lpm_rom:inst4|altsyncram:altsyncram_component                                                       ; work         ;
;          |altsyncram_f971:auto_generated|    ; 0 (0)             ; 0 (0)        ; 10240       ; 0            ; 0       ; 0         ; 0    ; 0            ; |sinus|my_lpm_rom:inst4|altsyncram:altsyncram_component|altsyncram_f971:auto_generated                        ; work         ;
+----------------------------------------------+-------------------+--------------+-------------+--------------+---------+-----------+------+--------------+---------------------------------------------------------------------------------------------------------------+--------------+
Note: For table entries with two numbers listed, the numbers in parentheses indicate the number of resources of the given type used by the specific entity alone. The numbers listed outside of parentheses indicate the total resources of the given type used by the specific entity and all of its sub-entities in the hierarchy.


+---------------------------------------------------------------------------------------------------------------------------------------------------------------------------------------------+
; Analysis & Synthesis RAM Summary                                                                                                                                                            ;
+--------------------------------------------------------------------------------------------+------+------+--------------+--------------+--------------+--------------+-------+--------------+
; Name                                                                                       ; Type ; Mode ; Port A Depth ; Port A Width ; Port B Depth ; Port B Width ; Size  ; MIF          ;
+--------------------------------------------------------------------------------------------+------+------+--------------+--------------+--------------+--------------+-------+--------------+
; my_lpm_rom:inst4|altsyncram:altsyncram_component|altsyncram_f971:auto_generated|ALTSYNCRAM ; AUTO ; ROM  ; 1024         ; 10           ; --           ; --           ; 10240 ; ../sinus.mif ;
+--------------------------------------------------------------------------------------------+------+------+--------------+--------------+--------------+--------------+-------+--------------+


+----------------------------------------------------------------------------------------------------------------------------------------------------------------------------------------------+
; Analysis & Synthesis IP Cores Summary                                                                                                                                                        ;
+--------+--------------+---------+--------------+--------------+---------------------------------------+--------------------------------------------------------------------------------------+
; Vendor ; IP Core Name ; Version ; Release Date ; License Type ; Entity Instance                       ; IP Include File                                                                      ;
+--------+--------------+---------+--------------+--------------+---------------------------------------+--------------------------------------------------------------------------------------+
; Altera ; LPM_COUNTER  ; 13.0    ; N/A          ; N/A          ; |sinus|lab1:inst|lpm_counter0:inst    ; C:/Users/79616/Documents/GitHub/Interfaces/sinus/lpm_counter0.vhd                    ;
; Altera ; LPM_COUNTER  ; N/A     ; N/A          ; N/A          ; |sinus|lab1:inst|lpm_counter3:inst1   ; C:/Users/79616/Documents/GitHub/Interfaces/sinus/lpm_counter3.vhd                    ;
; Altera ; LPM_CONSTANT ; N/A     ; N/A          ; N/A          ; |sinus|lab1:inst|lpm_constant1:inst1f ; C:/Users/79616/Documents/GitHub/Interfaces/sinus/lpm_constant1.vhd                   ;
; Altera ; LPM_COUNTER  ; N/A     ; N/A          ; N/A          ; |sinus|lab1:inst|lpm_counter4:inst7   ; C:/Users/79616/Documents/GitHub/Interfaces/sinus/lpm_counter4.vhd                    ;
; Altera ; LPM_MUX      ; N/A     ; N/A          ; N/A          ; |sinus|lab1:inst|lpm_mux0:inst8       ; C:/Users/79616/Documents/GitHub/Interfaces/sinus/lpm_mux0.vhd                        ;
; Altera ; LPM_COUNTER  ; N/A     ; N/A          ; N/A          ; |sinus|lab1:inst|lpm_counter1:inst9   ; C:/Users/79616/Documents/GitHub/Interfaces/sinus/lpm_counter1.vhd                    ;
; Altera ; LPM_COUNTER  ; N/A     ; N/A          ; N/A          ; |sinus|lab1:inst|lpm_counter2:inst13  ; C:/Users/79616/Documents/GitHub/Interfaces/sinus/lpm_counter2.vhd                    ;
; Altera ; LPM_CONSTANT ; N/A     ; N/A          ; N/A          ; |sinus|lab1:inst|lpm_constant0:instt  ; C:/Users/79616/Documents/GitHub/Interfaces/sinus/lpm_constant0.vhd                   ;
; Altera ; ROM: 1-PORT  ; 13.0    ; N/A          ; N/A          ; |sinus|my_lpm_rom:inst4               ; C:/Users/79616/Documents/GitHub/Interfaces/sinus/my_lpm_rom.vhd                      ;
; Altera ; LPM_COUNTER  ; 13.0    ; N/A          ; N/A          ; |sinus|lpm_counter5:inst6             ; C:/Users/79616/Documents/GitHub/Interfaces/sinus/spi_2_DAC_APPROVED/lpm_counter5.vhd ;
; Altera ; LPM_COUNTER  ; 13.0    ; N/A          ; N/A          ; |sinus|lpm_counter7:inst8             ; C:/Users/79616/Documents/GitHub/Interfaces/sinus/spi_2_DAC_APPROVED/lpm_counter7.vhd ;
; Altera ; LPM_CONSTANT ; N/A     ; N/A          ; N/A          ; |sinus|lpm_constant0:inst10           ; C:/Users/79616/Documents/GitHub/Interfaces/sinus/lpm_constant0.vhd                   ;
; Altera ; LPM_CONSTANT ; N/A     ; N/A          ; N/A          ; |sinus|lpm_constant1:inst11           ; C:/Users/79616/Documents/GitHub/Interfaces/sinus/lpm_constant1.vhd                   ;
+--------+--------------+---------+--------------+--------------+---------------------------------------+--------------------------------------------------------------------------------------+


+------------------------------------------------------+
; General Register Statistics                          ;
+----------------------------------------------+-------+
; Statistic                                    ; Value ;
+----------------------------------------------+-------+
; Total registers                              ; 53    ;
; Number of registers using Synchronous Clear  ; 0     ;
; Number of registers using Synchronous Load   ; 28    ;
; Number of registers using Asynchronous Clear ; 5     ;
; Number of registers using Asynchronous Load  ; 0     ;
; Number of registers using Clock Enable       ; 8     ;
; Number of registers using Preset             ; 0     ;
+----------------------------------------------+-------+


+--------------------------------------------------------------------------------------------------------+
; Source assignments for my_lpm_rom:inst4|altsyncram:altsyncram_component|altsyncram_f971:auto_generated ;
+---------------------------------+--------------------+------+------------------------------------------+
; Assignment                      ; Value              ; From ; To                                       ;
+---------------------------------+--------------------+------+------------------------------------------+
; OPTIMIZE_POWER_DURING_SYNTHESIS ; NORMAL_COMPILATION ; -    ; -                                        ;
+---------------------------------+--------------------+------+------------------------------------------+


+----------------------------------------------------------------------------------------------------------------+
; Parameter Settings for User Entity Instance: lab1:inst|lpm_constant0:instt|lpm_constant:LPM_CONSTANT_component ;
+--------------------+------------------+------------------------------------------------------------------------+
; Parameter Name     ; Value            ; Type                                                                   ;
+--------------------+------------------+------------------------------------------------------------------------+
; LPM_WIDTH          ; 1                ; Signed Integer                                                         ;
; LPM_CVALUE         ; 1                ; Signed Integer                                                         ;
; ENABLE_RUNTIME_MOD ; NO               ; Untyped                                                                ;
; CBXI_PARAMETER     ; lpm_constant_4e6 ; Untyped                                                                ;
+--------------------+------------------+------------------------------------------------------------------------+
Note: In order to hide this table in the UI and the text report file, please set the "Show Parameter Settings in Synthesis Report" option in "Analysis and Synthesis Settings -> More Settings" to "Off".


+------------------------------------------------------------------------------------------------------------+
; Parameter Settings for User Entity Instance: lab1:inst|lpm_counter0:inst|lpm_counter:LPM_COUNTER_component ;
+------------------------+-------------+---------------------------------------------------------------------+
; Parameter Name         ; Value       ; Type                                                                ;
+------------------------+-------------+---------------------------------------------------------------------+
; AUTO_CARRY_CHAINS      ; ON          ; AUTO_CARRY                                                          ;
; IGNORE_CARRY_BUFFERS   ; OFF         ; IGNORE_CARRY                                                        ;
; AUTO_CASCADE_CHAINS    ; ON          ; AUTO_CASCADE                                                        ;
; IGNORE_CASCADE_BUFFERS ; OFF         ; IGNORE_CASCADE                                                      ;
; LPM_WIDTH              ; 8           ; Signed Integer                                                      ;
; LPM_DIRECTION          ; UP          ; Untyped                                                             ;
; LPM_MODULUS            ; 2           ; Signed Integer                                                      ;
; LPM_AVALUE             ; UNUSED      ; Untyped                                                             ;
; LPM_SVALUE             ; UNUSED      ; Untyped                                                             ;
; LPM_PORT_UPDOWN        ; PORT_UNUSED ; Untyped                                                             ;
; DEVICE_FAMILY          ; Cyclone II  ; Untyped                                                             ;
; CARRY_CHAIN            ; MANUAL      ; Untyped                                                             ;
; CARRY_CHAIN_LENGTH     ; 48          ; CARRY_CHAIN_LENGTH                                                  ;
; NOT_GATE_PUSH_BACK     ; ON          ; NOT_GATE_PUSH_BACK                                                  ;
; CARRY_CNT_EN           ; SMART       ; Untyped                                                             ;
; LABWIDE_SCLR           ; ON          ; Untyped                                                             ;
; USE_NEW_VERSION        ; TRUE        ; Untyped                                                             ;
; CBXI_PARAMETER         ; cntr_32k    ; Untyped                                                             ;
+------------------------+-------------+---------------------------------------------------------------------+
Note: In order to hide this table in the UI and the text report file, please set the "Show Parameter Settings in Synthesis Report" option in "Analysis and Synthesis Settings -> More Settings" to "Off".


+--------------------------------------------------------------------------------------------------------------+
; Parameter Settings for User Entity Instance: lab1:inst|lpm_counter2:inst13|lpm_counter:LPM_COUNTER_component ;
+------------------------+-------------+-----------------------------------------------------------------------+
; Parameter Name         ; Value       ; Type                                                                  ;
+------------------------+-------------+-----------------------------------------------------------------------+
; AUTO_CARRY_CHAINS      ; ON          ; AUTO_CARRY                                                            ;
; IGNORE_CARRY_BUFFERS   ; OFF         ; IGNORE_CARRY                                                          ;
; AUTO_CASCADE_CHAINS    ; ON          ; AUTO_CASCADE                                                          ;
; IGNORE_CASCADE_BUFFERS ; OFF         ; IGNORE_CASCADE                                                        ;
; LPM_WIDTH              ; 12          ; Signed Integer                                                        ;
; LPM_DIRECTION          ; UP          ; Untyped                                                               ;
; LPM_MODULUS            ; 64          ; Signed Integer                                                        ;
; LPM_AVALUE             ; UNUSED      ; Untyped                                                               ;
; LPM_SVALUE             ; UNUSED      ; Untyped                                                               ;
; LPM_PORT_UPDOWN        ; PORT_UNUSED ; Untyped                                                               ;
; DEVICE_FAMILY          ; Cyclone II  ; Untyped                                                               ;
; CARRY_CHAIN            ; MANUAL      ; Untyped                                                               ;
; CARRY_CHAIN_LENGTH     ; 48          ; CARRY_CHAIN_LENGTH                                                    ;
; NOT_GATE_PUSH_BACK     ; ON          ; NOT_GATE_PUSH_BACK                                                    ;
; CARRY_CNT_EN           ; SMART       ; Untyped                                                               ;
; LABWIDE_SCLR           ; ON          ; Untyped                                                               ;
; USE_NEW_VERSION        ; TRUE        ; Untyped                                                               ;
; CBXI_PARAMETER         ; cntr_qgj    ; Untyped                                                               ;
+------------------------+-------------+-----------------------------------------------------------------------+
Note: In order to hide this table in the UI and the text report file, please set the "Show Parameter Settings in Synthesis Report" option in "Analysis and Synthesis Settings -> More Settings" to "Off".


+-------------------------------------------------------------------------------------------------+
; Parameter Settings for User Entity Instance: lab1:inst|lpm_mux0:inst8|LPM_MUX:LPM_MUX_component ;
+------------------------+------------+-----------------------------------------------------------+
; Parameter Name         ; Value      ; Type                                                      ;
+------------------------+------------+-----------------------------------------------------------+
; AUTO_CARRY_CHAINS      ; ON         ; AUTO_CARRY                                                ;
; IGNORE_CARRY_BUFFERS   ; OFF        ; IGNORE_CARRY                                              ;
; AUTO_CASCADE_CHAINS    ; ON         ; AUTO_CASCADE                                              ;
; IGNORE_CASCADE_BUFFERS ; OFF        ; IGNORE_CASCADE                                            ;
; LPM_WIDTH              ; 1          ; Signed Integer                                            ;
; LPM_SIZE               ; 16         ; Signed Integer                                            ;
; LPM_WIDTHS             ; 4          ; Signed Integer                                            ;
; LPM_PIPELINE           ; 0          ; Signed Integer                                            ;
; CBXI_PARAMETER         ; mux_o4e    ; Untyped                                                   ;
; DEVICE_FAMILY          ; Cyclone II ; Untyped                                                   ;
+------------------------+------------+-----------------------------------------------------------+
Note: In order to hide this table in the UI and the text report file, please set the "Show Parameter Settings in Synthesis Report" option in "Analysis and Synthesis Settings -> More Settings" to "Off".


+-----------------------------------------------------------------------------------------------------------------+
; Parameter Settings for User Entity Instance: lab1:inst|lpm_constant1:inst1f|lpm_constant:LPM_CONSTANT_component ;
+--------------------+------------------+-------------------------------------------------------------------------+
; Parameter Name     ; Value            ; Type                                                                    ;
+--------------------+------------------+-------------------------------------------------------------------------+
; LPM_WIDTH          ; 1                ; Signed Integer                                                          ;
; LPM_CVALUE         ; 0                ; Signed Integer                                                          ;
; ENABLE_RUNTIME_MOD ; NO               ; Untyped                                                                 ;
; CBXI_PARAMETER     ; lpm_constant_3e6 ; Untyped                                                                 ;
+--------------------+------------------+-------------------------------------------------------------------------+
Note: In order to hide this table in the UI and the text report file, please set the "Show Parameter Settings in Synthesis Report" option in "Analysis and Synthesis Settings -> More Settings" to "Off".


+-------------------------------------------------------------------------------------------------------------+
; Parameter Settings for User Entity Instance: lab1:inst|lpm_counter1:inst9|lpm_counter:LPM_COUNTER_component ;
+------------------------+-------------+----------------------------------------------------------------------+
; Parameter Name         ; Value       ; Type                                                                 ;
+------------------------+-------------+----------------------------------------------------------------------+
; AUTO_CARRY_CHAINS      ; ON          ; AUTO_CARRY                                                           ;
; IGNORE_CARRY_BUFFERS   ; OFF         ; IGNORE_CARRY                                                         ;
; AUTO_CASCADE_CHAINS    ; ON          ; AUTO_CASCADE                                                         ;
; IGNORE_CASCADE_BUFFERS ; OFF         ; IGNORE_CASCADE                                                       ;
; LPM_WIDTH              ; 4           ; Signed Integer                                                       ;
; LPM_DIRECTION          ; UP          ; Untyped                                                              ;
; LPM_MODULUS            ; 0           ; Untyped                                                              ;
; LPM_AVALUE             ; UNUSED      ; Untyped                                                              ;
; LPM_SVALUE             ; UNUSED      ; Untyped                                                              ;
; LPM_PORT_UPDOWN        ; PORT_UNUSED ; Untyped                                                              ;
; DEVICE_FAMILY          ; Cyclone II  ; Untyped                                                              ;
; CARRY_CHAIN            ; MANUAL      ; Untyped                                                              ;
; CARRY_CHAIN_LENGTH     ; 48          ; CARRY_CHAIN_LENGTH                                                   ;
; NOT_GATE_PUSH_BACK     ; ON          ; NOT_GATE_PUSH_BACK                                                   ;
; CARRY_CNT_EN           ; SMART       ; Untyped                                                              ;
; LABWIDE_SCLR           ; ON          ; Untyped                                                              ;
; USE_NEW_VERSION        ; TRUE        ; Untyped                                                              ;
; CBXI_PARAMETER         ; cntr_okh    ; Untyped                                                              ;
+------------------------+-------------+----------------------------------------------------------------------+
Note: In order to hide this table in the UI and the text report file, please set the "Show Parameter Settings in Synthesis Report" option in "Analysis and Synthesis Settings -> More Settings" to "Off".


+-------------------------------------------------------------------------------------------------------------+
; Parameter Settings for User Entity Instance: lab1:inst|lpm_counter3:inst1|lpm_counter:LPM_COUNTER_component ;
+------------------------+-------------+----------------------------------------------------------------------+
; Parameter Name         ; Value       ; Type                                                                 ;
+------------------------+-------------+----------------------------------------------------------------------+
; AUTO_CARRY_CHAINS      ; ON          ; AUTO_CARRY                                                           ;
; IGNORE_CARRY_BUFFERS   ; OFF         ; IGNORE_CARRY                                                         ;
; AUTO_CASCADE_CHAINS    ; ON          ; AUTO_CASCADE                                                         ;
; IGNORE_CASCADE_BUFFERS ; OFF         ; IGNORE_CASCADE                                                       ;
; LPM_WIDTH              ; 3           ; Signed Integer                                                       ;
; LPM_DIRECTION          ; UP          ; Untyped                                                              ;
; LPM_MODULUS            ; 5           ; Signed Integer                                                       ;
; LPM_AVALUE             ; UNUSED      ; Untyped                                                              ;
; LPM_SVALUE             ; UNUSED      ; Untyped                                                              ;
; LPM_PORT_UPDOWN        ; PORT_UNUSED ; Untyped                                                              ;
; DEVICE_FAMILY          ; Cyclone II  ; Untyped                                                              ;
; CARRY_CHAIN            ; MANUAL      ; Untyped                                                              ;
; CARRY_CHAIN_LENGTH     ; 48          ; CARRY_CHAIN_LENGTH                                                   ;
; NOT_GATE_PUSH_BACK     ; ON          ; NOT_GATE_PUSH_BACK                                                   ;
; CARRY_CNT_EN           ; SMART       ; Untyped                                                              ;
; LABWIDE_SCLR           ; ON          ; Untyped                                                              ;
; USE_NEW_VERSION        ; TRUE        ; Untyped                                                              ;
; CBXI_PARAMETER         ; cntr_nrj    ; Untyped                                                              ;
+------------------------+-------------+----------------------------------------------------------------------+
Note: In order to hide this table in the UI and the text report file, please set the "Show Parameter Settings in Synthesis Report" option in "Analysis and Synthesis Settings -> More Settings" to "Off".


+-------------------------------------------------------------------------------------------------------------+
; Parameter Settings for User Entity Instance: lab1:inst|lpm_counter4:inst7|lpm_counter:LPM_COUNTER_component ;
+------------------------+-------------+----------------------------------------------------------------------+
; Parameter Name         ; Value       ; Type                                                                 ;
+------------------------+-------------+----------------------------------------------------------------------+
; AUTO_CARRY_CHAINS      ; ON          ; AUTO_CARRY                                                           ;
; IGNORE_CARRY_BUFFERS   ; OFF         ; IGNORE_CARRY                                                         ;
; AUTO_CASCADE_CHAINS    ; ON          ; AUTO_CASCADE                                                         ;
; IGNORE_CASCADE_BUFFERS ; OFF         ; IGNORE_CASCADE                                                       ;
; LPM_WIDTH              ; 3           ; Signed Integer                                                       ;
; LPM_DIRECTION          ; UP          ; Untyped                                                              ;
; LPM_MODULUS            ; 0           ; Untyped                                                              ;
; LPM_AVALUE             ; UNUSED      ; Untyped                                                              ;
; LPM_SVALUE             ; UNUSED      ; Untyped                                                              ;
; LPM_PORT_UPDOWN        ; PORT_UNUSED ; Untyped                                                              ;
; DEVICE_FAMILY          ; Cyclone II  ; Untyped                                                              ;
; CARRY_CHAIN            ; MANUAL      ; Untyped                                                              ;
; CARRY_CHAIN_LENGTH     ; 48          ; CARRY_CHAIN_LENGTH                                                   ;
; NOT_GATE_PUSH_BACK     ; ON          ; NOT_GATE_PUSH_BACK                                                   ;
; CARRY_CNT_EN           ; SMART       ; Untyped                                                              ;
; LABWIDE_SCLR           ; ON          ; Untyped                                                              ;
; USE_NEW_VERSION        ; TRUE        ; Untyped                                                              ;
; CBXI_PARAMETER         ; cntr_i3i    ; Untyped                                                              ;
+------------------------+-------------+----------------------------------------------------------------------+
Note: In order to hide this table in the UI and the text report file, please set the "Show Parameter Settings in Synthesis Report" option in "Analysis and Synthesis Settings -> More Settings" to "Off".


+-----------------------------------------------------------------------------------------------+
; Parameter Settings for User Entity Instance: my_lpm_rom:inst4|altsyncram:altsyncram_component ;
+------------------------------------+----------------------+-----------------------------------+
; Parameter Name                     ; Value                ; Type                              ;
+------------------------------------+----------------------+-----------------------------------+
; BYTE_SIZE_BLOCK                    ; 8                    ; Untyped                           ;
; AUTO_CARRY_CHAINS                  ; ON                   ; AUTO_CARRY                        ;
; IGNORE_CARRY_BUFFERS               ; OFF                  ; IGNORE_CARRY                      ;
; AUTO_CASCADE_CHAINS                ; ON                   ; AUTO_CASCADE                      ;
; IGNORE_CASCADE_BUFFERS             ; OFF                  ; IGNORE_CASCADE                    ;
; WIDTH_BYTEENA                      ; 1                    ; Untyped                           ;
; OPERATION_MODE                     ; ROM                  ; Untyped                           ;
; WIDTH_A                            ; 10                   ; Signed Integer                    ;
; WIDTHAD_A                          ; 10                   ; Signed Integer                    ;
; NUMWORDS_A                         ; 1024                 ; Signed Integer                    ;
; OUTDATA_REG_A                      ; CLOCK0               ; Untyped                           ;
; ADDRESS_ACLR_A                     ; NONE                 ; Untyped                           ;
; OUTDATA_ACLR_A                     ; NONE                 ; Untyped                           ;
; WRCONTROL_ACLR_A                   ; NONE                 ; Untyped                           ;
; INDATA_ACLR_A                      ; NONE                 ; Untyped                           ;
; BYTEENA_ACLR_A                     ; NONE                 ; Untyped                           ;
; WIDTH_B                            ; 1                    ; Untyped                           ;
; WIDTHAD_B                          ; 1                    ; Untyped                           ;
; NUMWORDS_B                         ; 1                    ; Untyped                           ;
; INDATA_REG_B                       ; CLOCK1               ; Untyped                           ;
; WRCONTROL_WRADDRESS_REG_B          ; CLOCK1               ; Untyped                           ;
; RDCONTROL_REG_B                    ; CLOCK1               ; Untyped                           ;
; ADDRESS_REG_B                      ; CLOCK1               ; Untyped                           ;
; OUTDATA_REG_B                      ; UNREGISTERED         ; Untyped                           ;
; BYTEENA_REG_B                      ; CLOCK1               ; Untyped                           ;
; INDATA_ACLR_B                      ; NONE                 ; Untyped                           ;
; WRCONTROL_ACLR_B                   ; NONE                 ; Untyped                           ;
; ADDRESS_ACLR_B                     ; NONE                 ; Untyped                           ;
; OUTDATA_ACLR_B                     ; NONE                 ; Untyped                           ;
; RDCONTROL_ACLR_B                   ; NONE                 ; Untyped                           ;
; BYTEENA_ACLR_B                     ; NONE                 ; Untyped                           ;
; WIDTH_BYTEENA_A                    ; 1                    ; Signed Integer                    ;
; WIDTH_BYTEENA_B                    ; 1                    ; Untyped                           ;
; RAM_BLOCK_TYPE                     ; AUTO                 ; Untyped                           ;
; BYTE_SIZE                          ; 8                    ; Untyped                           ;
; READ_DURING_WRITE_MODE_MIXED_PORTS ; DONT_CARE            ; Untyped                           ;
; READ_DURING_WRITE_MODE_PORT_A      ; NEW_DATA_NO_NBE_READ ; Untyped                           ;
; READ_DURING_WRITE_MODE_PORT_B      ; NEW_DATA_NO_NBE_READ ; Untyped                           ;
; INIT_FILE                          ; ../sinus.mif         ; Untyped                           ;
; INIT_FILE_LAYOUT                   ; PORT_A               ; Untyped                           ;
; MAXIMUM_DEPTH                      ; 0                    ; Untyped                           ;
; CLOCK_ENABLE_INPUT_A               ; BYPASS               ; Untyped                           ;
; CLOCK_ENABLE_INPUT_B               ; NORMAL               ; Untyped                           ;
; CLOCK_ENABLE_OUTPUT_A              ; BYPASS               ; Untyped                           ;
; CLOCK_ENABLE_OUTPUT_B              ; NORMAL               ; Untyped                           ;
; CLOCK_ENABLE_CORE_A                ; USE_INPUT_CLKEN      ; Untyped                           ;
; CLOCK_ENABLE_CORE_B                ; USE_INPUT_CLKEN      ; Untyped                           ;
; ENABLE_ECC                         ; FALSE                ; Untyped                           ;
; ECC_PIPELINE_STAGE_ENABLED         ; FALSE                ; Untyped                           ;
; WIDTH_ECCSTATUS                    ; 3                    ; Untyped                           ;
; DEVICE_FAMILY                      ; Cyclone II           ; Untyped                           ;
; CBXI_PARAMETER                     ; altsyncram_f971      ; Untyped                           ;
+------------------------------------+----------------------+-----------------------------------+
Note: In order to hide this table in the UI and the text report file, please set the "Show Parameter Settings in Synthesis Report" option in "Analysis and Synthesis Settings -> More Settings" to "Off".


+-------------------------------------------------------------------------------------------------------+
; Parameter Settings for User Entity Instance: lpm_constant0:inst10|lpm_constant:LPM_CONSTANT_component ;
+--------------------+------------------+---------------------------------------------------------------+
; Parameter Name     ; Value            ; Type                                                          ;
+--------------------+------------------+---------------------------------------------------------------+
; LPM_WIDTH          ; 1                ; Signed Integer                                                ;
; LPM_CVALUE         ; 1                ; Signed Integer                                                ;
; ENABLE_RUNTIME_MOD ; NO               ; Untyped                                                       ;
; CBXI_PARAMETER     ; lpm_constant_4e6 ; Untyped                                                       ;
+--------------------+------------------+---------------------------------------------------------------+
Note: In order to hide this table in the UI and the text report file, please set the "Show Parameter Settings in Synthesis Report" option in "Analysis and Synthesis Settings -> More Settings" to "Off".


+---------------------------------------------------------------------------------------------------+
; Parameter Settings for User Entity Instance: lpm_counter7:inst8|lpm_counter:LPM_COUNTER_component ;
+------------------------+-------------+------------------------------------------------------------+
; Parameter Name         ; Value       ; Type                                                       ;
+------------------------+-------------+------------------------------------------------------------+
; AUTO_CARRY_CHAINS      ; ON          ; AUTO_CARRY                                                 ;
; IGNORE_CARRY_BUFFERS   ; OFF         ; IGNORE_CARRY                                               ;
; AUTO_CASCADE_CHAINS    ; ON          ; AUTO_CASCADE                                               ;
; IGNORE_CASCADE_BUFFERS ; OFF         ; IGNORE_CASCADE                                             ;
; LPM_WIDTH              ; 8           ; Signed Integer                                             ;
; LPM_DIRECTION          ; UP          ; Untyped                                                    ;
; LPM_MODULUS            ; 63          ; Signed Integer                                             ;
; LPM_AVALUE             ; UNUSED      ; Untyped                                                    ;
; LPM_SVALUE             ; UNUSED      ; Untyped                                                    ;
; LPM_PORT_UPDOWN        ; PORT_UNUSED ; Untyped                                                    ;
; DEVICE_FAMILY          ; Cyclone II  ; Untyped                                                    ;
; CARRY_CHAIN            ; MANUAL      ; Untyped                                                    ;
; CARRY_CHAIN_LENGTH     ; 48          ; CARRY_CHAIN_LENGTH                                         ;
; NOT_GATE_PUSH_BACK     ; ON          ; NOT_GATE_PUSH_BACK                                         ;
; CARRY_CNT_EN           ; SMART       ; Untyped                                                    ;
; LABWIDE_SCLR           ; ON          ; Untyped                                                    ;
; USE_NEW_VERSION        ; TRUE        ; Untyped                                                    ;
; CBXI_PARAMETER         ; cntr_efj    ; Untyped                                                    ;
+------------------------+-------------+------------------------------------------------------------+
Note: In order to hide this table in the UI and the text report file, please set the "Show Parameter Settings in Synthesis Report" option in "Analysis and Synthesis Settings -> More Settings" to "Off".


+---------------------------------------------------------------------------------------------------+
; Parameter Settings for User Entity Instance: lpm_counter5:inst6|lpm_counter:LPM_COUNTER_component ;
+------------------------+-------------+------------------------------------------------------------+
; Parameter Name         ; Value       ; Type                                                       ;
+------------------------+-------------+------------------------------------------------------------+
; AUTO_CARRY_CHAINS      ; ON          ; AUTO_CARRY                                                 ;
; IGNORE_CARRY_BUFFERS   ; OFF         ; IGNORE_CARRY                                               ;
; AUTO_CASCADE_CHAINS    ; ON          ; AUTO_CASCADE                                               ;
; IGNORE_CASCADE_BUFFERS ; OFF         ; IGNORE_CASCADE                                             ;
; LPM_WIDTH              ; 10          ; Signed Integer                                             ;
; LPM_DIRECTION          ; UP          ; Untyped                                                    ;
; LPM_MODULUS            ; 0           ; Untyped                                                    ;
; LPM_AVALUE             ; UNUSED      ; Untyped                                                    ;
; LPM_SVALUE             ; UNUSED      ; Untyped                                                    ;
; LPM_PORT_UPDOWN        ; PORT_UNUSED ; Untyped                                                    ;
; DEVICE_FAMILY          ; Cyclone II  ; Untyped                                                    ;
; CARRY_CHAIN            ; MANUAL      ; Untyped                                                    ;
; CARRY_CHAIN_LENGTH     ; 48          ; CARRY_CHAIN_LENGTH                                         ;
; NOT_GATE_PUSH_BACK     ; ON          ; NOT_GATE_PUSH_BACK                                         ;
; CARRY_CNT_EN           ; SMART       ; Untyped                                                    ;
; LABWIDE_SCLR           ; ON          ; Untyped                                                    ;
; USE_NEW_VERSION        ; TRUE        ; Untyped                                                    ;
; CBXI_PARAMETER         ; cntr_5mh    ; Untyped                                                    ;
+------------------------+-------------+------------------------------------------------------------+
Note: In order to hide this table in the UI and the text report file, please set the "Show Parameter Settings in Synthesis Report" option in "Analysis and Synthesis Settings -> More Settings" to "Off".


+-------------------------------------------------------------------------------------------------------+
; Parameter Settings for User Entity Instance: lpm_constant1:inst11|lpm_constant:LPM_CONSTANT_component ;
+--------------------+------------------+---------------------------------------------------------------+
; Parameter Name     ; Value            ; Type                                                          ;
+--------------------+------------------+---------------------------------------------------------------+
; LPM_WIDTH          ; 1                ; Signed Integer                                                ;
; LPM_CVALUE         ; 0                ; Signed Integer                                                ;
; ENABLE_RUNTIME_MOD ; NO               ; Untyped                                                       ;
; CBXI_PARAMETER     ; lpm_constant_3e6 ; Untyped                                                       ;
+--------------------+------------------+---------------------------------------------------------------+
Note: In order to hide this table in the UI and the text report file, please set the "Show Parameter Settings in Synthesis Report" option in "Analysis and Synthesis Settings -> More Settings" to "Off".


+----------------------------------------------------------------------------------------------+
; altsyncram Parameter Settings by Entity Instance                                             ;
+-------------------------------------------+--------------------------------------------------+
; Name                                      ; Value                                            ;
+-------------------------------------------+--------------------------------------------------+
; Number of entity instances                ; 1                                                ;
; Entity Instance                           ; my_lpm_rom:inst4|altsyncram:altsyncram_component ;
;     -- OPERATION_MODE                     ; ROM                                              ;
;     -- WIDTH_A                            ; 10                                               ;
;     -- NUMWORDS_A                         ; 1024                                             ;
;     -- OUTDATA_REG_A                      ; CLOCK0                                           ;
;     -- WIDTH_B                            ; 1                                                ;
;     -- NUMWORDS_B                         ; 1                                                ;
;     -- ADDRESS_REG_B                      ; CLOCK1                                           ;
;     -- OUTDATA_REG_B                      ; UNREGISTERED                                     ;
;     -- RAM_BLOCK_TYPE                     ; AUTO                                             ;
;     -- READ_DURING_WRITE_MODE_MIXED_PORTS ; DONT_CARE                                        ;
+-------------------------------------------+--------------------------------------------------+


+-------------------------------+
; Elapsed Time Per Partition    ;
+----------------+--------------+
; Partition Name ; Elapsed Time ;
+----------------+--------------+
; Top            ; 00:00:00     ;
+----------------+--------------+


+-------------------------------+
; Analysis & Synthesis Messages ;
+-------------------------------+
Info: *******************************************************************
Info: Running Quartus II 64-Bit Analysis & Synthesis
    Info: Version 13.0.1 Build 232 06/12/2013 Service Pack 1 SJ Web Edition
    Info: Processing started: Sat Nov 13 12:02:57 2021
Info: Command: quartus_map --read_settings_files=on --write_settings_files=off sinus -c sinus
Warning (20028): Parallel compilation is not licensed and has been disabled
Info (12021): Found 1 design units, including 1 entities, in source file spi_2_dac_approved/lab1.bdf
    Info (12023): Found entity 1: lab1
Info (12021): Found 1 design units, including 1 entities, in source file sinus.bdf
    Info (12023): Found entity 1: sinus
Info (12021): Found 2 design units, including 1 entities, in source file lpm_counter0.vhd
    Info (12022): Found design unit 1: lpm_counter0-SYN
    Info (12023): Found entity 1: lpm_counter0
Info (12021): Found 2 design units, including 1 entities, in source file my_lpm_rom.vhd
    Info (12022): Found design unit 1: my_lpm_rom-SYN
    Info (12023): Found entity 1: my_lpm_rom
Info (12021): Found 2 design units, including 1 entities, in source file spi_2_dac_approved/lpm_counter5.vhd
    Info (12022): Found design unit 1: lpm_counter5-SYN
    Info (12023): Found entity 1: lpm_counter5
Info (12021): Found 2 design units, including 1 entities, in source file spi_2_dac_approved/lpm_counter6.vhd
    Info (12022): Found design unit 1: lpm_counter6-SYN
    Info (12023): Found entity 1: lpm_counter6
Info (12021): Found 2 design units, including 1 entities, in source file spi_2_dac_approved/lpm_counter7.vhd
    Info (12022): Found design unit 1: lpm_counter7-SYN
    Info (12023): Found entity 1: lpm_counter7
Info (12127): Elaborating entity "sinus" for the top level hierarchy
Info (12128): Elaborating entity "lab1" for hierarchy "lab1:inst"
Warning (12125): Using design file lpm_constant0.vhd, which is not specified as a design file for the current project, but contains definitions for 2 design units and 1 entities in project
    Info (12022): Found design unit 1: lpm_constant0-SYN
    Info (12023): Found entity 1: lpm_constant0
Info (12128): Elaborating entity "lpm_constant0" for hierarchy "lab1:inst|lpm_constant0:instt"
Info (12128): Elaborating entity "lpm_constant" for hierarchy "lab1:inst|lpm_constant0:instt|lpm_constant:LPM_CONSTANT_component"
Info (12130): Elaborated megafunction instantiation "lab1:inst|lpm_constant0:instt|lpm_constant:LPM_CONSTANT_component"
Info (12133): Instantiated megafunction "lab1:inst|lpm_constant0:instt|lpm_constant:LPM_CONSTANT_component" with the following parameter:
    Info (12134): Parameter "lpm_cvalue" = "1"
    Info (12134): Parameter "lpm_hint" = "ENABLE_RUNTIME_MOD=NO"
    Info (12134): Parameter "lpm_type" = "LPM_CONSTANT"
    Info (12134): Parameter "lpm_width" = "1"
Info (12128): Elaborating entity "lpm_counter0" for hierarchy "lab1:inst|lpm_counter0:inst"
Info (12128): Elaborating entity "lpm_counter" for hierarchy "lab1:inst|lpm_counter0:inst|lpm_counter:LPM_COUNTER_component"
Info (12130): Elaborated megafunction instantiation "lab1:inst|lpm_counter0:inst|lpm_counter:LPM_COUNTER_component"
Info (12133): Instantiated megafunction "lab1:inst|lpm_counter0:inst|lpm_counter:LPM_COUNTER_component" with the following parameter:
    Info (12134): Parameter "lpm_direction" = "UP"
    Info (12134): Parameter "lpm_modulus" = "2"
    Info (12134): Parameter "lpm_port_updown" = "PORT_UNUSED"
    Info (12134): Parameter "lpm_type" = "LPM_COUNTER"
    Info (12134): Parameter "lpm_width" = "8"
Info (12021): Found 1 design units, including 1 entities, in source file db/cntr_32k.tdf
    Info (12023): Found entity 1: cntr_32k
Info (12128): Elaborating entity "cntr_32k" for hierarchy "lab1:inst|lpm_counter0:inst|lpm_counter:LPM_COUNTER_component|cntr_32k:auto_generated"
Info (12021): Found 1 design units, including 1 entities, in source file db/cmpr_ccc.tdf
    Info (12023): Found entity 1: cmpr_ccc
Info (12128): Elaborating entity "cmpr_ccc" for hierarchy "lab1:inst|lpm_counter0:inst|lpm_counter:LPM_COUNTER_component|cntr_32k:auto_generated|cmpr_ccc:cmpr2"
Warning (12125): Using design file lpm_counter2.vhd, which is not specified as a design file for the current project, but contains definitions for 2 design units and 1 entities in project
    Info (12022): Found design unit 1: lpm_counter2-SYN
    Info (12023): Found entity 1: lpm_counter2
Info (12128): Elaborating entity "lpm_counter2" for hierarchy "lab1:inst|lpm_counter2:inst13"
Info (12128): Elaborating entity "lpm_counter" for hierarchy "lab1:inst|lpm_counter2:inst13|lpm_counter:LPM_COUNTER_component"
Info (12130): Elaborated megafunction instantiation "lab1:inst|lpm_counter2:inst13|lpm_counter:LPM_COUNTER_component"
Info (12133): Instantiated megafunction "lab1:inst|lpm_counter2:inst13|lpm_counter:LPM_COUNTER_component" with the following parameter:
    Info (12134): Parameter "lpm_direction" = "UP"
    Info (12134): Parameter "lpm_modulus" = "64"
    Info (12134): Parameter "lpm_port_updown" = "PORT_UNUSED"
    Info (12134): Parameter "lpm_type" = "LPM_COUNTER"
    Info (12134): Parameter "lpm_width" = "12"
Info (12021): Found 1 design units, including 1 entities, in source file db/cntr_qgj.tdf
    Info (12023): Found entity 1: cntr_qgj
Info (12128): Elaborating entity "cntr_qgj" for hierarchy "lab1:inst|lpm_counter2:inst13|lpm_counter:LPM_COUNTER_component|cntr_qgj:auto_generated"
Info (12021): Found 1 design units, including 1 entities, in source file db/cmpr_ndc.tdf
    Info (12023): Found entity 1: cmpr_ndc
Info (12128): Elaborating entity "cmpr_ndc" for hierarchy "lab1:inst|lpm_counter2:inst13|lpm_counter:LPM_COUNTER_component|cntr_qgj:auto_generated|cmpr_ndc:cmpr2"
Warning (12125): Using design file lpm_mux0.vhd, which is not specified as a design file for the current project, but contains definitions for 2 design units and 1 entities in project
    Info (12022): Found design unit 1: lpm_mux0-SYN
    Info (12023): Found entity 1: lpm_mux0
Info (12128): Elaborating entity "lpm_mux0" for hierarchy "lab1:inst|lpm_mux0:inst8"
Info (12128): Elaborating entity "LPM_MUX" for hierarchy "lab1:inst|lpm_mux0:inst8|LPM_MUX:LPM_MUX_component"
Info (12130): Elaborated megafunction instantiation "lab1:inst|lpm_mux0:inst8|LPM_MUX:LPM_MUX_component"
Info (12133): Instantiated megafunction "lab1:inst|lpm_mux0:inst8|LPM_MUX:LPM_MUX_component" with the following parameter:
    Info (12134): Parameter "LPM_WIDTH" = "1"
    Info (12134): Parameter "LPM_SIZE" = "16"
    Info (12134): Parameter "LPM_WIDTHS" = "4"
    Info (12134): Parameter "LPM_PIPELINE" = "0"
    Info (12134): Parameter "LPM_TYPE" = "LPM_MUX"
    Info (12134): Parameter "LPM_HINT" = "UNUSED"
Info (12021): Found 1 design units, including 1 entities, in source file db/mux_o4e.tdf
    Info (12023): Found entity 1: mux_o4e
Info (12128): Elaborating entity "mux_o4e" for hierarchy "lab1:inst|lpm_mux0:inst8|LPM_MUX:LPM_MUX_component|mux_o4e:auto_generated"
Warning (12125): Using design file lpm_constant1.vhd, which is not specified as a design file for the current project, but contains definitions for 2 design units and 1 entities in project
    Info (12022): Found design unit 1: lpm_constant1-SYN
    Info (12023): Found entity 1: lpm_constant1
Info (12128): Elaborating entity "lpm_constant1" for hierarchy "lab1:inst|lpm_constant1:inst1f"
Info (12128): Elaborating entity "lpm_constant" for hierarchy "lab1:inst|lpm_constant1:inst1f|lpm_constant:LPM_CONSTANT_component"
Info (12130): Elaborated megafunction instantiation "lab1:inst|lpm_constant1:inst1f|lpm_constant:LPM_CONSTANT_component"
Info (12133): Instantiated megafunction "lab1:inst|lpm_constant1:inst1f|lpm_constant:LPM_CONSTANT_component" with the following parameter:
    Info (12134): Parameter "lpm_cvalue" = "0"
    Info (12134): Parameter "lpm_hint" = "ENABLE_RUNTIME_MOD=NO"
    Info (12134): Parameter "lpm_type" = "LPM_CONSTANT"
    Info (12134): Parameter "lpm_width" = "1"
Warning (12125): Using design file lpm_counter1.vhd, which is not specified as a design file for the current project, but contains definitions for 2 design units and 1 entities in project
    Info (12022): Found design unit 1: lpm_counter1-SYN
    Info (12023): Found entity 1: lpm_counter1
Info (12128): Elaborating entity "lpm_counter1" for hierarchy "lab1:inst|lpm_counter1:inst9"
Info (12128): Elaborating entity "lpm_counter" for hierarchy "lab1:inst|lpm_counter1:inst9|lpm_counter:LPM_COUNTER_component"
Info (12130): Elaborated megafunction instantiation "lab1:inst|lpm_counter1:inst9|lpm_counter:LPM_COUNTER_component"
Info (12133): Instantiated megafunction "lab1:inst|lpm_counter1:inst9|lpm_counter:LPM_COUNTER_component" with the following parameter:
    Info (12134): Parameter "lpm_direction" = "UP"
    Info (12134): Parameter "lpm_port_updown" = "PORT_UNUSED"
    Info (12134): Parameter "lpm_type" = "LPM_COUNTER"
    Info (12134): Parameter "lpm_width" = "4"
Info (12021): Found 1 design units, including 1 entities, in source file db/cntr_okh.tdf
    Info (12023): Found entity 1: cntr_okh
Info (12128): Elaborating entity "cntr_okh" for hierarchy "lab1:inst|lpm_counter1:inst9|lpm_counter:LPM_COUNTER_component|cntr_okh:auto_generated"
Warning (12125): Using design file lpm_counter3.vhd, which is not specified as a design file for the current project, but contains definitions for 2 design units and 1 entities in project
    Info (12022): Found design unit 1: lpm_counter3-SYN
    Info (12023): Found entity 1: lpm_counter3
Info (12128): Elaborating entity "lpm_counter3" for hierarchy "lab1:inst|lpm_counter3:inst1"
Info (12128): Elaborating entity "lpm_counter" for hierarchy "lab1:inst|lpm_counter3:inst1|lpm_counter:LPM_COUNTER_component"
Info (12130): Elaborated megafunction instantiation "lab1:inst|lpm_counter3:inst1|lpm_counter:LPM_COUNTER_component"
Info (12133): Instantiated megafunction "lab1:inst|lpm_counter3:inst1|lpm_counter:LPM_COUNTER_component" with the following parameter:
    Info (12134): Parameter "lpm_direction" = "UP"
    Info (12134): Parameter "lpm_modulus" = "5"
    Info (12134): Parameter "lpm_port_updown" = "PORT_UNUSED"
    Info (12134): Parameter "lpm_type" = "LPM_COUNTER"
    Info (12134): Parameter "lpm_width" = "3"
Info (12021): Found 1 design units, including 1 entities, in source file db/cntr_nrj.tdf
    Info (12023): Found entity 1: cntr_nrj
Info (12128): Elaborating entity "cntr_nrj" for hierarchy "lab1:inst|lpm_counter3:inst1|lpm_counter:LPM_COUNTER_component|cntr_nrj:auto_generated"
Info (12021): Found 1 design units, including 1 entities, in source file db/cmpr_7cc.tdf
    Info (12023): Found entity 1: cmpr_7cc
Info (12128): Elaborating entity "cmpr_7cc" for hierarchy "lab1:inst|lpm_counter3:inst1|lpm_counter:LPM_COUNTER_component|cntr_nrj:auto_generated|cmpr_7cc:cmpr3"
Warning (12125): Using design file lpm_counter4.vhd, which is not specified as a design file for the current project, but contains definitions for 2 design units and 1 entities in project
    Info (12022): Found design unit 1: lpm_counter4-SYN
    Info (12023): Found entity 1: lpm_counter4
Info (12128): Elaborating entity "lpm_counter4" for hierarchy "lab1:inst|lpm_counter4:inst7"
Info (12128): Elaborating entity "lpm_counter" for hierarchy "lab1:inst|lpm_counter4:inst7|lpm_counter:LPM_COUNTER_component"
Info (12130): Elaborated megafunction instantiation "lab1:inst|lpm_counter4:inst7|lpm_counter:LPM_COUNTER_component"
Info (12133): Instantiated megafunction "lab1:inst|lpm_counter4:inst7|lpm_counter:LPM_COUNTER_component" with the following parameter:
    Info (12134): Parameter "lpm_direction" = "UP"
    Info (12134): Parameter "lpm_port_updown" = "PORT_UNUSED"
    Info (12134): Parameter "lpm_type" = "LPM_COUNTER"
    Info (12134): Parameter "lpm_width" = "3"
Info (12021): Found 1 design units, including 1 entities, in source file db/cntr_i3i.tdf
    Info (12023): Found entity 1: cntr_i3i
Info (12128): Elaborating entity "cntr_i3i" for hierarchy "lab1:inst|lpm_counter4:inst7|lpm_counter:LPM_COUNTER_component|cntr_i3i:auto_generated"
Info (12128): Elaborating entity "my_lpm_rom" for hierarchy "my_lpm_rom:inst4"
Info (12128): Elaborating entity "altsyncram" for hierarchy "my_lpm_rom:inst4|altsyncram:altsyncram_component"
Info (12130): Elaborated megafunction instantiation "my_lpm_rom:inst4|altsyncram:altsyncram_component"
Info (12133): Instantiated megafunction "my_lpm_rom:inst4|altsyncram:altsyncram_component" with the following parameter:
    Info (12134): Parameter "clock_enable_input_a" = "BYPASS"
    Info (12134): Parameter "clock_enable_output_a" = "BYPASS"
    Info (12134): Parameter "init_file" = "../sinus.mif"
    Info (12134): Parameter "intended_device_family" = "Cyclone II"
    Info (12134): Parameter "lpm_hint" = "ENABLE_RUNTIME_MOD=NO"
    Info (12134): Parameter "lpm_type" = "altsyncram"
    Info (12134): Parameter "numwords_a" = "1024"
    Info (12134): Parameter "operation_mode" = "ROM"
    Info (12134): Parameter "outdata_aclr_a" = "NONE"
    Info (12134): Parameter "outdata_reg_a" = "CLOCK0"
    Info (12134): Parameter "widthad_a" = "10"
    Info (12134): Parameter "width_a" = "10"
    Info (12134): Parameter "width_byteena_a" = "1"
Info (12021): Found 1 design units, including 1 entities, in source file db/altsyncram_f971.tdf
    Info (12023): Found entity 1: altsyncram_f971
Info (12128): Elaborating entity "altsyncram_f971" for hierarchy "my_lpm_rom:inst4|altsyncram:altsyncram_component|altsyncram_f971:auto_generated"
Info (12128): Elaborating entity "lpm_counter7" for hierarchy "lpm_counter7:inst8"
Info (12128): Elaborating entity "lpm_counter" for hierarchy "lpm_counter7:inst8|lpm_counter:LPM_COUNTER_component"
Info (12130): Elaborated megafunction instantiation "lpm_counter7:inst8|lpm_counter:LPM_COUNTER_component"
Info (12133): Instantiated megafunction "lpm_counter7:inst8|lpm_counter:LPM_COUNTER_component" with the following parameter:
    Info (12134): Parameter "lpm_direction" = "UP"
    Info (12134): Parameter "lpm_modulus" = "63"
    Info (12134): Parameter "lpm_port_updown" = "PORT_UNUSED"
    Info (12134): Parameter "lpm_type" = "LPM_COUNTER"
    Info (12134): Parameter "lpm_width" = "8"
Info (12021): Found 1 design units, including 1 entities, in source file db/cntr_efj.tdf
    Info (12023): Found entity 1: cntr_efj
Info (12128): Elaborating entity "cntr_efj" for hierarchy "lpm_counter7:inst8|lpm_counter:LPM_COUNTER_component|cntr_efj:auto_generated"
Info (12128): Elaborating entity "lpm_counter5" for hierarchy "lpm_counter5:inst6"
Info (12128): Elaborating entity "lpm_counter" for hierarchy "lpm_counter5:inst6|lpm_counter:LPM_COUNTER_component"
Info (12130): Elaborated megafunction instantiation "lpm_counter5:inst6|lpm_counter:LPM_COUNTER_component"
Info (12133): Instantiated megafunction "lpm_counter5:inst6|lpm_counter:LPM_COUNTER_component" with the following parameter:
    Info (12134): Parameter "lpm_direction" = "UP"
    Info (12134): Parameter "lpm_port_updown" = "PORT_UNUSED"
    Info (12134): Parameter "lpm_type" = "LPM_COUNTER"
    Info (12134): Parameter "lpm_width" = "10"
Info (12021): Found 1 design units, including 1 entities, in source file db/cntr_5mh.tdf
    Info (12023): Found entity 1: cntr_5mh
Info (12128): Elaborating entity "cntr_5mh" for hierarchy "lpm_counter5:inst6|lpm_counter:LPM_COUNTER_component|cntr_5mh:auto_generated"
Warning (13024): Output pins are stuck at VCC or GND
    Warning (13410): Pin "CLR" is stuck at VCC
Info (16010): Generating hard_block partition "hard_block:auto_generated_inst"
    Info (16011): Adding 0 node(s), including 0 DDIO, 0 PLL, 0 transceiver and 0 LCELL
Info (21057): Implemented 105 device resources after synthesis - the final resource count might be different
    Info (21058): Implemented 1 input pins
    Info (21059): Implemented 16 output pins
    Info (21061): Implemented 78 logic cells
    Info (21064): Implemented 10 RAM segments
Info: Quartus II 64-Bit Analysis & Synthesis was successful. 0 errors, 10 warnings
    Info: Peak virtual memory: 4642 megabytes
    Info: Processing ended: Sat Nov 13 12:03:01 2021
    Info: Elapsed time: 00:00:04
    Info: Total CPU time (on all processors): 00:00:04


