Flow report for sinus
Mon Nov 08 12:47:27 2021
Quartus II 64-Bit Version 13.0.1 Build 232 06/12/2013 Service Pack 1 SJ Full Version


---------------------
; Table of Contents ;
---------------------
  1. Legal Notice
  2. Flow Summary
  3. Flow Settings
  4. Flow Non-Default Global Settings
  5. Flow Elapsed Time
  6. Flow OS Summary
  7. Flow Log
  8. Flow Messages
  9. Flow Suppressed Messages



----------------
; Legal Notice ;
----------------
Copyright (C) 1991-2013 Altera Corporation
Your use of Altera Corporation's design tools, logic functions 
and other software and tools, and its AMPP partner logic 
functions, and any output files from any of the foregoing 
(including device programming or simulation files), and any 
associated documentation or information are expressly subject 
to the terms and conditions of the Altera Program License 
Subscription Agreement, Altera MegaCore Function License 
Agreement, or other applicable license agreement, including, 
without limitation, that your use is for the sole purpose of 
programming logic devices manufactured by Altera and sold by 
Altera or its authorized distributors.  Please refer to the 
applicable agreement for further details.



+---------------------------------------------------------------------------------------+
; Flow Summary                                                                          ;
+------------------------------------+--------------------------------------------------+
; Flow Status                        ; Successful - Mon Nov 08 12:47:27 2021            ;
; Quartus II 64-Bit Version          ; 13.0.1 Build 232 06/12/2013 SP 1 SJ Full Version ;
; Revision Name                      ; sinus                                            ;
; Top-level Entity Name              ; sinus                                            ;
; Family                             ; Cyclone II                                       ;
; Device                             ; EP2C5Q208C8                                      ;
; Timing Models                      ; Final                                            ;
; Total logic elements               ; 78 / 4,608 ( 2 % )                               ;
;     Total combinational functions  ; 78 / 4,608 ( 2 % )                               ;
;     Dedicated logic registers      ; 53 / 4,608 ( 1 % )                               ;
; Total registers                    ; 53                                               ;
; Total pins                         ; 17 / 142 ( 12 % )                                ;
; Total virtual pins                 ; 0                                                ;
; Total memory bits                  ; 10,240 / 119,808 ( 9 % )                         ;
; Embedded Multiplier 9-bit elements ; 0 / 26 ( 0 % )                                   ;
; Total PLLs                         ; 0 / 2 ( 0 % )                                    ;
+------------------------------------+--------------------------------------------------+


+-----------------------------------------+
; Flow Settings                           ;
+-------------------+---------------------+
; Option            ; Setting             ;
+-------------------+---------------------+
; Start date & time ; 11/08/2021 12:46:54 ;
; Main task         ; Compilation         ;
; Revision Name     ; sinus               ;
+-------------------+---------------------+


+----------------------------------------------------------------------------------------------------------------------------+
; Flow Non-Default Global Settings                                                                                           ;
+-------------------------------------+---------------------------------------+---------------+-------------+----------------+
; Assignment Name                     ; Value                                 ; Default Value ; Entity Name ; Section Id     ;
+-------------------------------------+---------------------------------------+---------------+-------------+----------------+
; COMPILER_SIGNATURE_ID               ; 128454783254018.163636481311008       ; --            ; --          ; --             ;
; EDA_GENERATE_FUNCTIONAL_NETLIST     ; On                                    ; --            ; --          ; eda_simulation ;
; EDA_OUTPUT_DATA_FORMAT              ; Verilog Hdl                           ; --            ; --          ; eda_simulation ;
; EDA_SIMULATION_TOOL                 ; ModelSim-Altera (Verilog)             ; <None>        ; --          ; --             ;
; IP_TOOL_NAME                        ; LPM_COUNTER                           ; --            ; --          ; --             ;
; IP_TOOL_NAME                        ; ROM: 1-PORT                           ; --            ; --          ; --             ;
; IP_TOOL_NAME                        ; LPM_COUNTER                           ; --            ; --          ; --             ;
; IP_TOOL_NAME                        ; LPM_COUNTER                           ; --            ; --          ; --             ;
; IP_TOOL_NAME                        ; LPM_COUNTER                           ; --            ; --          ; --             ;
; IP_TOOL_VERSION                     ; 13.0                                  ; --            ; --          ; --             ;
; IP_TOOL_VERSION                     ; 13.0                                  ; --            ; --          ; --             ;
; IP_TOOL_VERSION                     ; 13.0                                  ; --            ; --          ; --             ;
; IP_TOOL_VERSION                     ; 13.0                                  ; --            ; --          ; --             ;
; IP_TOOL_VERSION                     ; 13.0                                  ; --            ; --          ; --             ;
; MAX_CORE_JUNCTION_TEMP              ; 85                                    ; --            ; --          ; --             ;
; MIN_CORE_JUNCTION_TEMP              ; 0                                     ; --            ; --          ; --             ;
; MISC_FILE                           ; lpm_counter0.bsf                      ; --            ; --          ; --             ;
; MISC_FILE                           ; lpm_counter0.cmp                      ; --            ; --          ; --             ;
; MISC_FILE                           ; my_lpm_rom.bsf                        ; --            ; --          ; --             ;
; MISC_FILE                           ; my_lpm_rom.cmp                        ; --            ; --          ; --             ;
; MISC_FILE                           ; spi_2_DAC_APPROVED/lpm_counter5.bsf   ; --            ; --          ; --             ;
; MISC_FILE                           ; spi_2_DAC_APPROVED/lpm_counter5.cmp   ; --            ; --          ; --             ;
; MISC_FILE                           ; spi_2_DAC_APPROVED/lpm_counter6.bsf   ; --            ; --          ; --             ;
; MISC_FILE                           ; spi_2_DAC_APPROVED/lpm_counter6.cmp   ; --            ; --          ; --             ;
; MISC_FILE                           ; spi_2_DAC_APPROVED/lpm_counter7.bsf   ; --            ; --          ; --             ;
; MISC_FILE                           ; spi_2_DAC_APPROVED/lpm_counter7.cmp   ; --            ; --          ; --             ;
; PARTITION_COLOR                     ; 16764057                              ; --            ; --          ; Top            ;
; PARTITION_FITTER_PRESERVATION_LEVEL ; PLACEMENT_AND_ROUTING                 ; --            ; --          ; Top            ;
; PARTITION_NETLIST_TYPE              ; SOURCE                                ; --            ; --          ; Top            ;
; POWER_BOARD_THERMAL_MODEL           ; None (CONSERVATIVE)                   ; --            ; --          ; --             ;
; POWER_PRESET_COOLING_SOLUTION       ; 23 MM HEAT SINK WITH 200 LFPM AIRFLOW ; --            ; --          ; --             ;
; PROJECT_OUTPUT_DIRECTORY            ; output_files                          ; --            ; --          ; --             ;
+-------------------------------------+---------------------------------------+---------------+-------------+----------------+


+-------------------------------------------------------------------------------------------------------------------------------+
; Flow Elapsed Time                                                                                                             ;
+---------------------------+--------------+-------------------------+---------------------+------------------------------------+
; Module Name               ; Elapsed Time ; Average Processors Used ; Peak Virtual Memory ; Total CPU Time (on all processors) ;
+---------------------------+--------------+-------------------------+---------------------+------------------------------------+
; Analysis & Synthesis      ; 00:00:06     ; 1.0                     ; 4670 MB             ; 00:00:03                           ;
; Fitter                    ; 00:00:04     ; 1.0                     ; 5014 MB             ; 00:00:03                           ;
; Assembler                 ; 00:00:05     ; 1.0                     ; 4578 MB             ; 00:00:01                           ;
; TimeQuest Timing Analyzer ; 00:00:06     ; 1.0                     ; 4583 MB             ; 00:00:02                           ;
; EDA Netlist Writer        ; 00:00:01     ; 1.0                     ; 4530 MB             ; 00:00:00                           ;
; Total                     ; 00:00:22     ; --                      ; --                  ; 00:00:09                           ;
+---------------------------+--------------+-------------------------+---------------------+------------------------------------+


+----------------------------------------------------------------------------------------+
; Flow OS Summary                                                                        ;
+---------------------------+------------------+-----------+------------+----------------+
; Module Name               ; Machine Hostname ; OS Name   ; OS Version ; Processor type ;
+---------------------------+------------------+-----------+------------+----------------+
; Analysis & Synthesis      ; Chip-06          ; Windows 7 ; 6.2        ; x86_64         ;
; Fitter                    ; Chip-06          ; Windows 7 ; 6.2        ; x86_64         ;
; Assembler                 ; Chip-06          ; Windows 7 ; 6.2        ; x86_64         ;
; TimeQuest Timing Analyzer ; Chip-06          ; Windows 7 ; 6.2        ; x86_64         ;
; EDA Netlist Writer        ; Chip-06          ; Windows 7 ; 6.2        ; x86_64         ;
+---------------------------+------------------+-----------+------------+----------------+


------------
; Flow Log ;
------------
quartus_map --read_settings_files=on --write_settings_files=off sinus -c sinus
quartus_fit --read_settings_files=off --write_settings_files=off sinus -c sinus
quartus_asm --read_settings_files=off --write_settings_files=off sinus -c sinus
quartus_sta sinus -c sinus
quartus_eda --read_settings_files=off --write_settings_files=off sinus -c sinus



