Analysis & Synthesis report for i2c
Sat Oct 23 19:11:41 2021
Quartus II 64-Bit Version 13.0.1 Build 232 06/12/2013 Service Pack 1 SJ Web Edition


---------------------
; Table of Contents ;
---------------------
  1. Legal Notice
  2. Analysis & Synthesis Summary
  3. Analysis & Synthesis Settings
  4. Parallel Compilation
  5. Analysis & Synthesis Source Files Read
  6. Analysis & Synthesis Resource Usage Summary
  7. Analysis & Synthesis Resource Utilization by Entity
  8. Analysis & Synthesis IP Cores Summary
  9. General Register Statistics
 10. Parameter Settings for User Entity Instance: lpm_constant0:inst2|lpm_constant:LPM_CONSTANT_component
 11. Parameter Settings for User Entity Instance: lpm_counter2:inst9|lpm_counter:LPM_COUNTER_component
 12. Parameter Settings for User Entity Instance: lpm_counter0:inst4|lpm_counter:LPM_COUNTER_component
 13. Parameter Settings for User Entity Instance: lpm_mux0:inst21|LPM_MUX:LPM_MUX_component
 14. Parameter Settings for User Entity Instance: lpm_constant1:inst3|lpm_constant:LPM_CONSTANT_component
 15. Parameter Settings for User Entity Instance: lpm_counter4:inst5|lpm_counter:LPM_COUNTER_component
 16. Parameter Settings for User Entity Instance: lpm_counter3:inst16|lpm_counter:LPM_COUNTER_component
 17. Parameter Settings for User Entity Instance: lpm_decode2:inst25|lpm_decode:LPM_DECODE_component
 18. Parameter Settings for User Entity Instance: lpm_decode3:inst27|lpm_decode:LPM_DECODE_component
 19. Parameter Settings for User Entity Instance: lpm_decode0:inst22|lpm_decode:LPM_DECODE_component
 20. Elapsed Time Per Partition
 21. Analysis & Synthesis Messages



----------------
; Legal Notice ;
----------------
Copyright (C) 1991-2013 Altera Corporation
Your use of Altera Corporation's design tools, logic functions 
and other software and tools, and its AMPP partner logic 
functions, and any output files from any of the foregoing 
(including device programming or simulation files), and any 
associated documentation or information are expressly subject 
to the terms and conditions of the Altera Program License 
Subscription Agreement, Altera MegaCore Function License 
Agreement, or other applicable license agreement, including, 
without limitation, that your use is for the sole purpose of 
programming logic devices manufactured by Altera and sold by 
Altera or its authorized distributors.  Please refer to the 
applicable agreement for further details.



+--------------------------------------------------------------------------------------+
; Analysis & Synthesis Summary                                                         ;
+------------------------------------+-------------------------------------------------+
; Analysis & Synthesis Status        ; Successful - Sat Oct 23 19:11:41 2021           ;
; Quartus II 64-Bit Version          ; 13.0.1 Build 232 06/12/2013 SP 1 SJ Web Edition ;
; Revision Name                      ; i2c                                             ;
; Top-level Entity Name              ; i2c                                             ;
; Family                             ; Cyclone II                                      ;
; Total logic elements               ; 82                                              ;
;     Total combinational functions  ; 81                                              ;
;     Dedicated logic registers      ; 48                                              ;
; Total registers                    ; 48                                              ;
; Total pins                         ; 18                                              ;
; Total virtual pins                 ; 0                                               ;
; Total memory bits                  ; 0                                               ;
; Embedded Multiplier 9-bit elements ; 0                                               ;
; Total PLLs                         ; 0                                               ;
+------------------------------------+-------------------------------------------------+


+----------------------------------------------------------------------------------------------------------------------+
; Analysis & Synthesis Settings                                                                                        ;
+----------------------------------------------------------------------------+--------------------+--------------------+
; Option                                                                     ; Setting            ; Default Value      ;
+----------------------------------------------------------------------------+--------------------+--------------------+
; Device                                                                     ; EP2C5Q208C8        ;                    ;
; Top-level entity name                                                      ; i2c                ; i2c                ;
; Family name                                                                ; Cyclone II         ; Cyclone IV GX      ;
; Use smart compilation                                                      ; Off                ; Off                ;
; Enable parallel Assembler and TimeQuest Timing Analyzer during compilation ; On                 ; On                 ;
; Enable compact report table                                                ; Off                ; Off                ;
; Restructure Multiplexers                                                   ; Auto               ; Auto               ;
; Create Debugging Nodes for IP Cores                                        ; Off                ; Off                ;
; Preserve fewer node names                                                  ; On                 ; On                 ;
; Disable OpenCore Plus hardware evaluation                                  ; Off                ; Off                ;
; Verilog Version                                                            ; Verilog_2001       ; Verilog_2001       ;
; VHDL Version                                                               ; VHDL_1993          ; VHDL_1993          ;
; State Machine Processing                                                   ; Auto               ; Auto               ;
; Safe State Machine                                                         ; Off                ; Off                ;
; Extract Verilog State Machines                                             ; On                 ; On                 ;
; Extract VHDL State Machines                                                ; On                 ; On                 ;
; Ignore Verilog initial constructs                                          ; Off                ; Off                ;
; Iteration limit for constant Verilog loops                                 ; 5000               ; 5000               ;
; Iteration limit for non-constant Verilog loops                             ; 250                ; 250                ;
; Add Pass-Through Logic to Inferred RAMs                                    ; On                 ; On                 ;
; Infer RAMs from Raw Logic                                                  ; On                 ; On                 ;
; Parallel Synthesis                                                         ; On                 ; On                 ;
; DSP Block Balancing                                                        ; Auto               ; Auto               ;
; NOT Gate Push-Back                                                         ; On                 ; On                 ;
; Power-Up Don't Care                                                        ; On                 ; On                 ;
; Remove Redundant Logic Cells                                               ; Off                ; Off                ;
; Remove Duplicate Registers                                                 ; On                 ; On                 ;
; Ignore CARRY Buffers                                                       ; Off                ; Off                ;
; Ignore CASCADE Buffers                                                     ; Off                ; Off                ;
; Ignore GLOBAL Buffers                                                      ; Off                ; Off                ;
; Ignore ROW GLOBAL Buffers                                                  ; Off                ; Off                ;
; Ignore LCELL Buffers                                                       ; Off                ; Off                ;
; Ignore SOFT Buffers                                                        ; On                 ; On                 ;
; Limit AHDL Integers to 32 Bits                                             ; Off                ; Off                ;
; Optimization Technique                                                     ; Balanced           ; Balanced           ;
; Carry Chain Length                                                         ; 70                 ; 70                 ;
; Auto Carry Chains                                                          ; On                 ; On                 ;
; Auto Open-Drain Pins                                                       ; On                 ; On                 ;
; Perform WYSIWYG Primitive Resynthesis                                      ; Off                ; Off                ;
; Auto ROM Replacement                                                       ; On                 ; On                 ;
; Auto RAM Replacement                                                       ; On                 ; On                 ;
; Auto Shift Register Replacement                                            ; Auto               ; Auto               ;
; Allow Shift Register Merging across Hierarchies                            ; Auto               ; Auto               ;
; Auto Clock Enable Replacement                                              ; On                 ; On                 ;
; Strict RAM Replacement                                                     ; Off                ; Off                ;
; Allow Synchronous Control Signals                                          ; On                 ; On                 ;
; Force Use of Synchronous Clear Signals                                     ; Off                ; Off                ;
; Auto RAM to Logic Cell Conversion                                          ; Off                ; Off                ;
; Auto Resource Sharing                                                      ; Off                ; Off                ;
; Allow Any RAM Size For Recognition                                         ; Off                ; Off                ;
; Allow Any ROM Size For Recognition                                         ; Off                ; Off                ;
; Allow Any Shift Register Size For Recognition                              ; Off                ; Off                ;
; Use LogicLock Constraints during Resource Balancing                        ; On                 ; On                 ;
; Ignore translate_off and synthesis_off directives                          ; Off                ; Off                ;
; Timing-Driven Synthesis                                                    ; Off                ; Off                ;
; Report Parameter Settings                                                  ; On                 ; On                 ;
; Report Source Assignments                                                  ; On                 ; On                 ;
; Report Connectivity Checks                                                 ; On                 ; On                 ;
; Ignore Maximum Fan-Out Assignments                                         ; Off                ; Off                ;
; Synchronization Register Chain Length                                      ; 2                  ; 2                  ;
; PowerPlay Power Optimization                                               ; Normal compilation ; Normal compilation ;
; HDL message level                                                          ; Level2             ; Level2             ;
; Suppress Register Optimization Related Messages                            ; Off                ; Off                ;
; Number of Removed Registers Reported in Synthesis Report                   ; 5000               ; 5000               ;
; Number of Swept Nodes Reported in Synthesis Report                         ; 5000               ; 5000               ;
; Number of Inverted Registers Reported in Synthesis Report                  ; 100                ; 100                ;
; Clock MUX Protection                                                       ; On                 ; On                 ;
; Auto Gated Clock Conversion                                                ; Off                ; Off                ;
; Block Design Naming                                                        ; Auto               ; Auto               ;
; SDC constraint protection                                                  ; Off                ; Off                ;
; Synthesis Effort                                                           ; Auto               ; Auto               ;
; Shift Register Replacement - Allow Asynchronous Clear Signal               ; On                 ; On                 ;
; Pre-Mapping Resynthesis Optimization                                       ; Off                ; Off                ;
; Analysis & Synthesis Message Level                                         ; Medium             ; Medium             ;
; Disable Register Merging Across Hierarchies                                ; Auto               ; Auto               ;
; Resource Aware Inference For Block RAM                                     ; On                 ; On                 ;
; Synthesis Seed                                                             ; 1                  ; 1                  ;
+----------------------------------------------------------------------------+--------------------+--------------------+


Parallel compilation was disabled, but you have multiple processors available. Enable parallel compilation to reduce compilation time.
+-------------------------------------+
; Parallel Compilation                ;
+----------------------------+--------+
; Processors                 ; Number ;
+----------------------------+--------+
; Number detected on machine ; 12     ;
; Maximum allowed            ; 1      ;
+----------------------------+--------+


+-------------------------------------------------------------------------------------------------------------------------------------------------------------------------------+
; Analysis & Synthesis Source Files Read                                                                                                                                        ;
+----------------------------------+-----------------+------------------------------------+---------------------------------------------------------------------------+---------+
; File Name with User-Entered Path ; Used in Netlist ; File Type                          ; File Name with Absolute Path                                              ; Library ;
+----------------------------------+-----------------+------------------------------------+---------------------------------------------------------------------------+---------+
; lpm_counter2.vhd                 ; yes             ; User Wizard-Generated File         ; C:/Users/79616/Documents/GitHub/Interfaces/i2c/lpm_counter2.vhd           ;         ;
; i2c.bdf                          ; yes             ; User Block Diagram/Schematic File  ; C:/Users/79616/Documents/GitHub/Interfaces/i2c/i2c.bdf                    ;         ;
; lpm_counter3.vhd                 ; yes             ; User Wizard-Generated File         ; C:/Users/79616/Documents/GitHub/Interfaces/i2c/lpm_counter3.vhd           ;         ;
; lpm_mux0.vhd                     ; yes             ; User Wizard-Generated File         ; C:/Users/79616/Documents/GitHub/Interfaces/i2c/lpm_mux0.vhd               ;         ;
; lpm_counter4.vhd                 ; yes             ; User Wizard-Generated File         ; C:/Users/79616/Documents/GitHub/Interfaces/i2c/lpm_counter4.vhd           ;         ;
; lpm_decode0.vhd                  ; yes             ; User Wizard-Generated File         ; C:/Users/79616/Documents/GitHub/Interfaces/i2c/lpm_decode0.vhd            ;         ;
; lpm_decode2.vhd                  ; yes             ; User Wizard-Generated File         ; C:/Users/79616/Documents/GitHub/Interfaces/i2c/lpm_decode2.vhd            ;         ;
; lpm_decode3.vhd                  ; yes             ; User Wizard-Generated File         ; C:/Users/79616/Documents/GitHub/Interfaces/i2c/lpm_decode3.vhd            ;         ;
; lpm_constant0.vhd                ; yes             ; Auto-Found Wizard-Generated File   ; C:/Users/79616/Documents/GitHub/Interfaces/i2c/lpm_constant0.vhd          ;         ;
; lpm_constant.tdf                 ; yes             ; Megafunction                       ; c:/altera/13.0sp1/quartus/libraries/megafunctions/lpm_constant.tdf        ;         ;
; lpm_counter.tdf                  ; yes             ; Megafunction                       ; c:/altera/13.0sp1/quartus/libraries/megafunctions/lpm_counter.tdf         ;         ;
; lpm_constant.inc                 ; yes             ; Megafunction                       ; c:/altera/13.0sp1/quartus/libraries/megafunctions/lpm_constant.inc        ;         ;
; lpm_decode.inc                   ; yes             ; Megafunction                       ; c:/altera/13.0sp1/quartus/libraries/megafunctions/lpm_decode.inc          ;         ;
; lpm_add_sub.inc                  ; yes             ; Megafunction                       ; c:/altera/13.0sp1/quartus/libraries/megafunctions/lpm_add_sub.inc         ;         ;
; cmpconst.inc                     ; yes             ; Megafunction                       ; c:/altera/13.0sp1/quartus/libraries/megafunctions/cmpconst.inc            ;         ;
; lpm_compare.inc                  ; yes             ; Megafunction                       ; c:/altera/13.0sp1/quartus/libraries/megafunctions/lpm_compare.inc         ;         ;
; lpm_counter.inc                  ; yes             ; Megafunction                       ; c:/altera/13.0sp1/quartus/libraries/megafunctions/lpm_counter.inc         ;         ;
; dffeea.inc                       ; yes             ; Megafunction                       ; c:/altera/13.0sp1/quartus/libraries/megafunctions/dffeea.inc              ;         ;
; alt_counter_stratix.inc          ; yes             ; Megafunction                       ; c:/altera/13.0sp1/quartus/libraries/megafunctions/alt_counter_stratix.inc ;         ;
; aglobal130.inc                   ; yes             ; Megafunction                       ; c:/altera/13.0sp1/quartus/libraries/megafunctions/aglobal130.inc          ;         ;
; db/cntr_0jk.tdf                  ; yes             ; Auto-Generated Megafunction        ; C:/Users/79616/Documents/GitHub/Interfaces/i2c/db/cntr_0jk.tdf            ;         ;
; db/cmpr_ndc.tdf                  ; yes             ; Auto-Generated Megafunction        ; C:/Users/79616/Documents/GitHub/Interfaces/i2c/db/cmpr_ndc.tdf            ;         ;
; lpm_counter0.vhd                 ; yes             ; Auto-Found Wizard-Generated File   ; C:/Users/79616/Documents/GitHub/Interfaces/i2c/lpm_counter0.vhd           ;         ;
; db/cntr_80k.tdf                  ; yes             ; Auto-Generated Megafunction        ; C:/Users/79616/Documents/GitHub/Interfaces/i2c/db/cntr_80k.tdf            ;         ;
; db/cmpr_odc.tdf                  ; yes             ; Auto-Generated Megafunction        ; C:/Users/79616/Documents/GitHub/Interfaces/i2c/db/cmpr_odc.tdf            ;         ;
; lpm_mux.tdf                      ; yes             ; Megafunction                       ; c:/altera/13.0sp1/quartus/libraries/megafunctions/lpm_mux.tdf             ;         ;
; muxlut.inc                       ; yes             ; Megafunction                       ; c:/altera/13.0sp1/quartus/libraries/megafunctions/muxlut.inc              ;         ;
; bypassff.inc                     ; yes             ; Megafunction                       ; c:/altera/13.0sp1/quartus/libraries/megafunctions/bypassff.inc            ;         ;
; altshift.inc                     ; yes             ; Megafunction                       ; c:/altera/13.0sp1/quartus/libraries/megafunctions/altshift.inc            ;         ;
; db/mux_l4e.tdf                   ; yes             ; Auto-Generated Megafunction        ; C:/Users/79616/Documents/GitHub/Interfaces/i2c/db/mux_l4e.tdf             ;         ;
; lpm_constant1.vhd                ; yes             ; Auto-Found Wizard-Generated File   ; C:/Users/79616/Documents/GitHub/Interfaces/i2c/lpm_constant1.vhd          ;         ;
; db/cntr_7tj.tdf                  ; yes             ; Auto-Generated Megafunction        ; C:/Users/79616/Documents/GitHub/Interfaces/i2c/db/cntr_7tj.tdf            ;         ;
; db/cmpr_9cc.tdf                  ; yes             ; Auto-Generated Megafunction        ; C:/Users/79616/Documents/GitHub/Interfaces/i2c/db/cmpr_9cc.tdf            ;         ;
; db/cntr_vik.tdf                  ; yes             ; Auto-Generated Megafunction        ; C:/Users/79616/Documents/GitHub/Interfaces/i2c/db/cntr_vik.tdf            ;         ;
; lpm_decode.tdf                   ; yes             ; Megafunction                       ; c:/altera/13.0sp1/quartus/libraries/megafunctions/lpm_decode.tdf          ;         ;
; declut.inc                       ; yes             ; Megafunction                       ; c:/altera/13.0sp1/quartus/libraries/megafunctions/declut.inc              ;         ;
; db/decode_6af.tdf                ; yes             ; Auto-Generated Megafunction        ; C:/Users/79616/Documents/GitHub/Interfaces/i2c/db/decode_6af.tdf          ;         ;
; db/decode_b8f.tdf                ; yes             ; Auto-Generated Megafunction        ; C:/Users/79616/Documents/GitHub/Interfaces/i2c/db/decode_b8f.tdf          ;         ;
+----------------------------------+-----------------+------------------------------------+---------------------------------------------------------------------------+---------+


+-----------------------------------------------------+
; Analysis & Synthesis Resource Usage Summary         ;
+---------------------------------------------+-------+
; Resource                                    ; Usage ;
+---------------------------------------------+-------+
; Estimated Total logic elements              ; 82    ;
;                                             ;       ;
; Total combinational functions               ; 81    ;
; Logic element usage by number of LUT inputs ;       ;
;     -- 4 input functions                    ; 22    ;
;     -- 3 input functions                    ; 7     ;
;     -- <=2 input functions                  ; 52    ;
;                                             ;       ;
; Logic elements by mode                      ;       ;
;     -- normal mode                          ; 39    ;
;     -- arithmetic mode                      ; 42    ;
;                                             ;       ;
; Total registers                             ; 48    ;
;     -- Dedicated logic registers            ; 48    ;
;     -- I/O registers                        ; 0     ;
;                                             ;       ;
; I/O pins                                    ; 18    ;
; Embedded Multiplier 9-bit elements          ; 0     ;
; Maximum fan-out node                        ; ~GND  ;
; Maximum fan-out                             ; 42    ;
; Total fan-out                               ; 417   ;
; Average fan-out                             ; 2.84  ;
+---------------------------------------------+-------+


+--------------------------------------------------------------------------------------------------------------------------------------------------------------------------------------------------------------------------------------------------------------------------+
; Analysis & Synthesis Resource Utilization by Entity                                                                                                                                                                                                                      ;
+-------------------------------------------+-------------------+--------------+-------------+--------------+---------+-----------+------+--------------+---------------------------------------------------------------------------------------------------+--------------+
; Compilation Hierarchy Node                ; LC Combinationals ; LC Registers ; Memory Bits ; DSP Elements ; DSP 9x9 ; DSP 18x18 ; Pins ; Virtual Pins ; Full Hierarchy Name                                                                               ; Library Name ;
+-------------------------------------------+-------------------+--------------+-------------+--------------+---------+-----------+------+--------------+---------------------------------------------------------------------------------------------------+--------------+
; |i2c                                      ; 81 (17)           ; 48 (6)       ; 0           ; 0            ; 0       ; 0         ; 18   ; 0            ; |i2c                                                                                              ; work         ;
;    |lpm_counter0:inst4|                   ; 17 (0)            ; 13 (0)       ; 0           ; 0            ; 0       ; 0         ; 0    ; 0            ; |i2c|lpm_counter0:inst4                                                                           ; work         ;
;       |lpm_counter:LPM_COUNTER_component| ; 17 (0)            ; 13 (0)       ; 0           ; 0            ; 0       ; 0         ; 0    ; 0            ; |i2c|lpm_counter0:inst4|lpm_counter:LPM_COUNTER_component                                         ; work         ;
;          |cntr_80k:auto_generated|        ; 17 (15)           ; 13 (13)      ; 0           ; 0            ; 0       ; 0         ; 0    ; 0            ; |i2c|lpm_counter0:inst4|lpm_counter:LPM_COUNTER_component|cntr_80k:auto_generated                 ; work         ;
;             |cmpr_odc:cmpr2|              ; 2 (2)             ; 0 (0)        ; 0           ; 0            ; 0       ; 0         ; 0    ; 0            ; |i2c|lpm_counter0:inst4|lpm_counter:LPM_COUNTER_component|cntr_80k:auto_generated|cmpr_odc:cmpr2  ; work         ;
;    |lpm_counter2:inst9|                   ; 17 (0)            ; 12 (0)       ; 0           ; 0            ; 0       ; 0         ; 0    ; 0            ; |i2c|lpm_counter2:inst9                                                                           ; work         ;
;       |lpm_counter:LPM_COUNTER_component| ; 17 (0)            ; 12 (0)       ; 0           ; 0            ; 0       ; 0         ; 0    ; 0            ; |i2c|lpm_counter2:inst9|lpm_counter:LPM_COUNTER_component                                         ; work         ;
;          |cntr_0jk:auto_generated|        ; 17 (14)           ; 12 (12)      ; 0           ; 0            ; 0       ; 0         ; 0    ; 0            ; |i2c|lpm_counter2:inst9|lpm_counter:LPM_COUNTER_component|cntr_0jk:auto_generated                 ; work         ;
;             |cmpr_ndc:cmpr2|              ; 3 (3)             ; 0 (0)        ; 0           ; 0            ; 0       ; 0         ; 0    ; 0            ; |i2c|lpm_counter2:inst9|lpm_counter:LPM_COUNTER_component|cntr_0jk:auto_generated|cmpr_ndc:cmpr2  ; work         ;
;    |lpm_counter3:inst16|                  ; 17 (0)            ; 12 (0)       ; 0           ; 0            ; 0       ; 0         ; 0    ; 0            ; |i2c|lpm_counter3:inst16                                                                          ; work         ;
;       |lpm_counter:LPM_COUNTER_component| ; 17 (0)            ; 12 (0)       ; 0           ; 0            ; 0       ; 0         ; 0    ; 0            ; |i2c|lpm_counter3:inst16|lpm_counter:LPM_COUNTER_component                                        ; work         ;
;          |cntr_vik:auto_generated|        ; 17 (14)           ; 12 (12)      ; 0           ; 0            ; 0       ; 0         ; 0    ; 0            ; |i2c|lpm_counter3:inst16|lpm_counter:LPM_COUNTER_component|cntr_vik:auto_generated                ; work         ;
;             |cmpr_ndc:cmpr2|              ; 3 (3)             ; 0 (0)        ; 0           ; 0            ; 0       ; 0         ; 0    ; 0            ; |i2c|lpm_counter3:inst16|lpm_counter:LPM_COUNTER_component|cntr_vik:auto_generated|cmpr_ndc:cmpr2 ; work         ;
;    |lpm_counter4:inst5|                   ; 8 (0)             ; 5 (0)        ; 0           ; 0            ; 0       ; 0         ; 0    ; 0            ; |i2c|lpm_counter4:inst5                                                                           ; work         ;
;       |lpm_counter:LPM_COUNTER_component| ; 8 (0)             ; 5 (0)        ; 0           ; 0            ; 0       ; 0         ; 0    ; 0            ; |i2c|lpm_counter4:inst5|lpm_counter:LPM_COUNTER_component                                         ; work         ;
;          |cntr_7tj:auto_generated|        ; 8 (7)             ; 5 (5)        ; 0           ; 0            ; 0       ; 0         ; 0    ; 0            ; |i2c|lpm_counter4:inst5|lpm_counter:LPM_COUNTER_component|cntr_7tj:auto_generated                 ; work         ;
;             |cmpr_9cc:cmpr2|              ; 1 (1)             ; 0 (0)        ; 0           ; 0            ; 0       ; 0         ; 0    ; 0            ; |i2c|lpm_counter4:inst5|lpm_counter:LPM_COUNTER_component|cntr_7tj:auto_generated|cmpr_9cc:cmpr2  ; work         ;
;    |lpm_decode0:inst22|                   ; 2 (0)             ; 0 (0)        ; 0           ; 0            ; 0       ; 0         ; 0    ; 0            ; |i2c|lpm_decode0:inst22                                                                           ; work         ;
;       |lpm_decode:LPM_DECODE_component|   ; 2 (0)             ; 0 (0)        ; 0           ; 0            ; 0       ; 0         ; 0    ; 0            ; |i2c|lpm_decode0:inst22|lpm_decode:LPM_DECODE_component                                           ; work         ;
;          |decode_b8f:auto_generated|      ; 2 (2)             ; 0 (0)        ; 0           ; 0            ; 0       ; 0         ; 0    ; 0            ; |i2c|lpm_decode0:inst22|lpm_decode:LPM_DECODE_component|decode_b8f:auto_generated                 ; work         ;
;    |lpm_mux0:inst21|                      ; 3 (0)             ; 0 (0)        ; 0           ; 0            ; 0       ; 0         ; 0    ; 0            ; |i2c|lpm_mux0:inst21                                                                              ; work         ;
;       |lpm_mux:LPM_MUX_component|         ; 3 (0)             ; 0 (0)        ; 0           ; 0            ; 0       ; 0         ; 0    ; 0            ; |i2c|lpm_mux0:inst21|lpm_mux:LPM_MUX_component                                                    ; work         ;
;          |mux_l4e:auto_generated|         ; 3 (3)             ; 0 (0)        ; 0           ; 0            ; 0       ; 0         ; 0    ; 0            ; |i2c|lpm_mux0:inst21|lpm_mux:LPM_MUX_component|mux_l4e:auto_generated                             ; work         ;
+-------------------------------------------+-------------------+--------------+-------------+--------------+---------+-----------+------+--------------+---------------------------------------------------------------------------------------------------+--------------+
Note: For table entries with two numbers listed, the numbers in parentheses indicate the number of resources of the given type used by the specific entity alone. The numbers listed outside of parentheses indicate the total resources of the given type used by the specific entity and all of its sub-entities in the hierarchy.


+-------------------------------------------------------------------------------------------------------------------------------------------------------------+
; Analysis & Synthesis IP Cores Summary                                                                                                                       ;
+--------+--------------+---------+--------------+--------------+--------------------------+------------------------------------------------------------------+
; Vendor ; IP Core Name ; Version ; Release Date ; License Type ; Entity Instance          ; IP Include File                                                  ;
+--------+--------------+---------+--------------+--------------+--------------------------+------------------------------------------------------------------+
; Altera ; LPM_CONSTANT ; N/A     ; N/A          ; N/A          ; |i2c|lpm_constant0:inst2 ; C:/Users/79616/Documents/GitHub/Interfaces/i2c/lpm_constant0.vhd ;
; Altera ; LPM_CONSTANT ; N/A     ; N/A          ; N/A          ; |i2c|lpm_constant1:inst3 ; C:/Users/79616/Documents/GitHub/Interfaces/i2c/lpm_constant1.vhd ;
; Altera ; LPM_COUNTER  ; N/A     ; N/A          ; N/A          ; |i2c|lpm_counter0:inst4  ; C:/Users/79616/Documents/GitHub/Interfaces/i2c/lpm_counter0.vhd  ;
; Altera ; LPM_COUNTER  ; 13.0    ; N/A          ; N/A          ; |i2c|lpm_counter4:inst5  ; C:/Users/79616/Documents/GitHub/Interfaces/i2c/lpm_counter4.vhd  ;
; Altera ; LPM_COUNTER  ; 13.0    ; N/A          ; N/A          ; |i2c|lpm_counter2:inst9  ; C:/Users/79616/Documents/GitHub/Interfaces/i2c/lpm_counter2.vhd  ;
; Altera ; LPM_COUNTER  ; 13.0    ; N/A          ; N/A          ; |i2c|lpm_counter3:inst16 ; C:/Users/79616/Documents/GitHub/Interfaces/i2c/lpm_counter3.vhd  ;
; Altera ; LPM_MUX      ; 13.0    ; N/A          ; N/A          ; |i2c|lpm_mux0:inst21     ; C:/Users/79616/Documents/GitHub/Interfaces/i2c/lpm_mux0.vhd      ;
; Altera ; LPM_DECODE   ; 13.0    ; N/A          ; N/A          ; |i2c|lpm_decode0:inst22  ; C:/Users/79616/Documents/GitHub/Interfaces/i2c/lpm_decode0.vhd   ;
; Altera ; LPM_DECODE   ; 13.0    ; N/A          ; N/A          ; |i2c|lpm_decode2:inst25  ; C:/Users/79616/Documents/GitHub/Interfaces/i2c/lpm_decode2.vhd   ;
; Altera ; LPM_DECODE   ; 13.0    ; N/A          ; N/A          ; |i2c|lpm_decode3:inst27  ; C:/Users/79616/Documents/GitHub/Interfaces/i2c/lpm_decode3.vhd   ;
+--------+--------------+---------+--------------+--------------+--------------------------+------------------------------------------------------------------+


+------------------------------------------------------+
; General Register Statistics                          ;
+----------------------------------------------+-------+
; Statistic                                    ; Value ;
+----------------------------------------------+-------+
; Total registers                              ; 48    ;
; Number of registers using Synchronous Clear  ; 0     ;
; Number of registers using Synchronous Load   ; 42    ;
; Number of registers using Asynchronous Clear ; 29    ;
; Number of registers using Asynchronous Load  ; 0     ;
; Number of registers using Clock Enable       ; 24    ;
; Number of registers using Preset             ; 0     ;
+----------------------------------------------+-------+


+------------------------------------------------------------------------------------------------------+
; Parameter Settings for User Entity Instance: lpm_constant0:inst2|lpm_constant:LPM_CONSTANT_component ;
+--------------------+------------------+--------------------------------------------------------------+
; Parameter Name     ; Value            ; Type                                                         ;
+--------------------+------------------+--------------------------------------------------------------+
; LPM_WIDTH          ; 1                ; Signed Integer                                               ;
; LPM_CVALUE         ; 1                ; Signed Integer                                               ;
; ENABLE_RUNTIME_MOD ; NO               ; Untyped                                                      ;
; CBXI_PARAMETER     ; lpm_constant_4e6 ; Untyped                                                      ;
+--------------------+------------------+--------------------------------------------------------------+
Note: In order to hide this table in the UI and the text report file, please set the "Show Parameter Settings in Synthesis Report" option in "Analysis and Synthesis Settings -> More Settings" to "Off".


+---------------------------------------------------------------------------------------------------+
; Parameter Settings for User Entity Instance: lpm_counter2:inst9|lpm_counter:LPM_COUNTER_component ;
+------------------------+-------------+------------------------------------------------------------+
; Parameter Name         ; Value       ; Type                                                       ;
+------------------------+-------------+------------------------------------------------------------+
; AUTO_CARRY_CHAINS      ; ON          ; AUTO_CARRY                                                 ;
; IGNORE_CARRY_BUFFERS   ; OFF         ; IGNORE_CARRY                                               ;
; AUTO_CASCADE_CHAINS    ; ON          ; AUTO_CASCADE                                               ;
; IGNORE_CASCADE_BUFFERS ; OFF         ; IGNORE_CASCADE                                             ;
; LPM_WIDTH              ; 12          ; Signed Integer                                             ;
; LPM_DIRECTION          ; UP          ; Untyped                                                    ;
; LPM_MODULUS            ; 20          ; Signed Integer                                             ;
; LPM_AVALUE             ; UNUSED      ; Untyped                                                    ;
; LPM_SVALUE             ; UNUSED      ; Untyped                                                    ;
; LPM_PORT_UPDOWN        ; PORT_UNUSED ; Untyped                                                    ;
; DEVICE_FAMILY          ; Cyclone II  ; Untyped                                                    ;
; CARRY_CHAIN            ; MANUAL      ; Untyped                                                    ;
; CARRY_CHAIN_LENGTH     ; 48          ; CARRY_CHAIN_LENGTH                                         ;
; NOT_GATE_PUSH_BACK     ; ON          ; NOT_GATE_PUSH_BACK                                         ;
; CARRY_CNT_EN           ; SMART       ; Untyped                                                    ;
; LABWIDE_SCLR           ; ON          ; Untyped                                                    ;
; USE_NEW_VERSION        ; TRUE        ; Untyped                                                    ;
; CBXI_PARAMETER         ; cntr_0jk    ; Untyped                                                    ;
+------------------------+-------------+------------------------------------------------------------+
Note: In order to hide this table in the UI and the text report file, please set the "Show Parameter Settings in Synthesis Report" option in "Analysis and Synthesis Settings -> More Settings" to "Off".


+---------------------------------------------------------------------------------------------------+
; Parameter Settings for User Entity Instance: lpm_counter0:inst4|lpm_counter:LPM_COUNTER_component ;
+------------------------+-------------+------------------------------------------------------------+
; Parameter Name         ; Value       ; Type                                                       ;
+------------------------+-------------+------------------------------------------------------------+
; AUTO_CARRY_CHAINS      ; ON          ; AUTO_CARRY                                                 ;
; IGNORE_CARRY_BUFFERS   ; OFF         ; IGNORE_CARRY                                               ;
; AUTO_CASCADE_CHAINS    ; ON          ; AUTO_CASCADE                                               ;
; IGNORE_CASCADE_BUFFERS ; OFF         ; IGNORE_CASCADE                                             ;
; LPM_WIDTH              ; 13          ; Signed Integer                                             ;
; LPM_DIRECTION          ; UP          ; Untyped                                                    ;
; LPM_MODULUS            ; 400         ; Signed Integer                                             ;
; LPM_AVALUE             ; UNUSED      ; Untyped                                                    ;
; LPM_SVALUE             ; UNUSED      ; Untyped                                                    ;
; LPM_PORT_UPDOWN        ; PORT_UNUSED ; Untyped                                                    ;
; DEVICE_FAMILY          ; Cyclone II  ; Untyped                                                    ;
; CARRY_CHAIN            ; MANUAL      ; Untyped                                                    ;
; CARRY_CHAIN_LENGTH     ; 48          ; CARRY_CHAIN_LENGTH                                         ;
; NOT_GATE_PUSH_BACK     ; ON          ; NOT_GATE_PUSH_BACK                                         ;
; CARRY_CNT_EN           ; SMART       ; Untyped                                                    ;
; LABWIDE_SCLR           ; ON          ; Untyped                                                    ;
; USE_NEW_VERSION        ; TRUE        ; Untyped                                                    ;
; CBXI_PARAMETER         ; cntr_80k    ; Untyped                                                    ;
+------------------------+-------------+------------------------------------------------------------+
Note: In order to hide this table in the UI and the text report file, please set the "Show Parameter Settings in Synthesis Report" option in "Analysis and Synthesis Settings -> More Settings" to "Off".


+----------------------------------------------------------------------------------------+
; Parameter Settings for User Entity Instance: lpm_mux0:inst21|LPM_MUX:LPM_MUX_component ;
+------------------------+------------+--------------------------------------------------+
; Parameter Name         ; Value      ; Type                                             ;
+------------------------+------------+--------------------------------------------------+
; AUTO_CARRY_CHAINS      ; ON         ; AUTO_CARRY                                       ;
; IGNORE_CARRY_BUFFERS   ; OFF        ; IGNORE_CARRY                                     ;
; AUTO_CASCADE_CHAINS    ; ON         ; AUTO_CASCADE                                     ;
; IGNORE_CASCADE_BUFFERS ; OFF        ; IGNORE_CASCADE                                   ;
; LPM_WIDTH              ; 1          ; Signed Integer                                   ;
; LPM_SIZE               ; 21         ; Signed Integer                                   ;
; LPM_WIDTHS             ; 5          ; Signed Integer                                   ;
; LPM_PIPELINE           ; 0          ; Signed Integer                                   ;
; CBXI_PARAMETER         ; mux_l4e    ; Untyped                                          ;
; DEVICE_FAMILY          ; Cyclone II ; Untyped                                          ;
+------------------------+------------+--------------------------------------------------+
Note: In order to hide this table in the UI and the text report file, please set the "Show Parameter Settings in Synthesis Report" option in "Analysis and Synthesis Settings -> More Settings" to "Off".


+------------------------------------------------------------------------------------------------------+
; Parameter Settings for User Entity Instance: lpm_constant1:inst3|lpm_constant:LPM_CONSTANT_component ;
+--------------------+------------------+--------------------------------------------------------------+
; Parameter Name     ; Value            ; Type                                                         ;
+--------------------+------------------+--------------------------------------------------------------+
; LPM_WIDTH          ; 1                ; Signed Integer                                               ;
; LPM_CVALUE         ; 0                ; Signed Integer                                               ;
; ENABLE_RUNTIME_MOD ; NO               ; Untyped                                                      ;
; CBXI_PARAMETER     ; lpm_constant_3e6 ; Untyped                                                      ;
+--------------------+------------------+--------------------------------------------------------------+
Note: In order to hide this table in the UI and the text report file, please set the "Show Parameter Settings in Synthesis Report" option in "Analysis and Synthesis Settings -> More Settings" to "Off".


+---------------------------------------------------------------------------------------------------+
; Parameter Settings for User Entity Instance: lpm_counter4:inst5|lpm_counter:LPM_COUNTER_component ;
+------------------------+-------------+------------------------------------------------------------+
; Parameter Name         ; Value       ; Type                                                       ;
+------------------------+-------------+------------------------------------------------------------+
; AUTO_CARRY_CHAINS      ; ON          ; AUTO_CARRY                                                 ;
; IGNORE_CARRY_BUFFERS   ; OFF         ; IGNORE_CARRY                                               ;
; AUTO_CASCADE_CHAINS    ; ON          ; AUTO_CASCADE                                               ;
; IGNORE_CASCADE_BUFFERS ; OFF         ; IGNORE_CASCADE                                             ;
; LPM_WIDTH              ; 5           ; Signed Integer                                             ;
; LPM_DIRECTION          ; UP          ; Untyped                                                    ;
; LPM_MODULUS            ; 21          ; Signed Integer                                             ;
; LPM_AVALUE             ; UNUSED      ; Untyped                                                    ;
; LPM_SVALUE             ; UNUSED      ; Untyped                                                    ;
; LPM_PORT_UPDOWN        ; PORT_UNUSED ; Untyped                                                    ;
; DEVICE_FAMILY          ; Cyclone II  ; Untyped                                                    ;
; CARRY_CHAIN            ; MANUAL      ; Untyped                                                    ;
; CARRY_CHAIN_LENGTH     ; 48          ; CARRY_CHAIN_LENGTH                                         ;
; NOT_GATE_PUSH_BACK     ; ON          ; NOT_GATE_PUSH_BACK                                         ;
; CARRY_CNT_EN           ; SMART       ; Untyped                                                    ;
; LABWIDE_SCLR           ; ON          ; Untyped                                                    ;
; USE_NEW_VERSION        ; TRUE        ; Untyped                                                    ;
; CBXI_PARAMETER         ; cntr_7tj    ; Untyped                                                    ;
+------------------------+-------------+------------------------------------------------------------+
Note: In order to hide this table in the UI and the text report file, please set the "Show Parameter Settings in Synthesis Report" option in "Analysis and Synthesis Settings -> More Settings" to "Off".


+----------------------------------------------------------------------------------------------------+
; Parameter Settings for User Entity Instance: lpm_counter3:inst16|lpm_counter:LPM_COUNTER_component ;
+------------------------+-------------+-------------------------------------------------------------+
; Parameter Name         ; Value       ; Type                                                        ;
+------------------------+-------------+-------------------------------------------------------------+
; AUTO_CARRY_CHAINS      ; ON          ; AUTO_CARRY                                                  ;
; IGNORE_CARRY_BUFFERS   ; OFF         ; IGNORE_CARRY                                                ;
; AUTO_CASCADE_CHAINS    ; ON          ; AUTO_CASCADE                                                ;
; IGNORE_CASCADE_BUFFERS ; OFF         ; IGNORE_CASCADE                                              ;
; LPM_WIDTH              ; 12          ; Signed Integer                                              ;
; LPM_DIRECTION          ; UP          ; Untyped                                                     ;
; LPM_MODULUS            ; 10          ; Signed Integer                                              ;
; LPM_AVALUE             ; UNUSED      ; Untyped                                                     ;
; LPM_SVALUE             ; UNUSED      ; Untyped                                                     ;
; LPM_PORT_UPDOWN        ; PORT_UNUSED ; Untyped                                                     ;
; DEVICE_FAMILY          ; Cyclone II  ; Untyped                                                     ;
; CARRY_CHAIN            ; MANUAL      ; Untyped                                                     ;
; CARRY_CHAIN_LENGTH     ; 48          ; CARRY_CHAIN_LENGTH                                          ;
; NOT_GATE_PUSH_BACK     ; ON          ; NOT_GATE_PUSH_BACK                                          ;
; CARRY_CNT_EN           ; SMART       ; Untyped                                                     ;
; LABWIDE_SCLR           ; ON          ; Untyped                                                     ;
; USE_NEW_VERSION        ; TRUE        ; Untyped                                                     ;
; CBXI_PARAMETER         ; cntr_vik    ; Untyped                                                     ;
+------------------------+-------------+-------------------------------------------------------------+
Note: In order to hide this table in the UI and the text report file, please set the "Show Parameter Settings in Synthesis Report" option in "Analysis and Synthesis Settings -> More Settings" to "Off".


+-------------------------------------------------------------------------------------------------+
; Parameter Settings for User Entity Instance: lpm_decode2:inst25|lpm_decode:LPM_DECODE_component ;
+------------------------+------------+-----------------------------------------------------------+
; Parameter Name         ; Value      ; Type                                                      ;
+------------------------+------------+-----------------------------------------------------------+
; LPM_WIDTH              ; 8          ; Signed Integer                                            ;
; LPM_DECODES            ; 256        ; Signed Integer                                            ;
; LPM_PIPELINE           ; 0          ; Untyped                                                   ;
; CASCADE_CHAIN          ; MANUAL     ; Untyped                                                   ;
; DEVICE_FAMILY          ; Cyclone II ; Untyped                                                   ;
; CBXI_PARAMETER         ; decode_6af ; Untyped                                                   ;
; AUTO_CARRY_CHAINS      ; ON         ; AUTO_CARRY                                                ;
; IGNORE_CARRY_BUFFERS   ; OFF        ; IGNORE_CARRY                                              ;
; AUTO_CASCADE_CHAINS    ; ON         ; AUTO_CASCADE                                              ;
; IGNORE_CASCADE_BUFFERS ; OFF        ; IGNORE_CASCADE                                            ;
+------------------------+------------+-----------------------------------------------------------+
Note: In order to hide this table in the UI and the text report file, please set the "Show Parameter Settings in Synthesis Report" option in "Analysis and Synthesis Settings -> More Settings" to "Off".


+-------------------------------------------------------------------------------------------------+
; Parameter Settings for User Entity Instance: lpm_decode3:inst27|lpm_decode:LPM_DECODE_component ;
+------------------------+------------+-----------------------------------------------------------+
; Parameter Name         ; Value      ; Type                                                      ;
+------------------------+------------+-----------------------------------------------------------+
; LPM_WIDTH              ; 5          ; Signed Integer                                            ;
; LPM_DECODES            ; 32         ; Signed Integer                                            ;
; LPM_PIPELINE           ; 0          ; Untyped                                                   ;
; CASCADE_CHAIN          ; MANUAL     ; Untyped                                                   ;
; DEVICE_FAMILY          ; Cyclone II ; Untyped                                                   ;
; CBXI_PARAMETER         ; decode_b8f ; Untyped                                                   ;
; AUTO_CARRY_CHAINS      ; ON         ; AUTO_CARRY                                                ;
; IGNORE_CARRY_BUFFERS   ; OFF        ; IGNORE_CARRY                                              ;
; AUTO_CASCADE_CHAINS    ; ON         ; AUTO_CASCADE                                              ;
; IGNORE_CASCADE_BUFFERS ; OFF        ; IGNORE_CASCADE                                            ;
+------------------------+------------+-----------------------------------------------------------+
Note: In order to hide this table in the UI and the text report file, please set the "Show Parameter Settings in Synthesis Report" option in "Analysis and Synthesis Settings -> More Settings" to "Off".


+-------------------------------------------------------------------------------------------------+
; Parameter Settings for User Entity Instance: lpm_decode0:inst22|lpm_decode:LPM_DECODE_component ;
+------------------------+------------+-----------------------------------------------------------+
; Parameter Name         ; Value      ; Type                                                      ;
+------------------------+------------+-----------------------------------------------------------+
; LPM_WIDTH              ; 5          ; Signed Integer                                            ;
; LPM_DECODES            ; 32         ; Signed Integer                                            ;
; LPM_PIPELINE           ; 0          ; Untyped                                                   ;
; CASCADE_CHAIN          ; MANUAL     ; Untyped                                                   ;
; DEVICE_FAMILY          ; Cyclone II ; Untyped                                                   ;
; CBXI_PARAMETER         ; decode_b8f ; Untyped                                                   ;
; AUTO_CARRY_CHAINS      ; ON         ; AUTO_CARRY                                                ;
; IGNORE_CARRY_BUFFERS   ; OFF        ; IGNORE_CARRY                                              ;
; AUTO_CASCADE_CHAINS    ; ON         ; AUTO_CASCADE                                              ;
; IGNORE_CASCADE_BUFFERS ; OFF        ; IGNORE_CASCADE                                            ;
+------------------------+------------+-----------------------------------------------------------+
Note: In order to hide this table in the UI and the text report file, please set the "Show Parameter Settings in Synthesis Report" option in "Analysis and Synthesis Settings -> More Settings" to "Off".


+-------------------------------+
; Elapsed Time Per Partition    ;
+----------------+--------------+
; Partition Name ; Elapsed Time ;
+----------------+--------------+
; Top            ; 00:00:00     ;
+----------------+--------------+


+-------------------------------+
; Analysis & Synthesis Messages ;
+-------------------------------+
Info: *******************************************************************
Info: Running Quartus II 64-Bit Analysis & Synthesis
    Info: Version 13.0.1 Build 232 06/12/2013 Service Pack 1 SJ Web Edition
    Info: Processing started: Sat Oct 23 19:11:39 2021
Info: Command: quartus_map --read_settings_files=on --write_settings_files=off i2c -c i2c
Warning (20028): Parallel compilation is not licensed and has been disabled
Info (12021): Found 2 design units, including 1 entities, in source file lpm_counter2.vhd
    Info (12022): Found design unit 1: lpm_counter2-SYN
    Info (12023): Found entity 1: lpm_counter2
Info (12021): Found 1 design units, including 1 entities, in source file i2c.bdf
    Info (12023): Found entity 1: i2c
Info (12021): Found 2 design units, including 1 entities, in source file lpm_counter3.vhd
    Info (12022): Found design unit 1: lpm_counter3-SYN
    Info (12023): Found entity 1: lpm_counter3
Info (12021): Found 2 design units, including 1 entities, in source file lpm_mux0.vhd
    Info (12022): Found design unit 1: lpm_mux0-SYN
    Info (12023): Found entity 1: lpm_mux0
Info (12021): Found 2 design units, including 1 entities, in source file lpm_counter4.vhd
    Info (12022): Found design unit 1: lpm_counter4-SYN
    Info (12023): Found entity 1: lpm_counter4
Info (12021): Found 2 design units, including 1 entities, in source file lpm_counter5.vhd
    Info (12022): Found design unit 1: lpm_counter5-SYN
    Info (12023): Found entity 1: lpm_counter5
Info (12021): Found 2 design units, including 1 entities, in source file lpm_decode0.vhd
    Info (12022): Found design unit 1: lpm_decode0-SYN
    Info (12023): Found entity 1: lpm_decode0
Info (12021): Found 2 design units, including 1 entities, in source file lpm_decode1.vhd
    Info (12022): Found design unit 1: lpm_decode1-SYN
    Info (12023): Found entity 1: lpm_decode1
Info (12021): Found 2 design units, including 1 entities, in source file lpm_decode2.vhd
    Info (12022): Found design unit 1: lpm_decode2-SYN
    Info (12023): Found entity 1: lpm_decode2
Info (12021): Found 2 design units, including 1 entities, in source file lpm_decode3.vhd
    Info (12022): Found design unit 1: lpm_decode3-SYN
    Info (12023): Found entity 1: lpm_decode3
Info (12127): Elaborating entity "i2c" for the top level hierarchy
Warning (12125): Using design file lpm_constant0.vhd, which is not specified as a design file for the current project, but contains definitions for 2 design units and 1 entities in project
    Info (12022): Found design unit 1: lpm_constant0-SYN
    Info (12023): Found entity 1: lpm_constant0
Info (12128): Elaborating entity "lpm_constant0" for hierarchy "lpm_constant0:inst2"
Info (12128): Elaborating entity "lpm_constant" for hierarchy "lpm_constant0:inst2|lpm_constant:LPM_CONSTANT_component"
Info (12130): Elaborated megafunction instantiation "lpm_constant0:inst2|lpm_constant:LPM_CONSTANT_component"
Info (12133): Instantiated megafunction "lpm_constant0:inst2|lpm_constant:LPM_CONSTANT_component" with the following parameter:
    Info (12134): Parameter "lpm_cvalue" = "1"
    Info (12134): Parameter "lpm_hint" = "ENABLE_RUNTIME_MOD=NO"
    Info (12134): Parameter "lpm_type" = "LPM_CONSTANT"
    Info (12134): Parameter "lpm_width" = "1"
Info (12128): Elaborating entity "lpm_counter2" for hierarchy "lpm_counter2:inst9"
Info (12128): Elaborating entity "lpm_counter" for hierarchy "lpm_counter2:inst9|lpm_counter:LPM_COUNTER_component"
Info (12130): Elaborated megafunction instantiation "lpm_counter2:inst9|lpm_counter:LPM_COUNTER_component"
Info (12133): Instantiated megafunction "lpm_counter2:inst9|lpm_counter:LPM_COUNTER_component" with the following parameter:
    Info (12134): Parameter "lpm_direction" = "UP"
    Info (12134): Parameter "lpm_modulus" = "20"
    Info (12134): Parameter "lpm_port_updown" = "PORT_UNUSED"
    Info (12134): Parameter "lpm_type" = "LPM_COUNTER"
    Info (12134): Parameter "lpm_width" = "12"
Info (12021): Found 1 design units, including 1 entities, in source file db/cntr_0jk.tdf
    Info (12023): Found entity 1: cntr_0jk
Info (12128): Elaborating entity "cntr_0jk" for hierarchy "lpm_counter2:inst9|lpm_counter:LPM_COUNTER_component|cntr_0jk:auto_generated"
Info (12021): Found 1 design units, including 1 entities, in source file db/cmpr_ndc.tdf
    Info (12023): Found entity 1: cmpr_ndc
Info (12128): Elaborating entity "cmpr_ndc" for hierarchy "lpm_counter2:inst9|lpm_counter:LPM_COUNTER_component|cntr_0jk:auto_generated|cmpr_ndc:cmpr2"
Warning (12125): Using design file lpm_counter0.vhd, which is not specified as a design file for the current project, but contains definitions for 2 design units and 1 entities in project
    Info (12022): Found design unit 1: lpm_counter0-SYN
    Info (12023): Found entity 1: lpm_counter0
Info (12128): Elaborating entity "lpm_counter0" for hierarchy "lpm_counter0:inst4"
Info (12128): Elaborating entity "lpm_counter" for hierarchy "lpm_counter0:inst4|lpm_counter:LPM_COUNTER_component"
Info (12130): Elaborated megafunction instantiation "lpm_counter0:inst4|lpm_counter:LPM_COUNTER_component"
Info (12133): Instantiated megafunction "lpm_counter0:inst4|lpm_counter:LPM_COUNTER_component" with the following parameter:
    Info (12134): Parameter "lpm_direction" = "UP"
    Info (12134): Parameter "lpm_modulus" = "400"
    Info (12134): Parameter "lpm_port_updown" = "PORT_UNUSED"
    Info (12134): Parameter "lpm_type" = "LPM_COUNTER"
    Info (12134): Parameter "lpm_width" = "13"
Info (12021): Found 1 design units, including 1 entities, in source file db/cntr_80k.tdf
    Info (12023): Found entity 1: cntr_80k
Info (12128): Elaborating entity "cntr_80k" for hierarchy "lpm_counter0:inst4|lpm_counter:LPM_COUNTER_component|cntr_80k:auto_generated"
Info (12021): Found 1 design units, including 1 entities, in source file db/cmpr_odc.tdf
    Info (12023): Found entity 1: cmpr_odc
Info (12128): Elaborating entity "cmpr_odc" for hierarchy "lpm_counter0:inst4|lpm_counter:LPM_COUNTER_component|cntr_80k:auto_generated|cmpr_odc:cmpr2"
Info (12128): Elaborating entity "lpm_mux0" for hierarchy "lpm_mux0:inst21"
Info (12128): Elaborating entity "LPM_MUX" for hierarchy "lpm_mux0:inst21|LPM_MUX:LPM_MUX_component"
Info (12130): Elaborated megafunction instantiation "lpm_mux0:inst21|LPM_MUX:LPM_MUX_component"
Info (12133): Instantiated megafunction "lpm_mux0:inst21|LPM_MUX:LPM_MUX_component" with the following parameter:
    Info (12134): Parameter "LPM_WIDTH" = "1"
    Info (12134): Parameter "LPM_SIZE" = "21"
    Info (12134): Parameter "LPM_WIDTHS" = "5"
    Info (12134): Parameter "LPM_PIPELINE" = "0"
    Info (12134): Parameter "LPM_TYPE" = "LPM_MUX"
    Info (12134): Parameter "LPM_HINT" = "UNUSED"
Info (12021): Found 1 design units, including 1 entities, in source file db/mux_l4e.tdf
    Info (12023): Found entity 1: mux_l4e
Info (12128): Elaborating entity "mux_l4e" for hierarchy "lpm_mux0:inst21|LPM_MUX:LPM_MUX_component|mux_l4e:auto_generated"
Warning (12125): Using design file lpm_constant1.vhd, which is not specified as a design file for the current project, but contains definitions for 2 design units and 1 entities in project
    Info (12022): Found design unit 1: lpm_constant1-SYN
    Info (12023): Found entity 1: lpm_constant1
Info (12128): Elaborating entity "lpm_constant1" for hierarchy "lpm_constant1:inst3"
Info (12128): Elaborating entity "lpm_constant" for hierarchy "lpm_constant1:inst3|lpm_constant:LPM_CONSTANT_component"
Info (12130): Elaborated megafunction instantiation "lpm_constant1:inst3|lpm_constant:LPM_CONSTANT_component"
Info (12133): Instantiated megafunction "lpm_constant1:inst3|lpm_constant:LPM_CONSTANT_component" with the following parameter:
    Info (12134): Parameter "lpm_cvalue" = "0"
    Info (12134): Parameter "lpm_hint" = "ENABLE_RUNTIME_MOD=NO"
    Info (12134): Parameter "lpm_type" = "LPM_CONSTANT"
    Info (12134): Parameter "lpm_width" = "1"
Info (12128): Elaborating entity "lpm_counter4" for hierarchy "lpm_counter4:inst5"
Info (12128): Elaborating entity "lpm_counter" for hierarchy "lpm_counter4:inst5|lpm_counter:LPM_COUNTER_component"
Info (12130): Elaborated megafunction instantiation "lpm_counter4:inst5|lpm_counter:LPM_COUNTER_component"
Info (12133): Instantiated megafunction "lpm_counter4:inst5|lpm_counter:LPM_COUNTER_component" with the following parameter:
    Info (12134): Parameter "lpm_direction" = "UP"
    Info (12134): Parameter "lpm_modulus" = "21"
    Info (12134): Parameter "lpm_port_updown" = "PORT_UNUSED"
    Info (12134): Parameter "lpm_type" = "LPM_COUNTER"
    Info (12134): Parameter "lpm_width" = "5"
Info (12021): Found 1 design units, including 1 entities, in source file db/cntr_7tj.tdf
    Info (12023): Found entity 1: cntr_7tj
Info (12128): Elaborating entity "cntr_7tj" for hierarchy "lpm_counter4:inst5|lpm_counter:LPM_COUNTER_component|cntr_7tj:auto_generated"
Info (12021): Found 1 design units, including 1 entities, in source file db/cmpr_9cc.tdf
    Info (12023): Found entity 1: cmpr_9cc
Info (12128): Elaborating entity "cmpr_9cc" for hierarchy "lpm_counter4:inst5|lpm_counter:LPM_COUNTER_component|cntr_7tj:auto_generated|cmpr_9cc:cmpr2"
Info (12128): Elaborating entity "lpm_counter3" for hierarchy "lpm_counter3:inst16"
Info (12128): Elaborating entity "lpm_counter" for hierarchy "lpm_counter3:inst16|lpm_counter:LPM_COUNTER_component"
Info (12130): Elaborated megafunction instantiation "lpm_counter3:inst16|lpm_counter:LPM_COUNTER_component"
Info (12133): Instantiated megafunction "lpm_counter3:inst16|lpm_counter:LPM_COUNTER_component" with the following parameter:
    Info (12134): Parameter "lpm_direction" = "UP"
    Info (12134): Parameter "lpm_modulus" = "10"
    Info (12134): Parameter "lpm_port_updown" = "PORT_UNUSED"
    Info (12134): Parameter "lpm_type" = "LPM_COUNTER"
    Info (12134): Parameter "lpm_width" = "12"
Info (12021): Found 1 design units, including 1 entities, in source file db/cntr_vik.tdf
    Info (12023): Found entity 1: cntr_vik
Info (12128): Elaborating entity "cntr_vik" for hierarchy "lpm_counter3:inst16|lpm_counter:LPM_COUNTER_component|cntr_vik:auto_generated"
Info (12128): Elaborating entity "lpm_decode2" for hierarchy "lpm_decode2:inst25"
Info (12128): Elaborating entity "lpm_decode" for hierarchy "lpm_decode2:inst25|lpm_decode:LPM_DECODE_component"
Info (12130): Elaborated megafunction instantiation "lpm_decode2:inst25|lpm_decode:LPM_DECODE_component"
Info (12133): Instantiated megafunction "lpm_decode2:inst25|lpm_decode:LPM_DECODE_component" with the following parameter:
    Info (12134): Parameter "lpm_decodes" = "256"
    Info (12134): Parameter "lpm_type" = "LPM_DECODE"
    Info (12134): Parameter "lpm_width" = "8"
Info (12021): Found 1 design units, including 1 entities, in source file db/decode_6af.tdf
    Info (12023): Found entity 1: decode_6af
Info (12128): Elaborating entity "decode_6af" for hierarchy "lpm_decode2:inst25|lpm_decode:LPM_DECODE_component|decode_6af:auto_generated"
Info (12128): Elaborating entity "lpm_decode3" for hierarchy "lpm_decode3:inst27"
Info (12128): Elaborating entity "lpm_decode" for hierarchy "lpm_decode3:inst27|lpm_decode:LPM_DECODE_component"
Info (12130): Elaborated megafunction instantiation "lpm_decode3:inst27|lpm_decode:LPM_DECODE_component"
Info (12133): Instantiated megafunction "lpm_decode3:inst27|lpm_decode:LPM_DECODE_component" with the following parameter:
    Info (12134): Parameter "lpm_decodes" = "32"
    Info (12134): Parameter "lpm_type" = "LPM_DECODE"
    Info (12134): Parameter "lpm_width" = "5"
Info (12021): Found 1 design units, including 1 entities, in source file db/decode_b8f.tdf
    Info (12023): Found entity 1: decode_b8f
Info (12128): Elaborating entity "decode_b8f" for hierarchy "lpm_decode3:inst27|lpm_decode:LPM_DECODE_component|decode_b8f:auto_generated"
Info (12128): Elaborating entity "lpm_decode0" for hierarchy "lpm_decode0:inst22"
Info (12128): Elaborating entity "lpm_decode" for hierarchy "lpm_decode0:inst22|lpm_decode:LPM_DECODE_component"
Info (12130): Elaborated megafunction instantiation "lpm_decode0:inst22|lpm_decode:LPM_DECODE_component"
Info (12133): Instantiated megafunction "lpm_decode0:inst22|lpm_decode:LPM_DECODE_component" with the following parameter:
    Info (12134): Parameter "lpm_decodes" = "32"
    Info (12134): Parameter "lpm_type" = "LPM_DECODE"
    Info (12134): Parameter "lpm_width" = "5"
Info (16010): Generating hard_block partition "hard_block:auto_generated_inst"
    Info (16011): Adding 0 node(s), including 0 DDIO, 0 PLL, 0 transceiver and 0 LCELL
Info (21057): Implemented 101 device resources after synthesis - the final resource count might be different
    Info (21058): Implemented 9 input pins
    Info (21059): Implemented 9 output pins
    Info (21061): Implemented 83 logic cells
Info: Quartus II 64-Bit Analysis & Synthesis was successful. 0 errors, 4 warnings
    Info: Peak virtual memory: 4665 megabytes
    Info: Processing ended: Sat Oct 23 19:11:41 2021
    Info: Elapsed time: 00:00:02
    Info: Total CPU time (on all processors): 00:00:02


